CRITICAL - 2021-09-25 20:29:08 --> 22 : The requested URL returned error: 500 Internal Server Error
#0 /home/fmkiddo/git/project.asman/engine/HTTP/CURLRequest.php(821): CodeIgniter\HTTP\Exceptions\HTTPException::forCurlError('22', 'The requested U...')
#1 /home/fmkiddo/git/project.asman/engine/HTTP/CURLRequest.php(449): CodeIgniter\HTTP\CURLRequest->sendRequest(Array)
#2 /home/fmkiddo/git/project.asman/engine/HTTP/CURLRequest.php(158): CodeIgniter\HTTP\CURLRequest->send('put', 'http://localhos...')
#3 /home/fmkiddo/git/project.asman/engine/HTTP/CURLRequest.php(265): CodeIgniter\HTTP\CURLRequest->request('put', 'http://localhos...', Array)
#4 /home/fmkiddo/git/project.asman/core/Controllers/BaseController.php(77): CodeIgniter\HTTP\CURLRequest->put('http://localhos...', Array)
#5 /home/fmkiddo/git/project.asman/core/Controllers/FrontendRequestController.php(115): App\Controllers\BaseController->dataRequest(Array)
#6 /home/fmkiddo/git/project.asman/engine/CodeIgniter.php(918): App\Controllers\FrontendRequestController->ajaxRequest()
#7 /home/fmkiddo/git/project.asman/engine/CodeIgniter.php(404): CodeIgniter\CodeIgniter->runController(Object(App\Controllers\FrontendRequestController))
#8 /home/fmkiddo/git/project.asman/engine/CodeIgniter.php(312): CodeIgniter\CodeIgniter->handleRequest(NULL, Object(Config\Cache), false)
#9 /home/fmkiddo/git/project.asman/public/index.php(45): CodeIgniter\CodeIgniter->run()
#10 {main}
CRITICAL - 2021-09-25 20:29:11 --> 22 : The requested URL returned error: 500 Internal Server Error
#0 /home/fmkiddo/git/project.asman/engine/HTTP/CURLRequest.php(821): CodeIgniter\HTTP\Exceptions\HTTPException::forCurlError('22', 'The requested U...')
#1 /home/fmkiddo/git/project.asman/engine/HTTP/CURLRequest.php(449): CodeIgniter\HTTP\CURLRequest->sendRequest(Array)
#2 /home/fmkiddo/git/project.asman/engine/HTTP/CURLRequest.php(158): CodeIgniter\HTTP\CURLRequest->send('put', 'http://localhos...')
#3 /home/fmkiddo/git/project.asman/engine/HTTP/CURLRequest.php(265): CodeIgniter\HTTP\CURLRequest->request('put', 'http://localhos...', Array)
#4 /home/fmkiddo/git/project.asman/core/Controllers/BaseController.php(77): CodeIgniter\HTTP\CURLRequest->put('http://localhos...', Array)
#5 /home/fmkiddo/git/project.asman/core/Controllers/FrontendRequestController.php(115): App\Controllers\BaseController->dataRequest(Array)
#6 /home/fmkiddo/git/project.asman/engine/CodeIgniter.php(918): App\Controllers\FrontendRequestController->ajaxRequest()
#7 /home/fmkiddo/git/project.asman/engine/CodeIgniter.php(404): CodeIgniter\CodeIgniter->runController(Object(App\Controllers\FrontendRequestController))
#8 /home/fmkiddo/git/project.asman/engine/CodeIgniter.php(312): CodeIgniter\CodeIgniter->handleRequest(NULL, Object(Config\Cache), false)
#9 /home/fmkiddo/git/project.asman/public/index.php(45): CodeIgniter\CodeIgniter->run()
#10 {main}
CRITICAL - 2021-09-25 20:30:42 --> 22 : The requested URL returned error: 500 Internal Server Error
#0 /home/fmkiddo/git/project.asman/engine/HTTP/CURLRequest.php(821): CodeIgniter\HTTP\Exceptions\HTTPException::forCurlError('22', 'The requested U...')
#1 /home/fmkiddo/git/project.asman/engine/HTTP/CURLRequest.php(449): CodeIgniter\HTTP\CURLRequest->sendRequest(Array)
#2 /home/fmkiddo/git/project.asman/engine/HTTP/CURLRequest.php(158): CodeIgniter\HTTP\CURLRequest->send('put', 'http://localhos...')
#3 /home/fmkiddo/git/project.asman/engine/HTTP/CURLRequest.php(265): CodeIgniter\HTTP\CURLRequest->request('put', 'http://localhos...', Array)
#4 /home/fmkiddo/git/project.asman/core/Controllers/BaseController.php(77): CodeIgniter\HTTP\CURLRequest->put('http://localhos...', Array)
#5 /home/fmkiddo/git/project.asman/core/Controllers/FrontendRequestController.php(115): App\Controllers\BaseController->dataRequest(Array)
#6 /home/fmkiddo/git/project.asman/engine/CodeIgniter.php(918): App\Controllers\FrontendRequestController->ajaxRequest()
#7 /home/fmkiddo/git/project.asman/engine/CodeIgniter.php(404): CodeIgniter\CodeIgniter->runController(Object(App\Controllers\FrontendRequestController))
#8 /home/fmkiddo/git/project.asman/engine/CodeIgniter.php(312): CodeIgniter\CodeIgniter->handleRequest(NULL, Object(Config\Cache), false)
#9 /home/fmkiddo/git/project.asman/public/index.php(45): CodeIgniter\CodeIgniter->run()
#10 {main}
CRITICAL - 2021-09-25 20:30:55 --> 22 : The requested URL returned error: 500 Internal Server Error
#0 /home/fmkiddo/git/project.asman/engine/HTTP/CURLRequest.php(821): CodeIgniter\HTTP\Exceptions\HTTPException::forCurlError('22', 'The requested U...')
#1 /home/fmkiddo/git/project.asman/engine/HTTP/CURLRequest.php(449): CodeIgniter\HTTP\CURLRequest->sendRequest(Array)
#2 /home/fmkiddo/git/project.asman/engine/HTTP/CURLRequest.php(158): CodeIgniter\HTTP\CURLRequest->send('put', 'http://localhos...')
#3 /home/fmkiddo/git/project.asman/engine/HTTP/CURLRequest.php(265): CodeIgniter\HTTP\CURLRequest->request('put', 'http://localhos...', Array)
#4 /home/fmkiddo/git/project.asman/core/Controllers/BaseController.php(77): CodeIgniter\HTTP\CURLRequest->put('http://localhos...', Array)
#5 /home/fmkiddo/git/project.asman/core/Controllers/FrontendRequestController.php(115): App\Controllers\BaseController->dataRequest(Array)
#6 /home/fmkiddo/git/project.asman/engine/CodeIgniter.php(918): App\Controllers\FrontendRequestController->ajaxRequest()
#7 /home/fmkiddo/git/project.asman/engine/CodeIgniter.php(404): CodeIgniter\CodeIgniter->runController(Object(App\Controllers\FrontendRequestController))
#8 /home/fmkiddo/git/project.asman/engine/CodeIgniter.php(312): CodeIgniter\CodeIgniter->handleRequest(NULL, Object(Config\Cache), false)
#9 /home/fmkiddo/git/project.asman/public/index.php(45): CodeIgniter\CodeIgniter->run()
#10 {main}
CRITICAL - 2021-09-25 20:47:11 --> 22 : The requested URL returned error: 500 Internal Server Error
#0 /home/fmkiddo/git/project.asman/engine/HTTP/CURLRequest.php(821): CodeIgniter\HTTP\Exceptions\HTTPException::forCurlError('22', 'The requested U...')
#1 /home/fmkiddo/git/project.asman/engine/HTTP/CURLRequest.php(449): CodeIgniter\HTTP\CURLRequest->sendRequest(Array)
#2 /home/fmkiddo/git/project.asman/engine/HTTP/CURLRequest.php(158): CodeIgniter\HTTP\CURLRequest->send('put', 'http://localhos...')
#3 /home/fmkiddo/git/project.asman/engine/HTTP/CURLRequest.php(265): CodeIgniter\HTTP\CURLRequest->request('put', 'http://localhos...', Array)
#4 /home/fmkiddo/git/project.asman/core/Controllers/BaseController.php(77): CodeIgniter\HTTP\CURLRequest->put('http://localhos...', Array)
#5 /home/fmkiddo/git/project.asman/core/Controllers/FrontendRequestController.php(115): App\Controllers\BaseController->dataRequest(Array)
#6 /home/fmkiddo/git/project.asman/engine/CodeIgniter.php(918): App\Controllers\FrontendRequestController->ajaxRequest()
#7 /home/fmkiddo/git/project.asman/engine/CodeIgniter.php(404): CodeIgniter\CodeIgniter->runController(Object(App\Controllers\FrontendRequestController))
#8 /home/fmkiddo/git/project.asman/engine/CodeIgniter.php(312): CodeIgniter\CodeIgniter->handleRequest(NULL, Object(Config\Cache), false)
#9 /home/fmkiddo/git/project.asman/public/index.php(45): CodeIgniter\CodeIgniter->run()
#10 {main}
CRITICAL - 2021-09-25 20:47:27 --> 22 : The requested URL returned error: 500 Internal Server Error
#0 /home/fmkiddo/git/project.asman/engine/HTTP/CURLRequest.php(821): CodeIgniter\HTTP\Exceptions\HTTPException::forCurlError('22', 'The requested U...')
#1 /home/fmkiddo/git/project.asman/engine/HTTP/CURLRequest.php(449): CodeIgniter\HTTP\CURLRequest->sendRequest(Array)
#2 /home/fmkiddo/git/project.asman/engine/HTTP/CURLRequest.php(158): CodeIgniter\HTTP\CURLRequest->send('put', 'http://localhos...')
#3 /home/fmkiddo/git/project.asman/engine/HTTP/CURLRequest.php(265): CodeIgniter\HTTP\CURLRequest->request('put', 'http://localhos...', Array)
#4 /home/fmkiddo/git/project.asman/core/Controllers/BaseController.php(77): CodeIgniter\HTTP\CURLRequest->put('http://localhos...', Array)
#5 /home/fmkiddo/git/project.asman/core/Controllers/FrontendRequestController.php(115): App\Controllers\BaseController->dataRequest(Array)
#6 /home/fmkiddo/git/project.asman/engine/CodeIgniter.php(918): App\Controllers\FrontendRequestController->ajaxRequest()
#7 /home/fmkiddo/git/project.asman/engine/CodeIgniter.php(404): CodeIgniter\CodeIgniter->runController(Object(App\Controllers\FrontendRequestController))
#8 /home/fmkiddo/git/project.asman/engine/CodeIgniter.php(312): CodeIgniter\CodeIgniter->handleRequest(NULL, Object(Config\Cache), false)
#9 /home/fmkiddo/git/project.asman/public/index.php(45): CodeIgniter\CodeIgniter->run()
#10 {main}
CRITICAL - 2021-09-25 20:47:40 --> 22 : The requested URL returned error: 500 Internal Server Error
#0 /home/fmkiddo/git/project.asman/engine/HTTP/CURLRequest.php(821): CodeIgniter\HTTP\Exceptions\HTTPException::forCurlError('22', 'The requested U...')
#1 /home/fmkiddo/git/project.asman/engine/HTTP/CURLRequest.php(449): CodeIgniter\HTTP\CURLRequest->sendRequest(Array)
#2 /home/fmkiddo/git/project.asman/engine/HTTP/CURLRequest.php(158): CodeIgniter\HTTP\CURLRequest->send('put', 'http://localhos...')
#3 /home/fmkiddo/git/project.asman/engine/HTTP/CURLRequest.php(265): CodeIgniter\HTTP\CURLRequest->request('put', 'http://localhos...', Array)
#4 /home/fmkiddo/git/project.asman/core/Controllers/BaseController.php(77): CodeIgniter\HTTP\CURLRequest->put('http://localhos...', Array)
#5 /home/fmkiddo/git/project.asman/core/Controllers/FrontendRequestController.php(115): App\Controllers\BaseController->dataRequest(Array)
#6 /home/fmkiddo/git/project.asman/engine/CodeIgniter.php(918): App\Controllers\FrontendRequestController->ajaxRequest()
#7 /home/fmkiddo/git/project.asman/engine/CodeIgniter.php(404): CodeIgniter\CodeIgniter->runController(Object(App\Controllers\FrontendRequestController))
#8 /home/fmkiddo/git/project.asman/engine/CodeIgniter.php(312): CodeIgniter\CodeIgniter->handleRequest(NULL, Object(Config\Cache), false)
#9 /home/fmkiddo/git/project.asman/public/index.php(45): CodeIgniter\CodeIgniter->run()
#10 {main}
CRITICAL - 2021-09-25 20:47:55 --> 22 : The requested URL returned error: 500 Internal Server Error
#0 /home/fmkiddo/git/project.asman/engine/HTTP/CURLRequest.php(821): CodeIgniter\HTTP\Exceptions\HTTPException::forCurlError('22', 'The requested U...')
#1 /home/fmkiddo/git/project.asman/engine/HTTP/CURLRequest.php(449): CodeIgniter\HTTP\CURLRequest->sendRequest(Array)
#2 /home/fmkiddo/git/project.asman/engine/HTTP/CURLRequest.php(158): CodeIgniter\HTTP\CURLRequest->send('put', 'http://localhos...')
#3 /home/fmkiddo/git/project.asman/engine/HTTP/CURLRequest.php(265): CodeIgniter\HTTP\CURLRequest->request('put', 'http://localhos...', Array)
#4 /home/fmkiddo/git/project.asman/core/Controllers/BaseController.php(77): CodeIgniter\HTTP\CURLRequest->put('http://localhos...', Array)
#5 /home/fmkiddo/git/project.asman/core/Controllers/FrontendRequestController.php(115): App\Controllers\BaseController->dataRequest(Array)
#6 /home/fmkiddo/git/project.asman/engine/CodeIgniter.php(918): App\Controllers\FrontendRequestController->ajaxRequest()
#7 /home/fmkiddo/git/project.asman/engine/CodeIgniter.php(404): CodeIgniter\CodeIgniter->runController(Object(App\Controllers\FrontendRequestController))
#8 /home/fmkiddo/git/project.asman/engine/CodeIgniter.php(312): CodeIgniter\CodeIgniter->handleRequest(NULL, Object(Config\Cache), false)
#9 /home/fmkiddo/git/project.asman/public/index.php(45): CodeIgniter\CodeIgniter->run()
#10 {main}
CRITICAL - 2021-09-25 20:48:01 --> 22 : The requested URL returned error: 500 Internal Server Error
#0 /home/fmkiddo/git/project.asman/engine/HTTP/CURLRequest.php(821): CodeIgniter\HTTP\Exceptions\HTTPException::forCurlError('22', 'The requested U...')
#1 /home/fmkiddo/git/project.asman/engine/HTTP/CURLRequest.php(449): CodeIgniter\HTTP\CURLRequest->sendRequest(Array)
#2 /home/fmkiddo/git/project.asman/engine/HTTP/CURLRequest.php(158): CodeIgniter\HTTP\CURLRequest->send('put', 'http://localhos...')
#3 /home/fmkiddo/git/project.asman/engine/HTTP/CURLRequest.php(265): CodeIgniter\HTTP\CURLRequest->request('put', 'http://localhos...', Array)
#4 /home/fmkiddo/git/project.asman/core/Controllers/BaseController.php(77): CodeIgniter\HTTP\CURLRequest->put('http://localhos...', Array)
#5 /home/fmkiddo/git/project.asman/core/Controllers/FrontendRequestController.php(115): App\Controllers\BaseController->dataRequest(Array)
#6 /home/fmkiddo/git/project.asman/engine/CodeIgniter.php(918): App\Controllers\FrontendRequestController->ajaxRequest()
#7 /home/fmkiddo/git/project.asman/engine/CodeIgniter.php(404): CodeIgniter\CodeIgniter->runController(Object(App\Controllers\FrontendRequestController))
#8 /home/fmkiddo/git/project.asman/engine/CodeIgniter.php(312): CodeIgniter\CodeIgniter->handleRequest(NULL, Object(Config\Cache), false)
#9 /home/fmkiddo/git/project.asman/public/index.php(45): CodeIgniter\CodeIgniter->run()
#10 {main}
CRITICAL - 2021-09-25 20:48:21 --> 22 : The requested URL returned error: 500 Internal Server Error
#0 /home/fmkiddo/git/project.asman/engine/HTTP/CURLRequest.php(821): CodeIgniter\HTTP\Exceptions\HTTPException::forCurlError('22', 'The requested U...')
#1 /home/fmkiddo/git/project.asman/engine/HTTP/CURLRequest.php(449): CodeIgniter\HTTP\CURLRequest->sendRequest(Array)
#2 /home/fmkiddo/git/project.asman/engine/HTTP/CURLRequest.php(158): CodeIgniter\HTTP\CURLRequest->send('put', 'http://localhos...')
#3 /home/fmkiddo/git/project.asman/engine/HTTP/CURLRequest.php(265): CodeIgniter\HTTP\CURLRequest->request('put', 'http://localhos...', Array)
#4 /home/fmkiddo/git/project.asman/core/Controllers/BaseController.php(77): CodeIgniter\HTTP\CURLRequest->put('http://localhos...', Array)
#5 /home/fmkiddo/git/project.asman/core/Controllers/FrontendRequestController.php(115): App\Controllers\BaseController->dataRequest(Array)
#6 /home/fmkiddo/git/project.asman/engine/CodeIgniter.php(918): App\Controllers\FrontendRequestController->ajaxRequest()
#7 /home/fmkiddo/git/project.asman/engine/CodeIgniter.php(404): CodeIgniter\CodeIgniter->runController(Object(App\Controllers\FrontendRequestController))
#8 /home/fmkiddo/git/project.asman/engine/CodeIgniter.php(312): CodeIgniter\CodeIgniter->handleRequest(NULL, Object(Config\Cache), false)
#9 /home/fmkiddo/git/project.asman/public/index.php(45): CodeIgniter\CodeIgniter->run()
#10 {main}
CRITICAL - 2021-09-25 20:48:29 --> 22 : The requested URL returned error: 500 Internal Server Error
#0 /home/fmkiddo/git/project.asman/engine/HTTP/CURLRequest.php(821): CodeIgniter\HTTP\Exceptions\HTTPException::forCurlError('22', 'The requested U...')
#1 /home/fmkiddo/git/project.asman/engine/HTTP/CURLRequest.php(449): CodeIgniter\HTTP\CURLRequest->sendRequest(Array)
#2 /home/fmkiddo/git/project.asman/engine/HTTP/CURLRequest.php(158): CodeIgniter\HTTP\CURLRequest->send('put', 'http://localhos...')
#3 /home/fmkiddo/git/project.asman/engine/HTTP/CURLRequest.php(265): CodeIgniter\HTTP\CURLRequest->request('put', 'http://localhos...', Array)
#4 /home/fmkiddo/git/project.asman/core/Controllers/BaseController.php(77): CodeIgniter\HTTP\CURLRequest->put('http://localhos...', Array)
#5 /home/fmkiddo/git/project.asman/core/Controllers/FrontendRequestController.php(115): App\Controllers\BaseController->dataRequest(Array)
#6 /home/fmkiddo/git/project.asman/engine/CodeIgniter.php(918): App\Controllers\FrontendRequestController->ajaxRequest()
#7 /home/fmkiddo/git/project.asman/engine/CodeIgniter.php(404): CodeIgniter\CodeIgniter->runController(Object(App\Controllers\FrontendRequestController))
#8 /home/fmkiddo/git/project.asman/engine/CodeIgniter.php(312): CodeIgniter\CodeIgniter->handleRequest(NULL, Object(Config\Cache), false)
#9 /home/fmkiddo/git/project.asman/public/index.php(45): CodeIgniter\CodeIgniter->run()
#10 {main}
CRITICAL - 2021-09-25 20:48:52 --> 22 : The requested URL returned error: 500 Internal Server Error
#0 /home/fmkiddo/git/project.asman/engine/HTTP/CURLRequest.php(821): CodeIgniter\HTTP\Exceptions\HTTPException::forCurlError('22', 'The requested U...')
#1 /home/fmkiddo/git/project.asman/engine/HTTP/CURLRequest.php(449): CodeIgniter\HTTP\CURLRequest->sendRequest(Array)
#2 /home/fmkiddo/git/project.asman/engine/HTTP/CURLRequest.php(158): CodeIgniter\HTTP\CURLRequest->send('put', 'http://localhos...')
#3 /home/fmkiddo/git/project.asman/engine/HTTP/CURLRequest.php(265): CodeIgniter\HTTP\CURLRequest->request('put', 'http://localhos...', Array)
#4 /home/fmkiddo/git/project.asman/core/Controllers/BaseController.php(77): CodeIgniter\HTTP\CURLRequest->put('http://localhos...', Array)
#5 /home/fmkiddo/git/project.asman/core/Controllers/FrontendRequestController.php(115): App\Controllers\BaseController->dataRequest(Array)
#6 /home/fmkiddo/git/project.asman/engine/CodeIgniter.php(918): App\Controllers\FrontendRequestController->ajaxRequest()
#7 /home/fmkiddo/git/project.asman/engine/CodeIgniter.php(404): CodeIgniter\CodeIgniter->runController(Object(App\Controllers\FrontendRequestController))
#8 /home/fmkiddo/git/project.asman/engine/CodeIgniter.php(312): CodeIgniter\CodeIgniter->handleRequest(NULL, Object(Config\Cache), false)
#9 /home/fmkiddo/git/project.asman/public/index.php(45): CodeIgniter\CodeIgniter->run()
#10 {main}
CRITICAL - 2021-09-25 20:49:27 --> 22 : The requested URL returned error: 500 Internal Server Error
#0 /home/fmkiddo/git/project.asman/engine/HTTP/CURLRequest.php(821): CodeIgniter\HTTP\Exceptions\HTTPException::forCurlError('22', 'The requested U...')
#1 /home/fmkiddo/git/project.asman/engine/HTTP/CURLRequest.php(449): CodeIgniter\HTTP\CURLRequest->sendRequest(Array)
#2 /home/fmkiddo/git/project.asman/engine/HTTP/CURLRequest.php(158): CodeIgniter\HTTP\CURLRequest->send('put', 'http://localhos...')
#3 /home/fmkiddo/git/project.asman/engine/HTTP/CURLRequest.php(265): CodeIgniter\HTTP\CURLRequest->request('put', 'http://localhos...', Array)
#4 /home/fmkiddo/git/project.asman/core/Controllers/BaseController.php(77): CodeIgniter\HTTP\CURLRequest->put('http://localhos...', Array)
#5 /home/fmkiddo/git/project.asman/core/Controllers/FrontendRequestController.php(115): App\Controllers\BaseController->dataRequest(Array)
#6 /home/fmkiddo/git/project.asman/engine/CodeIgniter.php(918): App\Controllers\FrontendRequestController->ajaxRequest()
#7 /home/fmkiddo/git/project.asman/engine/CodeIgniter.php(404): CodeIgniter\CodeIgniter->runController(Object(App\Controllers\FrontendRequestController))
#8 /home/fmkiddo/git/project.asman/engine/CodeIgniter.php(312): CodeIgniter\CodeIgniter->handleRequest(NULL, Object(Config\Cache), false)
#9 /home/fmkiddo/git/project.asman/public/index.php(45): CodeIgniter\CodeIgniter->run()
#10 {main}
CRITICAL - 2021-09-25 20:50:01 --> 22 : The requested URL returned error: 500 Internal Server Error
#0 /home/fmkiddo/git/project.asman/engine/HTTP/CURLRequest.php(821): CodeIgniter\HTTP\Exceptions\HTTPException::forCurlError('22', 'The requested U...')
#1 /home/fmkiddo/git/project.asman/engine/HTTP/CURLRequest.php(449): CodeIgniter\HTTP\CURLRequest->sendRequest(Array)
#2 /home/fmkiddo/git/project.asman/engine/HTTP/CURLRequest.php(158): CodeIgniter\HTTP\CURLRequest->send('put', 'http://localhos...')
#3 /home/fmkiddo/git/project.asman/engine/HTTP/CURLRequest.php(265): CodeIgniter\HTTP\CURLRequest->request('put', 'http://localhos...', Array)
#4 /home/fmkiddo/git/project.asman/core/Controllers/BaseController.php(77): CodeIgniter\HTTP\CURLRequest->put('http://localhos...', Array)
#5 /home/fmkiddo/git/project.asman/core/Controllers/FrontendRequestController.php(115): App\Controllers\BaseController->dataRequest(Array)
#6 /home/fmkiddo/git/project.asman/engine/CodeIgniter.php(918): App\Controllers\FrontendRequestController->ajaxRequest()
#7 /home/fmkiddo/git/project.asman/engine/CodeIgniter.php(404): CodeIgniter\CodeIgniter->runController(Object(App\Controllers\FrontendRequestController))
#8 /home/fmkiddo/git/project.asman/engine/CodeIgniter.php(312): CodeIgniter\CodeIgniter->handleRequest(NULL, Object(Config\Cache), false)
#9 /home/fmkiddo/git/project.asman/public/index.php(45): CodeIgniter\CodeIgniter->run()
#10 {main}
CRITICAL - 2021-09-25 20:50:10 --> 22 : The requested URL returned error: 500 Internal Server Error
#0 /home/fmkiddo/git/project.asman/engine/HTTP/CURLRequest.php(821): CodeIgniter\HTTP\Exceptions\HTTPException::forCurlError('22', 'The requested U...')
#1 /home/fmkiddo/git/project.asman/engine/HTTP/CURLRequest.php(449): CodeIgniter\HTTP\CURLRequest->sendRequest(Array)
#2 /home/fmkiddo/git/project.asman/engine/HTTP/CURLRequest.php(158): CodeIgniter\HTTP\CURLRequest->send('put', 'http://localhos...')
#3 /home/fmkiddo/git/project.asman/engine/HTTP/CURLRequest.php(265): CodeIgniter\HTTP\CURLRequest->request('put', 'http://localhos...', Array)
#4 /home/fmkiddo/git/project.asman/core/Controllers/BaseController.php(77): CodeIgniter\HTTP\CURLRequest->put('http://localhos...', Array)
#5 /home/fmkiddo/git/project.asman/core/Controllers/FrontendRequestController.php(115): App\Controllers\BaseController->dataRequest(Array)
#6 /home/fmkiddo/git/project.asman/engine/CodeIgniter.php(918): App\Controllers\FrontendRequestController->ajaxRequest()
#7 /home/fmkiddo/git/project.asman/engine/CodeIgniter.php(404): CodeIgniter\CodeIgniter->runController(Object(App\Controllers\FrontendRequestController))
#8 /home/fmkiddo/git/project.asman/engine/CodeIgniter.php(312): CodeIgniter\CodeIgniter->handleRequest(NULL, Object(Config\Cache), false)
#9 /home/fmkiddo/git/project.asman/public/index.php(45): CodeIgniter\CodeIgniter->run()
#10 {main}
CRITICAL - 2021-09-25 20:50:18 --> 22 : The requested URL returned error: 500 Internal Server Error
#0 /home/fmkiddo/git/project.asman/engine/HTTP/CURLRequest.php(821): CodeIgniter\HTTP\Exceptions\HTTPException::forCurlError('22', 'The requested U...')
#1 /home/fmkiddo/git/project.asman/engine/HTTP/CURLRequest.php(449): CodeIgniter\HTTP\CURLRequest->sendRequest(Array)
#2 /home/fmkiddo/git/project.asman/engine/HTTP/CURLRequest.php(158): CodeIgniter\HTTP\CURLRequest->send('put', 'http://localhos...')
#3 /home/fmkiddo/git/project.asman/engine/HTTP/CURLRequest.php(265): CodeIgniter\HTTP\CURLRequest->request('put', 'http://localhos...', Array)
#4 /home/fmkiddo/git/project.asman/core/Controllers/BaseController.php(77): CodeIgniter\HTTP\CURLRequest->put('http://localhos...', Array)
#5 /home/fmkiddo/git/project.asman/core/Controllers/FrontendRequestController.php(115): App\Controllers\BaseController->dataRequest(Array)
#6 /home/fmkiddo/git/project.asman/engine/CodeIgniter.php(918): App\Controllers\FrontendRequestController->ajaxRequest()
#7 /home/fmkiddo/git/project.asman/engine/CodeIgniter.php(404): CodeIgniter\CodeIgniter->runController(Object(App\Controllers\FrontendRequestController))
#8 /home/fmkiddo/git/project.asman/engine/CodeIgniter.php(312): CodeIgniter\CodeIgniter->handleRequest(NULL, Object(Config\Cache), false)
#9 /home/fmkiddo/git/project.asman/public/index.php(45): CodeIgniter\CodeIgniter->run()
#10 {main}
