CRITICAL - 2021-11-23 11:49:15 --> 22 : The requested URL returned error: 500 Internal Server Error
#0 /home/fmkiddo/git/project.asman/cores/engine/HTTP/CURLRequest.php(821): CodeIgniter\HTTP\Exceptions\HTTPException::forCurlError('22', 'The requested U...')
#1 /home/fmkiddo/git/project.asman/cores/engine/HTTP/CURLRequest.php(449): CodeIgniter\HTTP\CURLRequest->sendRequest(Array)
#2 /home/fmkiddo/git/project.asman/cores/engine/HTTP/CURLRequest.php(158): CodeIgniter\HTTP\CURLRequest->send('put', 'http://localhos...')
#3 /home/fmkiddo/git/project.asman/cores/engine/HTTP/CURLRequest.php(265): CodeIgniter\HTTP\CURLRequest->request('put', 'http://localhos...', Array)
#4 /home/fmkiddo/git/project.asman/cores/assetmanager/core/Controllers/FrontpageController.php(33): CodeIgniter\HTTP\CURLRequest->put('http://localhos...', Array)
#5 /home/fmkiddo/git/project.asman/cores/assetmanager/core/Controllers/FrontpageController.php(97): App\Controllers\FrontpageController->clientCheck(Array)
#6 /home/fmkiddo/git/project.asman/cores/assetmanager/core/Controllers/FrontpageController.php(138): App\Controllers\FrontpageController->isAdminUserSet()
#7 /home/fmkiddo/git/project.asman/cores/engine/CodeIgniter.php(918): App\Controllers\FrontpageController->authentication()
#8 /home/fmkiddo/git/project.asman/cores/engine/CodeIgniter.php(404): CodeIgniter\CodeIgniter->runController(Object(App\Controllers\FrontpageController))
#9 /home/fmkiddo/git/project.asman/cores/engine/CodeIgniter.php(312): CodeIgniter\CodeIgniter->handleRequest(NULL, Object(Config\Cache), false)
#10 /home/fmkiddo/git/project.asman/subs/assets-manager/index.php(45): CodeIgniter\CodeIgniter->run()
#11 {main}
CRITICAL - 2021-11-23 13:01:33 --> 22 : The requested URL returned error: 500 Internal Server Error
#0 /home/fmkiddo/git/project.asman/cores/engine/HTTP/CURLRequest.php(821): CodeIgniter\HTTP\Exceptions\HTTPException::forCurlError('22', 'The requested U...')
#1 /home/fmkiddo/git/project.asman/cores/engine/HTTP/CURLRequest.php(449): CodeIgniter\HTTP\CURLRequest->sendRequest(Array)
#2 /home/fmkiddo/git/project.asman/cores/engine/HTTP/CURLRequest.php(158): CodeIgniter\HTTP\CURLRequest->send('put', 'http://localhos...')
#3 /home/fmkiddo/git/project.asman/cores/engine/HTTP/CURLRequest.php(265): CodeIgniter\HTTP\CURLRequest->request('put', 'http://localhos...', Array)
#4 /home/fmkiddo/git/project.asman/cores/assetmanager/core/Controllers/FrontpageController.php(33): CodeIgniter\HTTP\CURLRequest->put('http://localhos...', Array)
#5 /home/fmkiddo/git/project.asman/cores/assetmanager/core/Controllers/FrontpageController.php(97): App\Controllers\FrontpageController->clientCheck(Array)
#6 /home/fmkiddo/git/project.asman/cores/assetmanager/core/Controllers/FrontpageController.php(138): App\Controllers\FrontpageController->isAdminUserSet()
#7 /home/fmkiddo/git/project.asman/cores/engine/CodeIgniter.php(918): App\Controllers\FrontpageController->authentication()
#8 /home/fmkiddo/git/project.asman/cores/engine/CodeIgniter.php(404): CodeIgniter\CodeIgniter->runController(Object(App\Controllers\FrontpageController))
#9 /home/fmkiddo/git/project.asman/cores/engine/CodeIgniter.php(312): CodeIgniter\CodeIgniter->handleRequest(NULL, Object(Config\Cache), false)
#10 /home/fmkiddo/git/project.asman/subs/assets-manager/index.php(45): CodeIgniter\CodeIgniter->run()
#11 {main}
CRITICAL - 2021-11-23 13:01:40 --> 22 : The requested URL returned error: 500 Internal Server Error
#0 /home/fmkiddo/git/project.asman/cores/engine/HTTP/CURLRequest.php(821): CodeIgniter\HTTP\Exceptions\HTTPException::forCurlError('22', 'The requested U...')
#1 /home/fmkiddo/git/project.asman/cores/engine/HTTP/CURLRequest.php(449): CodeIgniter\HTTP\CURLRequest->sendRequest(Array)
#2 /home/fmkiddo/git/project.asman/cores/engine/HTTP/CURLRequest.php(158): CodeIgniter\HTTP\CURLRequest->send('put', 'http://localhos...')
#3 /home/fmkiddo/git/project.asman/cores/engine/HTTP/CURLRequest.php(265): CodeIgniter\HTTP\CURLRequest->request('put', 'http://localhos...', Array)
#4 /home/fmkiddo/git/project.asman/cores/assetmanager/core/Controllers/FrontpageController.php(33): CodeIgniter\HTTP\CURLRequest->put('http://localhos...', Array)
#5 /home/fmkiddo/git/project.asman/cores/assetmanager/core/Controllers/FrontpageController.php(97): App\Controllers\FrontpageController->clientCheck(Array)
#6 /home/fmkiddo/git/project.asman/cores/assetmanager/core/Controllers/FrontpageController.php(138): App\Controllers\FrontpageController->isAdminUserSet()
#7 /home/fmkiddo/git/project.asman/cores/engine/CodeIgniter.php(918): App\Controllers\FrontpageController->authentication()
#8 /home/fmkiddo/git/project.asman/cores/engine/CodeIgniter.php(404): CodeIgniter\CodeIgniter->runController(Object(App\Controllers\FrontpageController))
#9 /home/fmkiddo/git/project.asman/cores/engine/CodeIgniter.php(312): CodeIgniter\CodeIgniter->handleRequest(NULL, Object(Config\Cache), false)
#10 /home/fmkiddo/git/project.asman/subs/assets-manager/index.php(45): CodeIgniter\CodeIgniter->run()
#11 {main}
CRITICAL - 2021-11-23 13:01:48 --> 22 : The requested URL returned error: 500 Internal Server Error
#0 /home/fmkiddo/git/project.asman/cores/engine/HTTP/CURLRequest.php(821): CodeIgniter\HTTP\Exceptions\HTTPException::forCurlError('22', 'The requested U...')
#1 /home/fmkiddo/git/project.asman/cores/engine/HTTP/CURLRequest.php(449): CodeIgniter\HTTP\CURLRequest->sendRequest(Array)
#2 /home/fmkiddo/git/project.asman/cores/engine/HTTP/CURLRequest.php(158): CodeIgniter\HTTP\CURLRequest->send('put', 'http://localhos...')
#3 /home/fmkiddo/git/project.asman/cores/engine/HTTP/CURLRequest.php(265): CodeIgniter\HTTP\CURLRequest->request('put', 'http://localhos...', Array)
#4 /home/fmkiddo/git/project.asman/cores/assetmanager/core/Controllers/FrontpageController.php(33): CodeIgniter\HTTP\CURLRequest->put('http://localhos...', Array)
#5 /home/fmkiddo/git/project.asman/cores/assetmanager/core/Controllers/FrontpageController.php(97): App\Controllers\FrontpageController->clientCheck(Array)
#6 /home/fmkiddo/git/project.asman/cores/assetmanager/core/Controllers/FrontpageController.php(138): App\Controllers\FrontpageController->isAdminUserSet()
#7 /home/fmkiddo/git/project.asman/cores/engine/CodeIgniter.php(918): App\Controllers\FrontpageController->authentication()
#8 /home/fmkiddo/git/project.asman/cores/engine/CodeIgniter.php(404): CodeIgniter\CodeIgniter->runController(Object(App\Controllers\FrontpageController))
#9 /home/fmkiddo/git/project.asman/cores/engine/CodeIgniter.php(312): CodeIgniter\CodeIgniter->handleRequest(NULL, Object(Config\Cache), false)
#10 /home/fmkiddo/git/project.asman/subs/assets-manager/index.php(45): CodeIgniter\CodeIgniter->run()
#11 {main}
CRITICAL - 2021-11-23 13:06:30 --> 22 : The requested URL returned error: 500 Internal Server Error
#0 /home/fmkiddo/git/project.asman/cores/engine/HTTP/CURLRequest.php(821): CodeIgniter\HTTP\Exceptions\HTTPException::forCurlError('22', 'The requested U...')
#1 /home/fmkiddo/git/project.asman/cores/engine/HTTP/CURLRequest.php(449): CodeIgniter\HTTP\CURLRequest->sendRequest(Array)
#2 /home/fmkiddo/git/project.asman/cores/engine/HTTP/CURLRequest.php(158): CodeIgniter\HTTP\CURLRequest->send('put', 'http://localhos...')
#3 /home/fmkiddo/git/project.asman/cores/engine/HTTP/CURLRequest.php(265): CodeIgniter\HTTP\CURLRequest->request('put', 'http://localhos...', Array)
#4 /home/fmkiddo/git/project.asman/cores/assetmanager/core/Controllers/FrontpageController.php(33): CodeIgniter\HTTP\CURLRequest->put('http://localhos...', Array)
#5 /home/fmkiddo/git/project.asman/cores/assetmanager/core/Controllers/FrontpageController.php(97): App\Controllers\FrontpageController->clientCheck(Array)
#6 /home/fmkiddo/git/project.asman/cores/assetmanager/core/Controllers/FrontpageController.php(138): App\Controllers\FrontpageController->isAdminUserSet()
#7 /home/fmkiddo/git/project.asman/cores/engine/CodeIgniter.php(918): App\Controllers\FrontpageController->authentication()
#8 /home/fmkiddo/git/project.asman/cores/engine/CodeIgniter.php(404): CodeIgniter\CodeIgniter->runController(Object(App\Controllers\FrontpageController))
#9 /home/fmkiddo/git/project.asman/cores/engine/CodeIgniter.php(312): CodeIgniter\CodeIgniter->handleRequest(NULL, Object(Config\Cache), false)
#10 /home/fmkiddo/git/project.asman/subs/assets-manager/index.php(45): CodeIgniter\CodeIgniter->run()
#11 {main}
CRITICAL - 2021-11-23 13:06:37 --> 22 : The requested URL returned error: 500 Internal Server Error
#0 /home/fmkiddo/git/project.asman/cores/engine/HTTP/CURLRequest.php(821): CodeIgniter\HTTP\Exceptions\HTTPException::forCurlError('22', 'The requested U...')
#1 /home/fmkiddo/git/project.asman/cores/engine/HTTP/CURLRequest.php(449): CodeIgniter\HTTP\CURLRequest->sendRequest(Array)
#2 /home/fmkiddo/git/project.asman/cores/engine/HTTP/CURLRequest.php(158): CodeIgniter\HTTP\CURLRequest->send('put', 'http://localhos...')
#3 /home/fmkiddo/git/project.asman/cores/engine/HTTP/CURLRequest.php(265): CodeIgniter\HTTP\CURLRequest->request('put', 'http://localhos...', Array)
#4 /home/fmkiddo/git/project.asman/cores/assetmanager/core/Controllers/FrontpageController.php(33): CodeIgniter\HTTP\CURLRequest->put('http://localhos...', Array)
#5 /home/fmkiddo/git/project.asman/cores/assetmanager/core/Controllers/FrontpageController.php(97): App\Controllers\FrontpageController->clientCheck(Array)
#6 /home/fmkiddo/git/project.asman/cores/assetmanager/core/Controllers/FrontpageController.php(138): App\Controllers\FrontpageController->isAdminUserSet()
#7 /home/fmkiddo/git/project.asman/cores/engine/CodeIgniter.php(918): App\Controllers\FrontpageController->authentication()
#8 /home/fmkiddo/git/project.asman/cores/engine/CodeIgniter.php(404): CodeIgniter\CodeIgniter->runController(Object(App\Controllers\FrontpageController))
#9 /home/fmkiddo/git/project.asman/cores/engine/CodeIgniter.php(312): CodeIgniter\CodeIgniter->handleRequest(NULL, Object(Config\Cache), false)
#10 /home/fmkiddo/git/project.asman/subs/assets-manager/index.php(45): CodeIgniter\CodeIgniter->run()
#11 {main}
CRITICAL - 2021-11-23 13:22:57 --> 22 : The requested URL returned error: 500 Internal Server Error
#0 /home/fmkiddo/git/project.asman/cores/engine/HTTP/CURLRequest.php(821): CodeIgniter\HTTP\Exceptions\HTTPException::forCurlError('22', 'The requested U...')
#1 /home/fmkiddo/git/project.asman/cores/engine/HTTP/CURLRequest.php(449): CodeIgniter\HTTP\CURLRequest->sendRequest(Array)
#2 /home/fmkiddo/git/project.asman/cores/engine/HTTP/CURLRequest.php(158): CodeIgniter\HTTP\CURLRequest->send('put', 'http://localhos...')
#3 /home/fmkiddo/git/project.asman/cores/engine/HTTP/CURLRequest.php(265): CodeIgniter\HTTP\CURLRequest->request('put', 'http://localhos...', Array)
#4 /home/fmkiddo/git/project.asman/cores/assetmanager/core/Controllers/FrontpageController.php(33): CodeIgniter\HTTP\CURLRequest->put('http://localhos...', Array)
#5 /home/fmkiddo/git/project.asman/cores/assetmanager/core/Controllers/FrontpageController.php(97): App\Controllers\FrontpageController->clientCheck(Array)
#6 /home/fmkiddo/git/project.asman/cores/assetmanager/core/Controllers/FrontpageController.php(138): App\Controllers\FrontpageController->isAdminUserSet()
#7 /home/fmkiddo/git/project.asman/cores/engine/CodeIgniter.php(918): App\Controllers\FrontpageController->authentication()
#8 /home/fmkiddo/git/project.asman/cores/engine/CodeIgniter.php(404): CodeIgniter\CodeIgniter->runController(Object(App\Controllers\FrontpageController))
#9 /home/fmkiddo/git/project.asman/cores/engine/CodeIgniter.php(312): CodeIgniter\CodeIgniter->handleRequest(NULL, Object(Config\Cache), false)
#10 /home/fmkiddo/git/project.asman/subs/assets-manager/index.php(45): CodeIgniter\CodeIgniter->run()
#11 {main}
CRITICAL - 2021-11-23 13:23:20 --> 22 : The requested URL returned error: 500 Internal Server Error
#0 /home/fmkiddo/git/project.asman/cores/engine/HTTP/CURLRequest.php(821): CodeIgniter\HTTP\Exceptions\HTTPException::forCurlError('22', 'The requested U...')
#1 /home/fmkiddo/git/project.asman/cores/engine/HTTP/CURLRequest.php(449): CodeIgniter\HTTP\CURLRequest->sendRequest(Array)
#2 /home/fmkiddo/git/project.asman/cores/engine/HTTP/CURLRequest.php(158): CodeIgniter\HTTP\CURLRequest->send('put', 'http://localhos...')
#3 /home/fmkiddo/git/project.asman/cores/engine/HTTP/CURLRequest.php(265): CodeIgniter\HTTP\CURLRequest->request('put', 'http://localhos...', Array)
#4 /home/fmkiddo/git/project.asman/cores/assetmanager/core/Controllers/FrontpageController.php(33): CodeIgniter\HTTP\CURLRequest->put('http://localhos...', Array)
#5 /home/fmkiddo/git/project.asman/cores/assetmanager/core/Controllers/FrontpageController.php(97): App\Controllers\FrontpageController->clientCheck(Array)
#6 /home/fmkiddo/git/project.asman/cores/assetmanager/core/Controllers/FrontpageController.php(138): App\Controllers\FrontpageController->isAdminUserSet()
#7 /home/fmkiddo/git/project.asman/cores/engine/CodeIgniter.php(918): App\Controllers\FrontpageController->authentication()
#8 /home/fmkiddo/git/project.asman/cores/engine/CodeIgniter.php(404): CodeIgniter\CodeIgniter->runController(Object(App\Controllers\FrontpageController))
#9 /home/fmkiddo/git/project.asman/cores/engine/CodeIgniter.php(312): CodeIgniter\CodeIgniter->handleRequest(NULL, Object(Config\Cache), false)
#10 /home/fmkiddo/git/project.asman/subs/assets-manager/index.php(45): CodeIgniter\CodeIgniter->run()
#11 {main}
CRITICAL - 2021-11-23 13:27:34 --> 22 : The requested URL returned error: 500 Internal Server Error
#0 /home/fmkiddo/git/project.asman/cores/engine/HTTP/CURLRequest.php(821): CodeIgniter\HTTP\Exceptions\HTTPException::forCurlError('22', 'The requested U...')
#1 /home/fmkiddo/git/project.asman/cores/engine/HTTP/CURLRequest.php(449): CodeIgniter\HTTP\CURLRequest->sendRequest(Array)
#2 /home/fmkiddo/git/project.asman/cores/engine/HTTP/CURLRequest.php(158): CodeIgniter\HTTP\CURLRequest->send('put', 'http://localhos...')
#3 /home/fmkiddo/git/project.asman/cores/engine/HTTP/CURLRequest.php(265): CodeIgniter\HTTP\CURLRequest->request('put', 'http://localhos...', Array)
#4 /home/fmkiddo/git/project.asman/cores/assetmanager/core/Controllers/FrontpageController.php(33): CodeIgniter\HTTP\CURLRequest->put('http://localhos...', Array)
#5 /home/fmkiddo/git/project.asman/cores/assetmanager/core/Controllers/FrontpageController.php(97): App\Controllers\FrontpageController->clientCheck(Array)
#6 /home/fmkiddo/git/project.asman/cores/assetmanager/core/Controllers/FrontpageController.php(138): App\Controllers\FrontpageController->isAdminUserSet()
#7 /home/fmkiddo/git/project.asman/cores/engine/CodeIgniter.php(918): App\Controllers\FrontpageController->authentication()
#8 /home/fmkiddo/git/project.asman/cores/engine/CodeIgniter.php(404): CodeIgniter\CodeIgniter->runController(Object(App\Controllers\FrontpageController))
#9 /home/fmkiddo/git/project.asman/cores/engine/CodeIgniter.php(312): CodeIgniter\CodeIgniter->handleRequest(NULL, Object(Config\Cache), false)
#10 /home/fmkiddo/git/project.asman/subs/assets-manager/index.php(45): CodeIgniter\CodeIgniter->run()
#11 {main}
