CRITICAL - 2021-10-27 19:47:23 --> 22 : The requested URL returned error: 405 Method Not Allowed
#0 /home/fmkiddo/git/project.asman/cores/engine/HTTP/CURLRequest.php(821): CodeIgniter\HTTP\Exceptions\HTTPException::forCurlError('22', 'The requested U...')
#1 /home/fmkiddo/git/project.asman/cores/engine/HTTP/CURLRequest.php(449): CodeIgniter\HTTP\CURLRequest->sendRequest(Array)
#2 /home/fmkiddo/git/project.asman/cores/engine/HTTP/CURLRequest.php(158): CodeIgniter\HTTP\CURLRequest->send('put', 'http://localhos...')
#3 /home/fmkiddo/git/project.asman/cores/engine/HTTP/CURLRequest.php(265): CodeIgniter\HTTP\CURLRequest->request('put', 'http://localhos...', Array)
#4 /home/fmkiddo/git/project.asman/cores/assetmanager/core/Controllers/BaseController.php(82): CodeIgniter\HTTP\CURLRequest->put('http://localhos...', Array)
#5 /home/fmkiddo/git/project.asman/cores/assetmanager/core/Controllers/FrontpageController.php(55): App\Controllers\BaseController->authenticate(Array)
#6 /home/fmkiddo/git/project.asman/cores/assetmanager/core/Controllers/FrontpageController.php(178): App\Controllers\FrontpageController->verifyClient()
#7 /home/fmkiddo/git/project.asman/cores/engine/CodeIgniter.php(918): App\Controllers\FrontpageController->doClientAuthentication()
#8 /home/fmkiddo/git/project.asman/cores/engine/CodeIgniter.php(404): CodeIgniter\CodeIgniter->runController(Object(App\Controllers\FrontpageController))
#9 /home/fmkiddo/git/project.asman/cores/engine/CodeIgniter.php(312): CodeIgniter\CodeIgniter->handleRequest(NULL, Object(Config\Cache), false)
#10 /home/fmkiddo/git/project.asman/subs/assets-manager/index.php(45): CodeIgniter\CodeIgniter->run()
#11 {main}
CRITICAL - 2021-10-27 19:47:55 --> 22 : The requested URL returned error: 500 Internal Server Error
#0 /home/fmkiddo/git/project.asman/cores/engine/HTTP/CURLRequest.php(821): CodeIgniter\HTTP\Exceptions\HTTPException::forCurlError('22', 'The requested U...')
#1 /home/fmkiddo/git/project.asman/cores/engine/HTTP/CURLRequest.php(449): CodeIgniter\HTTP\CURLRequest->sendRequest(Array)
#2 /home/fmkiddo/git/project.asman/cores/engine/HTTP/CURLRequest.php(158): CodeIgniter\HTTP\CURLRequest->send('put', 'http://localhos...')
#3 /home/fmkiddo/git/project.asman/cores/engine/HTTP/CURLRequest.php(265): CodeIgniter\HTTP\CURLRequest->request('put', 'http://localhos...', Array)
#4 /home/fmkiddo/git/project.asman/cores/assetmanager/core/Controllers/BaseController.php(82): CodeIgniter\HTTP\CURLRequest->put('http://localhos...', Array)
#5 /home/fmkiddo/git/project.asman/cores/assetmanager/core/Controllers/FrontpageController.php(55): App\Controllers\BaseController->authenticate(Array)
#6 /home/fmkiddo/git/project.asman/cores/assetmanager/core/Controllers/FrontpageController.php(178): App\Controllers\FrontpageController->verifyClient()
#7 /home/fmkiddo/git/project.asman/cores/engine/CodeIgniter.php(918): App\Controllers\FrontpageController->doClientAuthentication()
#8 /home/fmkiddo/git/project.asman/cores/engine/CodeIgniter.php(404): CodeIgniter\CodeIgniter->runController(Object(App\Controllers\FrontpageController))
#9 /home/fmkiddo/git/project.asman/cores/engine/CodeIgniter.php(312): CodeIgniter\CodeIgniter->handleRequest(NULL, Object(Config\Cache), false)
#10 /home/fmkiddo/git/project.asman/subs/assets-manager/index.php(45): CodeIgniter\CodeIgniter->run()
#11 {main}
CRITICAL - 2021-10-27 19:55:30 --> 22 : The requested URL returned error: 500 Internal Server Error
#0 /home/fmkiddo/git/project.asman/cores/engine/HTTP/CURLRequest.php(821): CodeIgniter\HTTP\Exceptions\HTTPException::forCurlError('22', 'The requested U...')
#1 /home/fmkiddo/git/project.asman/cores/engine/HTTP/CURLRequest.php(449): CodeIgniter\HTTP\CURLRequest->sendRequest(Array)
#2 /home/fmkiddo/git/project.asman/cores/engine/HTTP/CURLRequest.php(158): CodeIgniter\HTTP\CURLRequest->send('put', 'http://localhos...')
#3 /home/fmkiddo/git/project.asman/cores/engine/HTTP/CURLRequest.php(265): CodeIgniter\HTTP\CURLRequest->request('put', 'http://localhos...', Array)
#4 /home/fmkiddo/git/project.asman/cores/assetmanager/core/Controllers/BaseController.php(82): CodeIgniter\HTTP\CURLRequest->put('http://localhos...', Array)
#5 /home/fmkiddo/git/project.asman/cores/assetmanager/core/Controllers/FrontpageController.php(55): App\Controllers\BaseController->authenticate(Array)
#6 /home/fmkiddo/git/project.asman/cores/assetmanager/core/Controllers/FrontpageController.php(178): App\Controllers\FrontpageController->verifyClient()
#7 /home/fmkiddo/git/project.asman/cores/engine/CodeIgniter.php(918): App\Controllers\FrontpageController->doClientAuthentication()
#8 /home/fmkiddo/git/project.asman/cores/engine/CodeIgniter.php(404): CodeIgniter\CodeIgniter->runController(Object(App\Controllers\FrontpageController))
#9 /home/fmkiddo/git/project.asman/cores/engine/CodeIgniter.php(312): CodeIgniter\CodeIgniter->handleRequest(NULL, Object(Config\Cache), false)
#10 /home/fmkiddo/git/project.asman/subs/assets-manager/index.php(45): CodeIgniter\CodeIgniter->run()
#11 {main}
CRITICAL - 2021-10-27 19:56:28 --> Invalid argument supplied for foreach()
#0 /home/fmkiddo/git/project.asman/cores/assetmanager/core/Controllers/FrontpageController.php(44): CodeIgniter\Debug\Exceptions->errorHandler(2, 'Invalid argumen...', '/home/fmkiddo/g...', 44, Array)
#1 /home/fmkiddo/git/project.asman/cores/assetmanager/core/Controllers/FrontpageController.php(178): App\Controllers\FrontpageController->verifyClient()
#2 /home/fmkiddo/git/project.asman/cores/engine/CodeIgniter.php(918): App\Controllers\FrontpageController->doClientAuthentication()
#3 /home/fmkiddo/git/project.asman/cores/engine/CodeIgniter.php(404): CodeIgniter\CodeIgniter->runController(Object(App\Controllers\FrontpageController))
#4 /home/fmkiddo/git/project.asman/cores/engine/CodeIgniter.php(312): CodeIgniter\CodeIgniter->handleRequest(NULL, Object(Config\Cache), false)
#5 /home/fmkiddo/git/project.asman/subs/assets-manager/index.php(45): CodeIgniter\CodeIgniter->run()
#6 {main}
CRITICAL - 2021-10-27 19:56:40 --> 22 : The requested URL returned error: 500 Internal Server Error
#0 /home/fmkiddo/git/project.asman/cores/engine/HTTP/CURLRequest.php(821): CodeIgniter\HTTP\Exceptions\HTTPException::forCurlError('22', 'The requested U...')
#1 /home/fmkiddo/git/project.asman/cores/engine/HTTP/CURLRequest.php(449): CodeIgniter\HTTP\CURLRequest->sendRequest(Array)
#2 /home/fmkiddo/git/project.asman/cores/engine/HTTP/CURLRequest.php(158): CodeIgniter\HTTP\CURLRequest->send('put', 'http://localhos...')
#3 /home/fmkiddo/git/project.asman/cores/engine/HTTP/CURLRequest.php(265): CodeIgniter\HTTP\CURLRequest->request('put', 'http://localhos...', Array)
#4 /home/fmkiddo/git/project.asman/cores/assetmanager/core/Controllers/BaseController.php(82): CodeIgniter\HTTP\CURLRequest->put('http://localhos...', Array)
#5 /home/fmkiddo/git/project.asman/cores/assetmanager/core/Controllers/FrontpageController.php(55): App\Controllers\BaseController->authenticate(Array)
#6 /home/fmkiddo/git/project.asman/cores/assetmanager/core/Controllers/FrontpageController.php(178): App\Controllers\FrontpageController->verifyClient()
#7 /home/fmkiddo/git/project.asman/cores/engine/CodeIgniter.php(918): App\Controllers\FrontpageController->doClientAuthentication()
#8 /home/fmkiddo/git/project.asman/cores/engine/CodeIgniter.php(404): CodeIgniter\CodeIgniter->runController(Object(App\Controllers\FrontpageController))
#9 /home/fmkiddo/git/project.asman/cores/engine/CodeIgniter.php(312): CodeIgniter\CodeIgniter->handleRequest(NULL, Object(Config\Cache), false)
#10 /home/fmkiddo/git/project.asman/subs/assets-manager/index.php(45): CodeIgniter\CodeIgniter->run()
#11 {main}
CRITICAL - 2021-10-27 19:56:58 --> Invalid argument supplied for foreach()
#0 /home/fmkiddo/git/project.asman/cores/assetmanager/core/Controllers/FrontpageController.php(44): CodeIgniter\Debug\Exceptions->errorHandler(2, 'Invalid argumen...', '/home/fmkiddo/g...', 44, Array)
#1 /home/fmkiddo/git/project.asman/cores/assetmanager/core/Controllers/FrontpageController.php(178): App\Controllers\FrontpageController->verifyClient()
#2 /home/fmkiddo/git/project.asman/cores/engine/CodeIgniter.php(918): App\Controllers\FrontpageController->doClientAuthentication()
#3 /home/fmkiddo/git/project.asman/cores/engine/CodeIgniter.php(404): CodeIgniter\CodeIgniter->runController(Object(App\Controllers\FrontpageController))
#4 /home/fmkiddo/git/project.asman/cores/engine/CodeIgniter.php(312): CodeIgniter\CodeIgniter->handleRequest(NULL, Object(Config\Cache), false)
#5 /home/fmkiddo/git/project.asman/subs/assets-manager/index.php(45): CodeIgniter\CodeIgniter->run()
#6 {main}
CRITICAL - 2021-10-27 19:57:15 --> 22 : The requested URL returned error: 500 Internal Server Error
#0 /home/fmkiddo/git/project.asman/cores/engine/HTTP/CURLRequest.php(821): CodeIgniter\HTTP\Exceptions\HTTPException::forCurlError('22', 'The requested U...')
#1 /home/fmkiddo/git/project.asman/cores/engine/HTTP/CURLRequest.php(449): CodeIgniter\HTTP\CURLRequest->sendRequest(Array)
#2 /home/fmkiddo/git/project.asman/cores/engine/HTTP/CURLRequest.php(158): CodeIgniter\HTTP\CURLRequest->send('put', 'http://localhos...')
#3 /home/fmkiddo/git/project.asman/cores/engine/HTTP/CURLRequest.php(265): CodeIgniter\HTTP\CURLRequest->request('put', 'http://localhos...', Array)
#4 /home/fmkiddo/git/project.asman/cores/assetmanager/core/Controllers/BaseController.php(82): CodeIgniter\HTTP\CURLRequest->put('http://localhos...', Array)
#5 /home/fmkiddo/git/project.asman/cores/assetmanager/core/Controllers/FrontpageController.php(55): App\Controllers\BaseController->authenticate(Array)
#6 /home/fmkiddo/git/project.asman/cores/assetmanager/core/Controllers/FrontpageController.php(178): App\Controllers\FrontpageController->verifyClient()
#7 /home/fmkiddo/git/project.asman/cores/engine/CodeIgniter.php(918): App\Controllers\FrontpageController->doClientAuthentication()
#8 /home/fmkiddo/git/project.asman/cores/engine/CodeIgniter.php(404): CodeIgniter\CodeIgniter->runController(Object(App\Controllers\FrontpageController))
#9 /home/fmkiddo/git/project.asman/cores/engine/CodeIgniter.php(312): CodeIgniter\CodeIgniter->handleRequest(NULL, Object(Config\Cache), false)
#10 /home/fmkiddo/git/project.asman/subs/assets-manager/index.php(45): CodeIgniter\CodeIgniter->run()
#11 {main}
CRITICAL - 2021-10-27 19:59:39 --> 22 : The requested URL returned error: 500 Internal Server Error
#0 /home/fmkiddo/git/project.asman/cores/engine/HTTP/CURLRequest.php(821): CodeIgniter\HTTP\Exceptions\HTTPException::forCurlError('22', 'The requested U...')
#1 /home/fmkiddo/git/project.asman/cores/engine/HTTP/CURLRequest.php(449): CodeIgniter\HTTP\CURLRequest->sendRequest(Array)
#2 /home/fmkiddo/git/project.asman/cores/engine/HTTP/CURLRequest.php(158): CodeIgniter\HTTP\CURLRequest->send('put', 'http://localhos...')
#3 /home/fmkiddo/git/project.asman/cores/engine/HTTP/CURLRequest.php(265): CodeIgniter\HTTP\CURLRequest->request('put', 'http://localhos...', Array)
#4 /home/fmkiddo/git/project.asman/cores/assetmanager/core/Controllers/BaseController.php(82): CodeIgniter\HTTP\CURLRequest->put('http://localhos...', Array)
#5 /home/fmkiddo/git/project.asman/cores/assetmanager/core/Controllers/FrontpageController.php(55): App\Controllers\BaseController->authenticate(Array)
#6 /home/fmkiddo/git/project.asman/cores/assetmanager/core/Controllers/FrontpageController.php(178): App\Controllers\FrontpageController->verifyClient()
#7 /home/fmkiddo/git/project.asman/cores/engine/CodeIgniter.php(918): App\Controllers\FrontpageController->doClientAuthentication()
#8 /home/fmkiddo/git/project.asman/cores/engine/CodeIgniter.php(404): CodeIgniter\CodeIgniter->runController(Object(App\Controllers\FrontpageController))
#9 /home/fmkiddo/git/project.asman/cores/engine/CodeIgniter.php(312): CodeIgniter\CodeIgniter->handleRequest(NULL, Object(Config\Cache), false)
#10 /home/fmkiddo/git/project.asman/subs/assets-manager/index.php(45): CodeIgniter\CodeIgniter->run()
#11 {main}
CRITICAL - 2021-10-27 20:07:51 --> Invalid argument supplied for foreach()
#0 /home/fmkiddo/git/project.asman/cores/assetmanager/core/Views/dashboard/assets/main.php(34): CodeIgniter\Debug\Exceptions->errorHandler(2, 'Invalid argumen...', '/home/fmkiddo/g...', 34, Array)
#1 /home/fmkiddo/git/project.asman/cores/engine/View/View.php(246): include('/home/fmkiddo/g...')
#2 /home/fmkiddo/git/project.asman/cores/engine/Common.php(1119): CodeIgniter\View\View->render('dashboard/asset...', Array, true)
#3 /home/fmkiddo/git/project.asman/cores/assetmanager/core/Controllers/DashboardController.php(487): view('dashboard/asset...', Array)
#4 /home/fmkiddo/git/project.asman/cores/engine/CodeIgniter.php(918): App\Controllers\DashboardController->displayDashboard('master-assets')
#5 /home/fmkiddo/git/project.asman/cores/engine/CodeIgniter.php(404): CodeIgniter\CodeIgniter->runController(Object(App\Controllers\DashboardController))
#6 /home/fmkiddo/git/project.asman/cores/engine/CodeIgniter.php(312): CodeIgniter\CodeIgniter->handleRequest(NULL, Object(Config\Cache), false)
#7 /home/fmkiddo/git/project.asman/subs/assets-manager/index.php(45): CodeIgniter\CodeIgniter->run()
#8 {main}
