CRITICAL - 2021-05-28 09:31:38 --> Object of class App\Libraries\Core\Asset could not be converted to string
#0 /home/rizcky/git/project.asman/core/Views/dashboard/header.php(1): include()
#1 /home/rizcky/git/project.asman/core/Views/dashboard/main.php(1): include('/home/rizcky/gi...')
#2 /home/rizcky/git/project.asman/engine/View/View.php(246): include('/home/rizcky/gi...')
#3 /home/rizcky/git/project.asman/engine/Common.php(1119): CodeIgniter\View\View->render('dashboard/main', Array, true)
#4 /home/rizcky/git/project.asman/core/Controllers/Dashboard.php(51): view('dashboard/main', Array)
#5 /home/rizcky/git/project.asman/engine/CodeIgniter.php(918): App\Controllers\Dashboard->displayDashboard('index')
#6 /home/rizcky/git/project.asman/engine/CodeIgniter.php(404): CodeIgniter\CodeIgniter->runController(Object(App\Controllers\Dashboard))
#7 /home/rizcky/git/project.asman/engine/CodeIgniter.php(312): CodeIgniter\CodeIgniter->handleRequest(NULL, Object(Config\Cache), false)
#8 /home/rizcky/git/project.asman/public/index.php(45): CodeIgniter\CodeIgniter->run()
#9 {main}
CRITICAL - 2021-05-28 09:31:40 --> Object of class App\Libraries\Core\Asset could not be converted to string
#0 /home/rizcky/git/project.asman/core/Views/dashboard/header.php(1): include()
#1 /home/rizcky/git/project.asman/core/Views/dashboard/main.php(1): include('/home/rizcky/gi...')
#2 /home/rizcky/git/project.asman/engine/View/View.php(246): include('/home/rizcky/gi...')
#3 /home/rizcky/git/project.asman/engine/Common.php(1119): CodeIgniter\View\View->render('dashboard/main', Array, true)
#4 /home/rizcky/git/project.asman/core/Controllers/Dashboard.php(51): view('dashboard/main', Array)
#5 /home/rizcky/git/project.asman/engine/CodeIgniter.php(918): App\Controllers\Dashboard->displayDashboard('index')
#6 /home/rizcky/git/project.asman/engine/CodeIgniter.php(404): CodeIgniter\CodeIgniter->runController(Object(App\Controllers\Dashboard))
#7 /home/rizcky/git/project.asman/engine/CodeIgniter.php(312): CodeIgniter\CodeIgniter->handleRequest(NULL, Object(Config\Cache), false)
#8 /home/rizcky/git/project.asman/public/index.php(45): CodeIgniter\CodeIgniter->run()
#9 {main}
CRITICAL - 2021-05-28 14:13:44 --> Invalid file: .php
#0 /home/rizcky/git/project.asman/engine/View/View.php(228): CodeIgniter\Exceptions\FrameworkException::forInvalidFile('.php')
#1 /home/rizcky/git/project.asman/engine/Common.php(1119): CodeIgniter\View\View->render('', Array, true)
#2 /home/rizcky/git/project.asman/core/Controllers/Dashboard.php(53): view('', Array)
#3 /home/rizcky/git/project.asman/engine/CodeIgniter.php(918): App\Controllers\Dashboard->displayDashboard('logout')
#4 /home/rizcky/git/project.asman/engine/CodeIgniter.php(404): CodeIgniter\CodeIgniter->runController(Object(App\Controllers\Dashboard))
#5 /home/rizcky/git/project.asman/engine/CodeIgniter.php(312): CodeIgniter\CodeIgniter->handleRequest(NULL, Object(Config\Cache), false)
#6 /home/rizcky/git/project.asman/public/index.php(45): CodeIgniter\CodeIgniter->run()
#7 {main}
CRITICAL - 2021-05-28 14:15:29 --> Invalid file: .php
#0 /home/rizcky/git/project.asman/engine/View/View.php(228): CodeIgniter\Exceptions\FrameworkException::forInvalidFile('.php')
#1 /home/rizcky/git/project.asman/engine/Common.php(1119): CodeIgniter\View\View->render('', Array, true)
#2 /home/rizcky/git/project.asman/core/Controllers/Dashboard.php(53): view('', Array)
#3 /home/rizcky/git/project.asman/engine/CodeIgniter.php(918): App\Controllers\Dashboard->displayDashboard('logout')
#4 /home/rizcky/git/project.asman/engine/CodeIgniter.php(404): CodeIgniter\CodeIgniter->runController(Object(App\Controllers\Dashboard))
#5 /home/rizcky/git/project.asman/engine/CodeIgniter.php(312): CodeIgniter\CodeIgniter->handleRequest(NULL, Object(Config\Cache), false)
#6 /home/rizcky/git/project.asman/public/index.php(45): CodeIgniter\CodeIgniter->run()
#7 {main}
CRITICAL - 2021-05-28 14:15:37 --> Invalid file: .php
#0 /home/rizcky/git/project.asman/engine/View/View.php(228): CodeIgniter\Exceptions\FrameworkException::forInvalidFile('.php')
#1 /home/rizcky/git/project.asman/engine/Common.php(1119): CodeIgniter\View\View->render('', Array, true)
#2 /home/rizcky/git/project.asman/core/Controllers/Dashboard.php(53): view('', Array)
#3 /home/rizcky/git/project.asman/engine/CodeIgniter.php(918): App\Controllers\Dashboard->displayDashboard('logout')
#4 /home/rizcky/git/project.asman/engine/CodeIgniter.php(404): CodeIgniter\CodeIgniter->runController(Object(App\Controllers\Dashboard))
#5 /home/rizcky/git/project.asman/engine/CodeIgniter.php(312): CodeIgniter\CodeIgniter->handleRequest(NULL, Object(Config\Cache), false)
#6 /home/rizcky/git/project.asman/public/index.php(45): CodeIgniter\CodeIgniter->run()
#7 {main}
CRITICAL - 2021-05-28 15:26:44 --> Invalid file: .php
#0 /home/rizcky/git/project.asman/engine/View/View.php(228): CodeIgniter\Exceptions\FrameworkException::forInvalidFile('.php')
#1 /home/rizcky/git/project.asman/engine/Common.php(1119): CodeIgniter\View\View->render('', Array, true)
#2 /home/rizcky/git/project.asman/core/Controllers/Dashboard.php(53): view('', Array)
#3 /home/rizcky/git/project.asman/engine/CodeIgniter.php(918): App\Controllers\Dashboard->displayDashboard('wew')
#4 /home/rizcky/git/project.asman/engine/CodeIgniter.php(404): CodeIgniter\CodeIgniter->runController(Object(App\Controllers\Dashboard))
#5 /home/rizcky/git/project.asman/engine/CodeIgniter.php(312): CodeIgniter\CodeIgniter->handleRequest(NULL, Object(Config\Cache), false)
#6 /home/rizcky/git/project.asman/public/index.php(45): CodeIgniter\CodeIgniter->run()
#7 {main}
CRITICAL - 2021-05-28 15:41:21 --> Call to undefined function my_div_open()
#0 /home/rizcky/git/project.asman/engine/View/View.php(246): include()
#1 /home/rizcky/git/project.asman/engine/Common.php(1119): CodeIgniter\View\View->render('dashboard/locat...', Array, true)
#2 /home/rizcky/git/project.asman/core/Controllers/Dashboard.php(59): view('dashboard/locat...', Array)
#3 /home/rizcky/git/project.asman/engine/CodeIgniter.php(918): App\Controllers\Dashboard->displayDashboard('location')
#4 /home/rizcky/git/project.asman/engine/CodeIgniter.php(404): CodeIgniter\CodeIgniter->runController(Object(App\Controllers\Dashboard))
#5 /home/rizcky/git/project.asman/engine/CodeIgniter.php(312): CodeIgniter\CodeIgniter->handleRequest(NULL, Object(Config\Cache), false)
#6 /home/rizcky/git/project.asman/public/index.php(45): CodeIgniter\CodeIgniter->run()
#7 {main}
