CRITICAL - 2021-08-21 09:52:10 --> 22 : The requested URL returned error: 500 Internal Server Error
#0 /home/fmkiddo/git/project.asman/engine/HTTP/CURLRequest.php(821): CodeIgniter\HTTP\Exceptions\HTTPException::forCurlError('22', 'The requested U...')
#1 /home/fmkiddo/git/project.asman/engine/HTTP/CURLRequest.php(449): CodeIgniter\HTTP\CURLRequest->sendRequest(Array)
#2 /home/fmkiddo/git/project.asman/engine/HTTP/CURLRequest.php(158): CodeIgniter\HTTP\CURLRequest->send('put', 'http://localhos...')
#3 /home/fmkiddo/git/project.asman/engine/HTTP/CURLRequest.php(265): CodeIgniter\HTTP\CURLRequest->request('put', 'http://localhos...', Array)
#4 /home/fmkiddo/git/project.asman/core/Controllers/BaseController.php(77): CodeIgniter\HTTP\CURLRequest->put('http://localhos...', Array)
#5 /home/fmkiddo/git/project.asman/core/Controllers/DashboardController.php(211): App\Controllers\BaseController->dataRequest(Array)
#6 /home/fmkiddo/git/project.asman/engine/CodeIgniter.php(918): App\Controllers\DashboardController->displayDashboard('asset-details')
#7 /home/fmkiddo/git/project.asman/engine/CodeIgniter.php(404): CodeIgniter\CodeIgniter->runController(Object(App\Controllers\DashboardController))
#8 /home/fmkiddo/git/project.asman/engine/CodeIgniter.php(312): CodeIgniter\CodeIgniter->handleRequest(NULL, Object(Config\Cache), false)
#9 /home/fmkiddo/git/project.asman/public/index.php(45): CodeIgniter\CodeIgniter->run()
#10 {main}
CRITICAL - 2021-08-21 09:52:16 --> 22 : The requested URL returned error: 500 Internal Server Error
#0 /home/fmkiddo/git/project.asman/engine/HTTP/CURLRequest.php(821): CodeIgniter\HTTP\Exceptions\HTTPException::forCurlError('22', 'The requested U...')
#1 /home/fmkiddo/git/project.asman/engine/HTTP/CURLRequest.php(449): CodeIgniter\HTTP\CURLRequest->sendRequest(Array)
#2 /home/fmkiddo/git/project.asman/engine/HTTP/CURLRequest.php(158): CodeIgniter\HTTP\CURLRequest->send('put', 'http://localhos...')
#3 /home/fmkiddo/git/project.asman/engine/HTTP/CURLRequest.php(265): CodeIgniter\HTTP\CURLRequest->request('put', 'http://localhos...', Array)
#4 /home/fmkiddo/git/project.asman/core/Controllers/BaseController.php(77): CodeIgniter\HTTP\CURLRequest->put('http://localhos...', Array)
#5 /home/fmkiddo/git/project.asman/core/Controllers/DashboardController.php(211): App\Controllers\BaseController->dataRequest(Array)
#6 /home/fmkiddo/git/project.asman/engine/CodeIgniter.php(918): App\Controllers\DashboardController->displayDashboard('asset-details')
#7 /home/fmkiddo/git/project.asman/engine/CodeIgniter.php(404): CodeIgniter\CodeIgniter->runController(Object(App\Controllers\DashboardController))
#8 /home/fmkiddo/git/project.asman/engine/CodeIgniter.php(312): CodeIgniter\CodeIgniter->handleRequest(NULL, Object(Config\Cache), false)
#9 /home/fmkiddo/git/project.asman/public/index.php(45): CodeIgniter\CodeIgniter->run()
#10 {main}
CRITICAL - 2021-08-21 09:52:23 --> 22 : The requested URL returned error: 500 Internal Server Error
#0 /home/fmkiddo/git/project.asman/engine/HTTP/CURLRequest.php(821): CodeIgniter\HTTP\Exceptions\HTTPException::forCurlError('22', 'The requested U...')
#1 /home/fmkiddo/git/project.asman/engine/HTTP/CURLRequest.php(449): CodeIgniter\HTTP\CURLRequest->sendRequest(Array)
#2 /home/fmkiddo/git/project.asman/engine/HTTP/CURLRequest.php(158): CodeIgniter\HTTP\CURLRequest->send('put', 'http://localhos...')
#3 /home/fmkiddo/git/project.asman/engine/HTTP/CURLRequest.php(265): CodeIgniter\HTTP\CURLRequest->request('put', 'http://localhos...', Array)
#4 /home/fmkiddo/git/project.asman/core/Controllers/BaseController.php(77): CodeIgniter\HTTP\CURLRequest->put('http://localhos...', Array)
#5 /home/fmkiddo/git/project.asman/core/Controllers/DashboardController.php(211): App\Controllers\BaseController->dataRequest(Array)
#6 /home/fmkiddo/git/project.asman/engine/CodeIgniter.php(918): App\Controllers\DashboardController->displayDashboard('asset-details')
#7 /home/fmkiddo/git/project.asman/engine/CodeIgniter.php(404): CodeIgniter\CodeIgniter->runController(Object(App\Controllers\DashboardController))
#8 /home/fmkiddo/git/project.asman/engine/CodeIgniter.php(312): CodeIgniter\CodeIgniter->handleRequest(NULL, Object(Config\Cache), false)
#9 /home/fmkiddo/git/project.asman/public/index.php(45): CodeIgniter\CodeIgniter->run()
#10 {main}
CRITICAL - 2021-08-21 10:18:30 --> 22 : The requested URL returned error: 500 Internal Server Error
#0 /home/fmkiddo/git/project.asman/engine/HTTP/CURLRequest.php(821): CodeIgniter\HTTP\Exceptions\HTTPException::forCurlError('22', 'The requested U...')
#1 /home/fmkiddo/git/project.asman/engine/HTTP/CURLRequest.php(449): CodeIgniter\HTTP\CURLRequest->sendRequest(Array)
#2 /home/fmkiddo/git/project.asman/engine/HTTP/CURLRequest.php(158): CodeIgniter\HTTP\CURLRequest->send('put', 'http://localhos...')
#3 /home/fmkiddo/git/project.asman/engine/HTTP/CURLRequest.php(265): CodeIgniter\HTTP\CURLRequest->request('put', 'http://localhos...', Array)
#4 /home/fmkiddo/git/project.asman/core/Controllers/BaseController.php(77): CodeIgniter\HTTP\CURLRequest->put('http://localhos...', Array)
#5 /home/fmkiddo/git/project.asman/core/Controllers/DashboardController.php(211): App\Controllers\BaseController->dataRequest(Array)
#6 /home/fmkiddo/git/project.asman/engine/CodeIgniter.php(918): App\Controllers\DashboardController->displayDashboard('asset-details')
#7 /home/fmkiddo/git/project.asman/engine/CodeIgniter.php(404): CodeIgniter\CodeIgniter->runController(Object(App\Controllers\DashboardController))
#8 /home/fmkiddo/git/project.asman/engine/CodeIgniter.php(312): CodeIgniter\CodeIgniter->handleRequest(NULL, Object(Config\Cache), false)
#9 /home/fmkiddo/git/project.asman/public/index.php(45): CodeIgniter\CodeIgniter->run()
#10 {main}
CRITICAL - 2021-08-21 10:18:56 --> 22 : The requested URL returned error: 500 Internal Server Error
#0 /home/fmkiddo/git/project.asman/engine/HTTP/CURLRequest.php(821): CodeIgniter\HTTP\Exceptions\HTTPException::forCurlError('22', 'The requested U...')
#1 /home/fmkiddo/git/project.asman/engine/HTTP/CURLRequest.php(449): CodeIgniter\HTTP\CURLRequest->sendRequest(Array)
#2 /home/fmkiddo/git/project.asman/engine/HTTP/CURLRequest.php(158): CodeIgniter\HTTP\CURLRequest->send('put', 'http://localhos...')
#3 /home/fmkiddo/git/project.asman/engine/HTTP/CURLRequest.php(265): CodeIgniter\HTTP\CURLRequest->request('put', 'http://localhos...', Array)
#4 /home/fmkiddo/git/project.asman/core/Controllers/BaseController.php(77): CodeIgniter\HTTP\CURLRequest->put('http://localhos...', Array)
#5 /home/fmkiddo/git/project.asman/core/Controllers/DashboardController.php(211): App\Controllers\BaseController->dataRequest(Array)
#6 /home/fmkiddo/git/project.asman/engine/CodeIgniter.php(918): App\Controllers\DashboardController->displayDashboard('asset-details')
#7 /home/fmkiddo/git/project.asman/engine/CodeIgniter.php(404): CodeIgniter\CodeIgniter->runController(Object(App\Controllers\DashboardController))
#8 /home/fmkiddo/git/project.asman/engine/CodeIgniter.php(312): CodeIgniter\CodeIgniter->handleRequest(NULL, Object(Config\Cache), false)
#9 /home/fmkiddo/git/project.asman/public/index.php(45): CodeIgniter\CodeIgniter->run()
#10 {main}
CRITICAL - 2021-08-21 10:19:40 --> 22 : The requested URL returned error: 500 Internal Server Error
#0 /home/fmkiddo/git/project.asman/engine/HTTP/CURLRequest.php(821): CodeIgniter\HTTP\Exceptions\HTTPException::forCurlError('22', 'The requested U...')
#1 /home/fmkiddo/git/project.asman/engine/HTTP/CURLRequest.php(449): CodeIgniter\HTTP\CURLRequest->sendRequest(Array)
#2 /home/fmkiddo/git/project.asman/engine/HTTP/CURLRequest.php(158): CodeIgniter\HTTP\CURLRequest->send('put', 'http://localhos...')
#3 /home/fmkiddo/git/project.asman/engine/HTTP/CURLRequest.php(265): CodeIgniter\HTTP\CURLRequest->request('put', 'http://localhos...', Array)
#4 /home/fmkiddo/git/project.asman/core/Controllers/BaseController.php(77): CodeIgniter\HTTP\CURLRequest->put('http://localhos...', Array)
#5 /home/fmkiddo/git/project.asman/core/Controllers/DashboardController.php(211): App\Controllers\BaseController->dataRequest(Array)
#6 /home/fmkiddo/git/project.asman/engine/CodeIgniter.php(918): App\Controllers\DashboardController->displayDashboard('asset-details')
#7 /home/fmkiddo/git/project.asman/engine/CodeIgniter.php(404): CodeIgniter\CodeIgniter->runController(Object(App\Controllers\DashboardController))
#8 /home/fmkiddo/git/project.asman/engine/CodeIgniter.php(312): CodeIgniter\CodeIgniter->handleRequest(NULL, Object(Config\Cache), false)
#9 /home/fmkiddo/git/project.asman/public/index.php(45): CodeIgniter\CodeIgniter->run()
#10 {main}
CRITICAL - 2021-08-21 13:44:48 --> Undefined index: assetdetail
#0 /home/fmkiddo/git/project.asman/core/Views/dashboard/assets/detail.php(32): CodeIgniter\Debug\Exceptions->errorHandler(8, 'Undefined index...', '/home/fmkiddo/g...', 32, Array)
#1 /home/fmkiddo/git/project.asman/engine/View/View.php(246): include('/home/fmkiddo/g...')
#2 /home/fmkiddo/git/project.asman/engine/Common.php(1119): CodeIgniter\View\View->render('dashboard/asset...', Array, true)
#3 /home/fmkiddo/git/project.asman/core/Controllers/DashboardController.php(247): view('dashboard/asset...', Array)
#4 /home/fmkiddo/git/project.asman/engine/CodeIgniter.php(918): App\Controllers\DashboardController->displayDashboard('asset-details')
#5 /home/fmkiddo/git/project.asman/engine/CodeIgniter.php(404): CodeIgniter\CodeIgniter->runController(Object(App\Controllers\DashboardController))
#6 /home/fmkiddo/git/project.asman/engine/CodeIgniter.php(312): CodeIgniter\CodeIgniter->handleRequest(NULL, Object(Config\Cache), false)
#7 /home/fmkiddo/git/project.asman/public/index.php(45): CodeIgniter\CodeIgniter->run()
#8 {main}
CRITICAL - 2021-08-21 14:18:04 --> Invalid argument supplied for foreach()
#0 /home/fmkiddo/git/project.asman/core/Views/dashboard/assets/detail.php(32): CodeIgniter\Debug\Exceptions->errorHandler(2, 'Invalid argumen...', '/home/fmkiddo/g...', 32, Array)
#1 /home/fmkiddo/git/project.asman/engine/View/View.php(246): include('/home/fmkiddo/g...')
#2 /home/fmkiddo/git/project.asman/engine/Common.php(1119): CodeIgniter\View\View->render('dashboard/asset...', Array, true)
#3 /home/fmkiddo/git/project.asman/core/Controllers/DashboardController.php(247): view('dashboard/asset...', Array)
#4 /home/fmkiddo/git/project.asman/engine/CodeIgniter.php(918): App\Controllers\DashboardController->displayDashboard('asset-details')
#5 /home/fmkiddo/git/project.asman/engine/CodeIgniter.php(404): CodeIgniter\CodeIgniter->runController(Object(App\Controllers\DashboardController))
#6 /home/fmkiddo/git/project.asman/engine/CodeIgniter.php(312): CodeIgniter\CodeIgniter->handleRequest(NULL, Object(Config\Cache), false)
#7 /home/fmkiddo/git/project.asman/public/index.php(45): CodeIgniter\CodeIgniter->run()
#8 {main}
CRITICAL - 2021-08-21 14:37:59 --> Object of class CodeIgniter\Entity could not be converted to string
#0 /home/fmkiddo/git/project.asman/engine/View/View.php(246): include()
#1 /home/fmkiddo/git/project.asman/engine/Common.php(1119): CodeIgniter\View\View->render('dashboard/asset...', Array, true)
#2 /home/fmkiddo/git/project.asman/core/Controllers/DashboardController.php(247): view('dashboard/asset...', Array)
#3 /home/fmkiddo/git/project.asman/engine/CodeIgniter.php(918): App\Controllers\DashboardController->displayDashboard('asset-details')
#4 /home/fmkiddo/git/project.asman/engine/CodeIgniter.php(404): CodeIgniter\CodeIgniter->runController(Object(App\Controllers\DashboardController))
#5 /home/fmkiddo/git/project.asman/engine/CodeIgniter.php(312): CodeIgniter\CodeIgniter->handleRequest(NULL, Object(Config\Cache), false)
#6 /home/fmkiddo/git/project.asman/public/index.php(45): CodeIgniter\CodeIgniter->run()
#7 {main}
CRITICAL - 2021-08-21 14:38:04 --> Object of class CodeIgniter\Entity could not be converted to string
#0 /home/fmkiddo/git/project.asman/engine/View/View.php(246): include()
#1 /home/fmkiddo/git/project.asman/engine/Common.php(1119): CodeIgniter\View\View->render('dashboard/asset...', Array, true)
#2 /home/fmkiddo/git/project.asman/core/Controllers/DashboardController.php(247): view('dashboard/asset...', Array)
#3 /home/fmkiddo/git/project.asman/engine/CodeIgniter.php(918): App\Controllers\DashboardController->displayDashboard('asset-details')
#4 /home/fmkiddo/git/project.asman/engine/CodeIgniter.php(404): CodeIgniter\CodeIgniter->runController(Object(App\Controllers\DashboardController))
#5 /home/fmkiddo/git/project.asman/engine/CodeIgniter.php(312): CodeIgniter\CodeIgniter->handleRequest(NULL, Object(Config\Cache), false)
#6 /home/fmkiddo/git/project.asman/public/index.php(45): CodeIgniter\CodeIgniter->run()
#7 {main}
CRITICAL - 2021-08-21 14:46:28 --> 22 : The requested URL returned error: 500 Internal Server Error
#0 /home/fmkiddo/git/project.asman/engine/HTTP/CURLRequest.php(821): CodeIgniter\HTTP\Exceptions\HTTPException::forCurlError('22', 'The requested U...')
#1 /home/fmkiddo/git/project.asman/engine/HTTP/CURLRequest.php(449): CodeIgniter\HTTP\CURLRequest->sendRequest(Array)
#2 /home/fmkiddo/git/project.asman/engine/HTTP/CURLRequest.php(158): CodeIgniter\HTTP\CURLRequest->send('put', 'http://localhos...')
#3 /home/fmkiddo/git/project.asman/engine/HTTP/CURLRequest.php(265): CodeIgniter\HTTP\CURLRequest->request('put', 'http://localhos...', Array)
#4 /home/fmkiddo/git/project.asman/core/Controllers/BaseController.php(77): CodeIgniter\HTTP\CURLRequest->put('http://localhos...', Array)
#5 /home/fmkiddo/git/project.asman/core/Controllers/DashboardController.php(211): App\Controllers\BaseController->dataRequest(Array)
#6 /home/fmkiddo/git/project.asman/engine/CodeIgniter.php(918): App\Controllers\DashboardController->displayDashboard('asset-details')
#7 /home/fmkiddo/git/project.asman/engine/CodeIgniter.php(404): CodeIgniter\CodeIgniter->runController(Object(App\Controllers\DashboardController))
#8 /home/fmkiddo/git/project.asman/engine/CodeIgniter.php(312): CodeIgniter\CodeIgniter->handleRequest(NULL, Object(Config\Cache), false)
#9 /home/fmkiddo/git/project.asman/public/index.php(45): CodeIgniter\CodeIgniter->run()
#10 {main}
CRITICAL - 2021-08-21 14:46:49 --> 22 : The requested URL returned error: 500 Internal Server Error
#0 /home/fmkiddo/git/project.asman/engine/HTTP/CURLRequest.php(821): CodeIgniter\HTTP\Exceptions\HTTPException::forCurlError('22', 'The requested U...')
#1 /home/fmkiddo/git/project.asman/engine/HTTP/CURLRequest.php(449): CodeIgniter\HTTP\CURLRequest->sendRequest(Array)
#2 /home/fmkiddo/git/project.asman/engine/HTTP/CURLRequest.php(158): CodeIgniter\HTTP\CURLRequest->send('put', 'http://localhos...')
#3 /home/fmkiddo/git/project.asman/engine/HTTP/CURLRequest.php(265): CodeIgniter\HTTP\CURLRequest->request('put', 'http://localhos...', Array)
#4 /home/fmkiddo/git/project.asman/core/Controllers/BaseController.php(77): CodeIgniter\HTTP\CURLRequest->put('http://localhos...', Array)
#5 /home/fmkiddo/git/project.asman/core/Controllers/DashboardController.php(211): App\Controllers\BaseController->dataRequest(Array)
#6 /home/fmkiddo/git/project.asman/engine/CodeIgniter.php(918): App\Controllers\DashboardController->displayDashboard('asset-details')
#7 /home/fmkiddo/git/project.asman/engine/CodeIgniter.php(404): CodeIgniter\CodeIgniter->runController(Object(App\Controllers\DashboardController))
#8 /home/fmkiddo/git/project.asman/engine/CodeIgniter.php(312): CodeIgniter\CodeIgniter->handleRequest(NULL, Object(Config\Cache), false)
#9 /home/fmkiddo/git/project.asman/public/index.php(45): CodeIgniter\CodeIgniter->run()
#10 {main}
CRITICAL - 2021-08-21 14:46:58 --> 22 : The requested URL returned error: 500 Internal Server Error
#0 /home/fmkiddo/git/project.asman/engine/HTTP/CURLRequest.php(821): CodeIgniter\HTTP\Exceptions\HTTPException::forCurlError('22', 'The requested U...')
#1 /home/fmkiddo/git/project.asman/engine/HTTP/CURLRequest.php(449): CodeIgniter\HTTP\CURLRequest->sendRequest(Array)
#2 /home/fmkiddo/git/project.asman/engine/HTTP/CURLRequest.php(158): CodeIgniter\HTTP\CURLRequest->send('put', 'http://localhos...')
#3 /home/fmkiddo/git/project.asman/engine/HTTP/CURLRequest.php(265): CodeIgniter\HTTP\CURLRequest->request('put', 'http://localhos...', Array)
#4 /home/fmkiddo/git/project.asman/core/Controllers/BaseController.php(77): CodeIgniter\HTTP\CURLRequest->put('http://localhos...', Array)
#5 /home/fmkiddo/git/project.asman/core/Controllers/DashboardController.php(211): App\Controllers\BaseController->dataRequest(Array)
#6 /home/fmkiddo/git/project.asman/engine/CodeIgniter.php(918): App\Controllers\DashboardController->displayDashboard('asset-details')
#7 /home/fmkiddo/git/project.asman/engine/CodeIgniter.php(404): CodeIgniter\CodeIgniter->runController(Object(App\Controllers\DashboardController))
#8 /home/fmkiddo/git/project.asman/engine/CodeIgniter.php(312): CodeIgniter\CodeIgniter->handleRequest(NULL, Object(Config\Cache), false)
#9 /home/fmkiddo/git/project.asman/public/index.php(45): CodeIgniter\CodeIgniter->run()
#10 {main}
CRITICAL - 2021-08-21 14:47:07 --> 22 : The requested URL returned error: 500 Internal Server Error
#0 /home/fmkiddo/git/project.asman/engine/HTTP/CURLRequest.php(821): CodeIgniter\HTTP\Exceptions\HTTPException::forCurlError('22', 'The requested U...')
#1 /home/fmkiddo/git/project.asman/engine/HTTP/CURLRequest.php(449): CodeIgniter\HTTP\CURLRequest->sendRequest(Array)
#2 /home/fmkiddo/git/project.asman/engine/HTTP/CURLRequest.php(158): CodeIgniter\HTTP\CURLRequest->send('put', 'http://localhos...')
#3 /home/fmkiddo/git/project.asman/engine/HTTP/CURLRequest.php(265): CodeIgniter\HTTP\CURLRequest->request('put', 'http://localhos...', Array)
#4 /home/fmkiddo/git/project.asman/core/Controllers/BaseController.php(77): CodeIgniter\HTTP\CURLRequest->put('http://localhos...', Array)
#5 /home/fmkiddo/git/project.asman/core/Controllers/DashboardController.php(211): App\Controllers\BaseController->dataRequest(Array)
#6 /home/fmkiddo/git/project.asman/engine/CodeIgniter.php(918): App\Controllers\DashboardController->displayDashboard('asset-details')
#7 /home/fmkiddo/git/project.asman/engine/CodeIgniter.php(404): CodeIgniter\CodeIgniter->runController(Object(App\Controllers\DashboardController))
#8 /home/fmkiddo/git/project.asman/engine/CodeIgniter.php(312): CodeIgniter\CodeIgniter->handleRequest(NULL, Object(Config\Cache), false)
#9 /home/fmkiddo/git/project.asman/public/index.php(45): CodeIgniter\CodeIgniter->run()
#10 {main}
CRITICAL - 2021-08-21 14:48:38 --> 22 : The requested URL returned error: 500 Internal Server Error
#0 /home/fmkiddo/git/project.asman/engine/HTTP/CURLRequest.php(821): CodeIgniter\HTTP\Exceptions\HTTPException::forCurlError('22', 'The requested U...')
#1 /home/fmkiddo/git/project.asman/engine/HTTP/CURLRequest.php(449): CodeIgniter\HTTP\CURLRequest->sendRequest(Array)
#2 /home/fmkiddo/git/project.asman/engine/HTTP/CURLRequest.php(158): CodeIgniter\HTTP\CURLRequest->send('put', 'http://localhos...')
#3 /home/fmkiddo/git/project.asman/engine/HTTP/CURLRequest.php(265): CodeIgniter\HTTP\CURLRequest->request('put', 'http://localhos...', Array)
#4 /home/fmkiddo/git/project.asman/core/Controllers/BaseController.php(77): CodeIgniter\HTTP\CURLRequest->put('http://localhos...', Array)
#5 /home/fmkiddo/git/project.asman/core/Controllers/DashboardController.php(211): App\Controllers\BaseController->dataRequest(Array)
#6 /home/fmkiddo/git/project.asman/engine/CodeIgniter.php(918): App\Controllers\DashboardController->displayDashboard('asset-details')
#7 /home/fmkiddo/git/project.asman/engine/CodeIgniter.php(404): CodeIgniter\CodeIgniter->runController(Object(App\Controllers\DashboardController))
#8 /home/fmkiddo/git/project.asman/engine/CodeIgniter.php(312): CodeIgniter\CodeIgniter->handleRequest(NULL, Object(Config\Cache), false)
#9 /home/fmkiddo/git/project.asman/public/index.php(45): CodeIgniter\CodeIgniter->run()
#10 {main}
CRITICAL - 2021-08-21 14:49:48 --> 22 : The requested URL returned error: 500 Internal Server Error
#0 /home/fmkiddo/git/project.asman/engine/HTTP/CURLRequest.php(821): CodeIgniter\HTTP\Exceptions\HTTPException::forCurlError('22', 'The requested U...')
#1 /home/fmkiddo/git/project.asman/engine/HTTP/CURLRequest.php(449): CodeIgniter\HTTP\CURLRequest->sendRequest(Array)
#2 /home/fmkiddo/git/project.asman/engine/HTTP/CURLRequest.php(158): CodeIgniter\HTTP\CURLRequest->send('put', 'http://localhos...')
#3 /home/fmkiddo/git/project.asman/engine/HTTP/CURLRequest.php(265): CodeIgniter\HTTP\CURLRequest->request('put', 'http://localhos...', Array)
#4 /home/fmkiddo/git/project.asman/core/Controllers/BaseController.php(77): CodeIgniter\HTTP\CURLRequest->put('http://localhos...', Array)
#5 /home/fmkiddo/git/project.asman/core/Controllers/DashboardController.php(211): App\Controllers\BaseController->dataRequest(Array)
#6 /home/fmkiddo/git/project.asman/engine/CodeIgniter.php(918): App\Controllers\DashboardController->displayDashboard('asset-details')
#7 /home/fmkiddo/git/project.asman/engine/CodeIgniter.php(404): CodeIgniter\CodeIgniter->runController(Object(App\Controllers\DashboardController))
#8 /home/fmkiddo/git/project.asman/engine/CodeIgniter.php(312): CodeIgniter\CodeIgniter->handleRequest(NULL, Object(Config\Cache), false)
#9 /home/fmkiddo/git/project.asman/public/index.php(45): CodeIgniter\CodeIgniter->run()
#10 {main}
