CRITICAL - 2021-12-01 15:35:45 --> Call to undefined function App\Controllers\get_cookie()
#0 /home/fmkiddo/git/project.asman/cores/assetmanager/core/Controllers/PortableDocumentController.php(46): App\Controllers\BaseController->getLoggedUserID()
#1 /home/fmkiddo/git/project.asman/cores/engine/CodeIgniter.php(918): App\Controllers\PortableDocumentController->loadPortableDocument()
#2 /home/fmkiddo/git/project.asman/cores/engine/CodeIgniter.php(404): CodeIgniter\CodeIgniter->runController(Object(App\Controllers\PortableDocumentController))
#3 /home/fmkiddo/git/project.asman/cores/engine/CodeIgniter.php(312): CodeIgniter\CodeIgniter->handleRequest(NULL, Object(Config\Cache), false)
#4 /home/fmkiddo/git/project.asman/subs/assets-manager/index.php(45): CodeIgniter\CodeIgniter->run()
#5 {main}
CRITICAL - 2021-12-01 15:36:00 --> Call to undefined function App\Controllers\get_cookie()
#0 /home/fmkiddo/git/project.asman/cores/assetmanager/core/Controllers/PortableDocumentController.php(46): App\Controllers\BaseController->getLoggedUserID()
#1 /home/fmkiddo/git/project.asman/cores/engine/CodeIgniter.php(918): App\Controllers\PortableDocumentController->loadPortableDocument()
#2 /home/fmkiddo/git/project.asman/cores/engine/CodeIgniter.php(404): CodeIgniter\CodeIgniter->runController(Object(App\Controllers\PortableDocumentController))
#3 /home/fmkiddo/git/project.asman/cores/engine/CodeIgniter.php(312): CodeIgniter\CodeIgniter->handleRequest(NULL, Object(Config\Cache), false)
#4 /home/fmkiddo/git/project.asman/subs/assets-manager/index.php(45): CodeIgniter\CodeIgniter->run()
#5 {main}
CRITICAL - 2021-12-01 15:37:07 --> Call to undefined function App\Controllers\get_cookie()
#0 /home/fmkiddo/git/project.asman/cores/assetmanager/core/Controllers/PortableDocumentController.php(46): App\Controllers\BaseController->getLoggedUserID()
#1 /home/fmkiddo/git/project.asman/cores/engine/CodeIgniter.php(918): App\Controllers\PortableDocumentController->loadPortableDocument()
#2 /home/fmkiddo/git/project.asman/cores/engine/CodeIgniter.php(404): CodeIgniter\CodeIgniter->runController(Object(App\Controllers\PortableDocumentController))
#3 /home/fmkiddo/git/project.asman/cores/engine/CodeIgniter.php(312): CodeIgniter\CodeIgniter->handleRequest(NULL, Object(Config\Cache), false)
#4 /home/fmkiddo/git/project.asman/subs/assets-manager/index.php(45): CodeIgniter\CodeIgniter->run()
#5 {main}
CRITICAL - 2021-12-01 15:37:48 --> Call to undefined function App\Controllers\get_cookie()
#0 /home/fmkiddo/git/project.asman/cores/assetmanager/core/Controllers/PortableDocumentController.php(46): App\Controllers\BaseController->getLoggedUserID()
#1 /home/fmkiddo/git/project.asman/cores/engine/CodeIgniter.php(918): App\Controllers\PortableDocumentController->loadPortableDocument()
#2 /home/fmkiddo/git/project.asman/cores/engine/CodeIgniter.php(404): CodeIgniter\CodeIgniter->runController(Object(App\Controllers\PortableDocumentController))
#3 /home/fmkiddo/git/project.asman/cores/engine/CodeIgniter.php(312): CodeIgniter\CodeIgniter->handleRequest(NULL, Object(Config\Cache), false)
#4 /home/fmkiddo/git/project.asman/subs/assets-manager/index.php(45): CodeIgniter\CodeIgniter->run()
#5 {main}
CRITICAL - 2021-12-01 15:37:53 --> Call to undefined function App\Controllers\get_cookie()
#0 /home/fmkiddo/git/project.asman/cores/assetmanager/core/Controllers/PortableDocumentController.php(46): App\Controllers\BaseController->getLoggedUserID()
#1 /home/fmkiddo/git/project.asman/cores/engine/CodeIgniter.php(918): App\Controllers\PortableDocumentController->loadPortableDocument()
#2 /home/fmkiddo/git/project.asman/cores/engine/CodeIgniter.php(404): CodeIgniter\CodeIgniter->runController(Object(App\Controllers\PortableDocumentController))
#3 /home/fmkiddo/git/project.asman/cores/engine/CodeIgniter.php(312): CodeIgniter\CodeIgniter->handleRequest(NULL, Object(Config\Cache), false)
#4 /home/fmkiddo/git/project.asman/subs/assets-manager/index.php(45): CodeIgniter\CodeIgniter->run()
#5 {main}
CRITICAL - 2021-12-01 15:40:03 --> Call to undefined function App\Controllers\get_cookie()
#0 /home/fmkiddo/git/project.asman/cores/engine/CodeIgniter.php(918): App\Controllers\PortableDocumentController->loadPortableDocument()
#1 /home/fmkiddo/git/project.asman/cores/engine/CodeIgniter.php(404): CodeIgniter\CodeIgniter->runController(Object(App\Controllers\PortableDocumentController))
#2 /home/fmkiddo/git/project.asman/cores/engine/CodeIgniter.php(312): CodeIgniter\CodeIgniter->handleRequest(NULL, Object(Config\Cache), false)
#3 /home/fmkiddo/git/project.asman/subs/assets-manager/index.php(45): CodeIgniter\CodeIgniter->run()
#4 {main}
CRITICAL - 2021-12-01 15:40:30 --> Call to undefined function App\Controllers\get_cookie()
#0 /home/fmkiddo/git/project.asman/cores/assetmanager/core/Controllers/PortableDocumentController.php(49): App\Controllers\BaseController->dataRequest(Array)
#1 /home/fmkiddo/git/project.asman/cores/engine/CodeIgniter.php(918): App\Controllers\PortableDocumentController->loadPortableDocument()
#2 /home/fmkiddo/git/project.asman/cores/engine/CodeIgniter.php(404): CodeIgniter\CodeIgniter->runController(Object(App\Controllers\PortableDocumentController))
#3 /home/fmkiddo/git/project.asman/cores/engine/CodeIgniter.php(312): CodeIgniter\CodeIgniter->handleRequest(NULL, Object(Config\Cache), false)
#4 /home/fmkiddo/git/project.asman/subs/assets-manager/index.php(45): CodeIgniter\CodeIgniter->run()
#5 {main}
CRITICAL - 2021-12-01 15:41:02 --> Call to undefined function App\Controllers\get_cookie()
#0 /home/fmkiddo/git/project.asman/cores/assetmanager/core/Controllers/PortableDocumentController.php(49): App\Controllers\BaseController->dataRequest(Array)
#1 /home/fmkiddo/git/project.asman/cores/engine/CodeIgniter.php(918): App\Controllers\PortableDocumentController->loadPortableDocument()
#2 /home/fmkiddo/git/project.asman/cores/engine/CodeIgniter.php(404): CodeIgniter\CodeIgniter->runController(Object(App\Controllers\PortableDocumentController))
#3 /home/fmkiddo/git/project.asman/cores/engine/CodeIgniter.php(312): CodeIgniter\CodeIgniter->handleRequest(NULL, Object(Config\Cache), false)
#4 /home/fmkiddo/git/project.asman/subs/assets-manager/index.php(45): CodeIgniter\CodeIgniter->run()
#5 {main}
CRITICAL - 2021-12-01 15:41:17 --> Call to undefined function App\Controllers\get_cookie()
#0 /home/fmkiddo/git/project.asman/cores/assetmanager/core/Controllers/PortableDocumentController.php(49): App\Controllers\BaseController->dataRequest(Array)
#1 /home/fmkiddo/git/project.asman/cores/engine/CodeIgniter.php(918): App\Controllers\PortableDocumentController->loadPortableDocument()
#2 /home/fmkiddo/git/project.asman/cores/engine/CodeIgniter.php(404): CodeIgniter\CodeIgniter->runController(Object(App\Controllers\PortableDocumentController))
#3 /home/fmkiddo/git/project.asman/cores/engine/CodeIgniter.php(312): CodeIgniter\CodeIgniter->handleRequest(NULL, Object(Config\Cache), false)
#4 /home/fmkiddo/git/project.asman/subs/assets-manager/index.php(45): CodeIgniter\CodeIgniter->run()
#5 {main}
CRITICAL - 2021-12-01 15:41:35 --> Call to undefined function App\Controllers\get_cookie()
#0 /home/fmkiddo/git/project.asman/cores/engine/CodeIgniter.php(918): App\Controllers\PortableDocumentController->loadPortableDocument()
#1 /home/fmkiddo/git/project.asman/cores/engine/CodeIgniter.php(404): CodeIgniter\CodeIgniter->runController(Object(App\Controllers\PortableDocumentController))
#2 /home/fmkiddo/git/project.asman/cores/engine/CodeIgniter.php(312): CodeIgniter\CodeIgniter->handleRequest(NULL, Object(Config\Cache), false)
#3 /home/fmkiddo/git/project.asman/subs/assets-manager/index.php(45): CodeIgniter\CodeIgniter->run()
#4 {main}
CRITICAL - 2021-12-01 15:43:22 --> 22 : The requested URL returned error: 500 Internal Server Error
#0 /home/fmkiddo/git/project.asman/cores/engine/HTTP/CURLRequest.php(821): CodeIgniter\HTTP\Exceptions\HTTPException::forCurlError('22', 'The requested U...')
#1 /home/fmkiddo/git/project.asman/cores/engine/HTTP/CURLRequest.php(449): CodeIgniter\HTTP\CURLRequest->sendRequest(Array)
#2 /home/fmkiddo/git/project.asman/cores/engine/HTTP/CURLRequest.php(158): CodeIgniter\HTTP\CURLRequest->send('put', 'http://localhos...')
#3 /home/fmkiddo/git/project.asman/cores/engine/HTTP/CURLRequest.php(265): CodeIgniter\HTTP\CURLRequest->request('put', 'http://localhos...', Array)
#4 /home/fmkiddo/git/project.asman/cores/assetmanager/core/Controllers/BaseController.php(115): CodeIgniter\HTTP\CURLRequest->put('http://localhos...', Array)
#5 /home/fmkiddo/git/project.asman/cores/assetmanager/core/Controllers/PortableDocumentController.php(52): App\Controllers\BaseController->dataRequest(Array)
#6 /home/fmkiddo/git/project.asman/cores/engine/CodeIgniter.php(918): App\Controllers\PortableDocumentController->loadPortableDocument()
#7 /home/fmkiddo/git/project.asman/cores/engine/CodeIgniter.php(404): CodeIgniter\CodeIgniter->runController(Object(App\Controllers\PortableDocumentController))
#8 /home/fmkiddo/git/project.asman/cores/engine/CodeIgniter.php(312): CodeIgniter\CodeIgniter->handleRequest(NULL, Object(Config\Cache), false)
#9 /home/fmkiddo/git/project.asman/subs/assets-manager/index.php(45): CodeIgniter\CodeIgniter->run()
#10 {main}
