CRITICAL - 2021-11-10 13:38:26 --> 22 : The requested URL returned error: 500 Internal Server Error
#0 /home/fmkiddo/git/project.asman/cores/engine/HTTP/CURLRequest.php(821): CodeIgniter\HTTP\Exceptions\HTTPException::forCurlError('22', 'The requested U...')
#1 /home/fmkiddo/git/project.asman/cores/engine/HTTP/CURLRequest.php(449): CodeIgniter\HTTP\CURLRequest->sendRequest(Array)
#2 /home/fmkiddo/git/project.asman/cores/engine/HTTP/CURLRequest.php(158): CodeIgniter\HTTP\CURLRequest->send('put', 'http://localhos...')
#3 /home/fmkiddo/git/project.asman/cores/engine/HTTP/CURLRequest.php(265): CodeIgniter\HTTP\CURLRequest->request('put', 'http://localhos...', Array)
#4 /home/fmkiddo/git/project.asman/cores/assetmanager/core/Controllers/BaseController.php(115): CodeIgniter\HTTP\CURLRequest->put('http://localhos...', Array)
#5 /home/fmkiddo/git/project.asman/cores/assetmanager/core/Controllers/DashboardController.php(95): App\Controllers\BaseController->dataRequest(Array)
#6 /home/fmkiddo/git/project.asman/cores/assetmanager/core/Controllers/DashboardController.php(359): App\Controllers\DashboardController->saveUser(Array)
#7 /home/fmkiddo/git/project.asman/cores/engine/CodeIgniter.php(918): App\Controllers\DashboardController->displayDashboard('masteruser-newf...')
#8 /home/fmkiddo/git/project.asman/cores/engine/CodeIgniter.php(404): CodeIgniter\CodeIgniter->runController(Object(App\Controllers\DashboardController))
#9 /home/fmkiddo/git/project.asman/cores/engine/CodeIgniter.php(312): CodeIgniter\CodeIgniter->handleRequest(NULL, Object(Config\Cache), false)
#10 /home/fmkiddo/git/project.asman/subs/assets-manager/index.php(45): CodeIgniter\CodeIgniter->run()
#11 {main}
CRITICAL - 2021-11-10 13:39:05 --> 22 : The requested URL returned error: 500 Internal Server Error
#0 /home/fmkiddo/git/project.asman/cores/engine/HTTP/CURLRequest.php(821): CodeIgniter\HTTP\Exceptions\HTTPException::forCurlError('22', 'The requested U...')
#1 /home/fmkiddo/git/project.asman/cores/engine/HTTP/CURLRequest.php(449): CodeIgniter\HTTP\CURLRequest->sendRequest(Array)
#2 /home/fmkiddo/git/project.asman/cores/engine/HTTP/CURLRequest.php(158): CodeIgniter\HTTP\CURLRequest->send('put', 'http://localhos...')
#3 /home/fmkiddo/git/project.asman/cores/engine/HTTP/CURLRequest.php(265): CodeIgniter\HTTP\CURLRequest->request('put', 'http://localhos...', Array)
#4 /home/fmkiddo/git/project.asman/cores/assetmanager/core/Controllers/BaseController.php(115): CodeIgniter\HTTP\CURLRequest->put('http://localhos...', Array)
#5 /home/fmkiddo/git/project.asman/cores/assetmanager/core/Controllers/DashboardController.php(95): App\Controllers\BaseController->dataRequest(Array)
#6 /home/fmkiddo/git/project.asman/cores/assetmanager/core/Controllers/DashboardController.php(359): App\Controllers\DashboardController->saveUser(Array)
#7 /home/fmkiddo/git/project.asman/cores/engine/CodeIgniter.php(918): App\Controllers\DashboardController->displayDashboard('masteruser-newf...')
#8 /home/fmkiddo/git/project.asman/cores/engine/CodeIgniter.php(404): CodeIgniter\CodeIgniter->runController(Object(App\Controllers\DashboardController))
#9 /home/fmkiddo/git/project.asman/cores/engine/CodeIgniter.php(312): CodeIgniter\CodeIgniter->handleRequest(NULL, Object(Config\Cache), false)
#10 /home/fmkiddo/git/project.asman/subs/assets-manager/index.php(45): CodeIgniter\CodeIgniter->run()
#11 {main}
CRITICAL - 2021-11-10 13:42:31 --> 22 : The requested URL returned error: 500 Internal Server Error
#0 /home/fmkiddo/git/project.asman/cores/engine/HTTP/CURLRequest.php(821): CodeIgniter\HTTP\Exceptions\HTTPException::forCurlError('22', 'The requested U...')
#1 /home/fmkiddo/git/project.asman/cores/engine/HTTP/CURLRequest.php(449): CodeIgniter\HTTP\CURLRequest->sendRequest(Array)
#2 /home/fmkiddo/git/project.asman/cores/engine/HTTP/CURLRequest.php(158): CodeIgniter\HTTP\CURLRequest->send('put', 'http://localhos...')
#3 /home/fmkiddo/git/project.asman/cores/engine/HTTP/CURLRequest.php(265): CodeIgniter\HTTP\CURLRequest->request('put', 'http://localhos...', Array)
#4 /home/fmkiddo/git/project.asman/cores/assetmanager/core/Controllers/BaseController.php(115): CodeIgniter\HTTP\CURLRequest->put('http://localhos...', Array)
#5 /home/fmkiddo/git/project.asman/cores/assetmanager/core/Controllers/DashboardController.php(452): App\Controllers\BaseController->dataRequest(Array)
#6 /home/fmkiddo/git/project.asman/cores/engine/CodeIgniter.php(918): App\Controllers\DashboardController->displayDashboard('doc-assetreq')
#7 /home/fmkiddo/git/project.asman/cores/engine/CodeIgniter.php(404): CodeIgniter\CodeIgniter->runController(Object(App\Controllers\DashboardController))
#8 /home/fmkiddo/git/project.asman/cores/engine/CodeIgniter.php(312): CodeIgniter\CodeIgniter->handleRequest(NULL, Object(Config\Cache), false)
#9 /home/fmkiddo/git/project.asman/subs/assets-manager/index.php(45): CodeIgniter\CodeIgniter->run()
#10 {main}
CRITICAL - 2021-11-10 13:42:50 --> 22 : The requested URL returned error: 500 Internal Server Error
#0 /home/fmkiddo/git/project.asman/cores/engine/HTTP/CURLRequest.php(821): CodeIgniter\HTTP\Exceptions\HTTPException::forCurlError('22', 'The requested U...')
#1 /home/fmkiddo/git/project.asman/cores/engine/HTTP/CURLRequest.php(449): CodeIgniter\HTTP\CURLRequest->sendRequest(Array)
#2 /home/fmkiddo/git/project.asman/cores/engine/HTTP/CURLRequest.php(158): CodeIgniter\HTTP\CURLRequest->send('put', 'http://localhos...')
#3 /home/fmkiddo/git/project.asman/cores/engine/HTTP/CURLRequest.php(265): CodeIgniter\HTTP\CURLRequest->request('put', 'http://localhos...', Array)
#4 /home/fmkiddo/git/project.asman/cores/assetmanager/core/Controllers/BaseController.php(115): CodeIgniter\HTTP\CURLRequest->put('http://localhos...', Array)
#5 /home/fmkiddo/git/project.asman/cores/assetmanager/core/Controllers/DashboardController.php(452): App\Controllers\BaseController->dataRequest(Array)
#6 /home/fmkiddo/git/project.asman/cores/engine/CodeIgniter.php(918): App\Controllers\DashboardController->displayDashboard('doc-assetreq')
#7 /home/fmkiddo/git/project.asman/cores/engine/CodeIgniter.php(404): CodeIgniter\CodeIgniter->runController(Object(App\Controllers\DashboardController))
#8 /home/fmkiddo/git/project.asman/cores/engine/CodeIgniter.php(312): CodeIgniter\CodeIgniter->handleRequest(NULL, Object(Config\Cache), false)
#9 /home/fmkiddo/git/project.asman/subs/assets-manager/index.php(45): CodeIgniter\CodeIgniter->run()
#10 {main}
CRITICAL - 2021-11-10 13:43:14 --> 22 : The requested URL returned error: 500 Internal Server Error
#0 /home/fmkiddo/git/project.asman/cores/engine/HTTP/CURLRequest.php(821): CodeIgniter\HTTP\Exceptions\HTTPException::forCurlError('22', 'The requested U...')
#1 /home/fmkiddo/git/project.asman/cores/engine/HTTP/CURLRequest.php(449): CodeIgniter\HTTP\CURLRequest->sendRequest(Array)
#2 /home/fmkiddo/git/project.asman/cores/engine/HTTP/CURLRequest.php(158): CodeIgniter\HTTP\CURLRequest->send('put', 'http://localhos...')
#3 /home/fmkiddo/git/project.asman/cores/engine/HTTP/CURLRequest.php(265): CodeIgniter\HTTP\CURLRequest->request('put', 'http://localhos...', Array)
#4 /home/fmkiddo/git/project.asman/cores/assetmanager/core/Controllers/BaseController.php(115): CodeIgniter\HTTP\CURLRequest->put('http://localhos...', Array)
#5 /home/fmkiddo/git/project.asman/cores/assetmanager/core/Controllers/DashboardController.php(452): App\Controllers\BaseController->dataRequest(Array)
#6 /home/fmkiddo/git/project.asman/cores/engine/CodeIgniter.php(918): App\Controllers\DashboardController->displayDashboard('doc-assetreq')
#7 /home/fmkiddo/git/project.asman/cores/engine/CodeIgniter.php(404): CodeIgniter\CodeIgniter->runController(Object(App\Controllers\DashboardController))
#8 /home/fmkiddo/git/project.asman/cores/engine/CodeIgniter.php(312): CodeIgniter\CodeIgniter->handleRequest(NULL, Object(Config\Cache), false)
#9 /home/fmkiddo/git/project.asman/subs/assets-manager/index.php(45): CodeIgniter\CodeIgniter->run()
#10 {main}
CRITICAL - 2021-11-10 14:56:18 --> 22 : The requested URL returned error: 500 Internal Server Error
#0 /home/fmkiddo/git/project.asman/cores/engine/HTTP/CURLRequest.php(821): CodeIgniter\HTTP\Exceptions\HTTPException::forCurlError('22', 'The requested U...')
#1 /home/fmkiddo/git/project.asman/cores/engine/HTTP/CURLRequest.php(449): CodeIgniter\HTTP\CURLRequest->sendRequest(Array)
#2 /home/fmkiddo/git/project.asman/cores/engine/HTTP/CURLRequest.php(158): CodeIgniter\HTTP\CURLRequest->send('put', 'http://localhos...')
#3 /home/fmkiddo/git/project.asman/cores/engine/HTTP/CURLRequest.php(265): CodeIgniter\HTTP\CURLRequest->request('put', 'http://localhos...', Array)
#4 /home/fmkiddo/git/project.asman/cores/assetmanager/core/Controllers/BaseController.php(115): CodeIgniter\HTTP\CURLRequest->put('http://localhos...', Array)
#5 /home/fmkiddo/git/project.asman/cores/assetmanager/core/Controllers/DashboardController.php(452): App\Controllers\BaseController->dataRequest(Array)
#6 /home/fmkiddo/git/project.asman/cores/engine/CodeIgniter.php(918): App\Controllers\DashboardController->displayDashboard('doc-assetreq')
#7 /home/fmkiddo/git/project.asman/cores/engine/CodeIgniter.php(404): CodeIgniter\CodeIgniter->runController(Object(App\Controllers\DashboardController))
#8 /home/fmkiddo/git/project.asman/cores/engine/CodeIgniter.php(312): CodeIgniter\CodeIgniter->handleRequest(NULL, Object(Config\Cache), false)
#9 /home/fmkiddo/git/project.asman/subs/assets-manager/index.php(45): CodeIgniter\CodeIgniter->run()
#10 {main}
CRITICAL - 2021-11-10 14:56:26 --> 22 : The requested URL returned error: 500 Internal Server Error
#0 /home/fmkiddo/git/project.asman/cores/engine/HTTP/CURLRequest.php(821): CodeIgniter\HTTP\Exceptions\HTTPException::forCurlError('22', 'The requested U...')
#1 /home/fmkiddo/git/project.asman/cores/engine/HTTP/CURLRequest.php(449): CodeIgniter\HTTP\CURLRequest->sendRequest(Array)
#2 /home/fmkiddo/git/project.asman/cores/engine/HTTP/CURLRequest.php(158): CodeIgniter\HTTP\CURLRequest->send('put', 'http://localhos...')
#3 /home/fmkiddo/git/project.asman/cores/engine/HTTP/CURLRequest.php(265): CodeIgniter\HTTP\CURLRequest->request('put', 'http://localhos...', Array)
#4 /home/fmkiddo/git/project.asman/cores/assetmanager/core/Controllers/BaseController.php(115): CodeIgniter\HTTP\CURLRequest->put('http://localhos...', Array)
#5 /home/fmkiddo/git/project.asman/cores/assetmanager/core/Controllers/DashboardController.php(452): App\Controllers\BaseController->dataRequest(Array)
#6 /home/fmkiddo/git/project.asman/cores/engine/CodeIgniter.php(918): App\Controllers\DashboardController->displayDashboard('doc-assetreq')
#7 /home/fmkiddo/git/project.asman/cores/engine/CodeIgniter.php(404): CodeIgniter\CodeIgniter->runController(Object(App\Controllers\DashboardController))
#8 /home/fmkiddo/git/project.asman/cores/engine/CodeIgniter.php(312): CodeIgniter\CodeIgniter->handleRequest(NULL, Object(Config\Cache), false)
#9 /home/fmkiddo/git/project.asman/subs/assets-manager/index.php(45): CodeIgniter\CodeIgniter->run()
#10 {main}
CRITICAL - 2021-11-10 14:57:12 --> 22 : The requested URL returned error: 500 Internal Server Error
#0 /home/fmkiddo/git/project.asman/cores/engine/HTTP/CURLRequest.php(821): CodeIgniter\HTTP\Exceptions\HTTPException::forCurlError('22', 'The requested U...')
#1 /home/fmkiddo/git/project.asman/cores/engine/HTTP/CURLRequest.php(449): CodeIgniter\HTTP\CURLRequest->sendRequest(Array)
#2 /home/fmkiddo/git/project.asman/cores/engine/HTTP/CURLRequest.php(158): CodeIgniter\HTTP\CURLRequest->send('put', 'http://localhos...')
#3 /home/fmkiddo/git/project.asman/cores/engine/HTTP/CURLRequest.php(265): CodeIgniter\HTTP\CURLRequest->request('put', 'http://localhos...', Array)
#4 /home/fmkiddo/git/project.asman/cores/assetmanager/core/Controllers/BaseController.php(115): CodeIgniter\HTTP\CURLRequest->put('http://localhos...', Array)
#5 /home/fmkiddo/git/project.asman/cores/assetmanager/core/Controllers/DashboardController.php(452): App\Controllers\BaseController->dataRequest(Array)
#6 /home/fmkiddo/git/project.asman/cores/engine/CodeIgniter.php(918): App\Controllers\DashboardController->displayDashboard('doc-assetreq')
#7 /home/fmkiddo/git/project.asman/cores/engine/CodeIgniter.php(404): CodeIgniter\CodeIgniter->runController(Object(App\Controllers\DashboardController))
#8 /home/fmkiddo/git/project.asman/cores/engine/CodeIgniter.php(312): CodeIgniter\CodeIgniter->handleRequest(NULL, Object(Config\Cache), false)
#9 /home/fmkiddo/git/project.asman/subs/assets-manager/index.php(45): CodeIgniter\CodeIgniter->run()
#10 {main}
CRITICAL - 2021-11-10 14:57:14 --> 22 : The requested URL returned error: 500 Internal Server Error
#0 /home/fmkiddo/git/project.asman/cores/engine/HTTP/CURLRequest.php(821): CodeIgniter\HTTP\Exceptions\HTTPException::forCurlError('22', 'The requested U...')
#1 /home/fmkiddo/git/project.asman/cores/engine/HTTP/CURLRequest.php(449): CodeIgniter\HTTP\CURLRequest->sendRequest(Array)
#2 /home/fmkiddo/git/project.asman/cores/engine/HTTP/CURLRequest.php(158): CodeIgniter\HTTP\CURLRequest->send('put', 'http://localhos...')
#3 /home/fmkiddo/git/project.asman/cores/engine/HTTP/CURLRequest.php(265): CodeIgniter\HTTP\CURLRequest->request('put', 'http://localhos...', Array)
#4 /home/fmkiddo/git/project.asman/cores/assetmanager/core/Controllers/BaseController.php(115): CodeIgniter\HTTP\CURLRequest->put('http://localhos...', Array)
#5 /home/fmkiddo/git/project.asman/cores/assetmanager/core/Controllers/DashboardController.php(328): App\Controllers\BaseController->dataRequest(Array)
#6 /home/fmkiddo/git/project.asman/cores/engine/CodeIgniter.php(918): App\Controllers\DashboardController->displayDashboard('new-asset')
#7 /home/fmkiddo/git/project.asman/cores/engine/CodeIgniter.php(404): CodeIgniter\CodeIgniter->runController(Object(App\Controllers\DashboardController))
#8 /home/fmkiddo/git/project.asman/cores/engine/CodeIgniter.php(312): CodeIgniter\CodeIgniter->handleRequest(NULL, Object(Config\Cache), false)
#9 /home/fmkiddo/git/project.asman/subs/assets-manager/index.php(45): CodeIgniter\CodeIgniter->run()
#10 {main}
CRITICAL - 2021-11-10 14:57:24 --> 22 : The requested URL returned error: 500 Internal Server Error
#0 /home/fmkiddo/git/project.asman/cores/engine/HTTP/CURLRequest.php(821): CodeIgniter\HTTP\Exceptions\HTTPException::forCurlError('22', 'The requested U...')
#1 /home/fmkiddo/git/project.asman/cores/engine/HTTP/CURLRequest.php(449): CodeIgniter\HTTP\CURLRequest->sendRequest(Array)
#2 /home/fmkiddo/git/project.asman/cores/engine/HTTP/CURLRequest.php(158): CodeIgniter\HTTP\CURLRequest->send('put', 'http://localhos...')
#3 /home/fmkiddo/git/project.asman/cores/engine/HTTP/CURLRequest.php(265): CodeIgniter\HTTP\CURLRequest->request('put', 'http://localhos...', Array)
#4 /home/fmkiddo/git/project.asman/cores/assetmanager/core/Controllers/BaseController.php(115): CodeIgniter\HTTP\CURLRequest->put('http://localhos...', Array)
#5 /home/fmkiddo/git/project.asman/cores/assetmanager/core/Controllers/DashboardController.php(557): App\Controllers\BaseController->dataRequest(Array)
#6 /home/fmkiddo/git/project.asman/cores/engine/CodeIgniter.php(918): App\Controllers\DashboardController->displayDashboard('welcome')
#7 /home/fmkiddo/git/project.asman/cores/engine/CodeIgniter.php(404): CodeIgniter\CodeIgniter->runController(Object(App\Controllers\DashboardController))
#8 /home/fmkiddo/git/project.asman/cores/engine/CodeIgniter.php(312): CodeIgniter\CodeIgniter->handleRequest(NULL, Object(Config\Cache), false)
#9 /home/fmkiddo/git/project.asman/subs/assets-manager/index.php(45): CodeIgniter\CodeIgniter->run()
#10 {main}
CRITICAL - 2021-11-10 14:57:41 --> 22 : The requested URL returned error: 500 Internal Server Error
#0 /home/fmkiddo/git/project.asman/cores/engine/HTTP/CURLRequest.php(821): CodeIgniter\HTTP\Exceptions\HTTPException::forCurlError('22', 'The requested U...')
#1 /home/fmkiddo/git/project.asman/cores/engine/HTTP/CURLRequest.php(449): CodeIgniter\HTTP\CURLRequest->sendRequest(Array)
#2 /home/fmkiddo/git/project.asman/cores/engine/HTTP/CURLRequest.php(158): CodeIgniter\HTTP\CURLRequest->send('put', 'http://localhos...')
#3 /home/fmkiddo/git/project.asman/cores/engine/HTTP/CURLRequest.php(265): CodeIgniter\HTTP\CURLRequest->request('put', 'http://localhos...', Array)
#4 /home/fmkiddo/git/project.asman/cores/assetmanager/core/Controllers/BaseController.php(115): CodeIgniter\HTTP\CURLRequest->put('http://localhos...', Array)
#5 /home/fmkiddo/git/project.asman/cores/assetmanager/core/Controllers/DashboardController.php(557): App\Controllers\BaseController->dataRequest(Array)
#6 /home/fmkiddo/git/project.asman/cores/engine/CodeIgniter.php(918): App\Controllers\DashboardController->displayDashboard('welcome')
#7 /home/fmkiddo/git/project.asman/cores/engine/CodeIgniter.php(404): CodeIgniter\CodeIgniter->runController(Object(App\Controllers\DashboardController))
#8 /home/fmkiddo/git/project.asman/cores/engine/CodeIgniter.php(312): CodeIgniter\CodeIgniter->handleRequest(NULL, Object(Config\Cache), false)
#9 /home/fmkiddo/git/project.asman/subs/assets-manager/index.php(45): CodeIgniter\CodeIgniter->run()
#10 {main}
CRITICAL - 2021-11-10 14:57:46 --> 22 : The requested URL returned error: 500 Internal Server Error
#0 /home/fmkiddo/git/project.asman/cores/engine/HTTP/CURLRequest.php(821): CodeIgniter\HTTP\Exceptions\HTTPException::forCurlError('22', 'The requested U...')
#1 /home/fmkiddo/git/project.asman/cores/engine/HTTP/CURLRequest.php(449): CodeIgniter\HTTP\CURLRequest->sendRequest(Array)
#2 /home/fmkiddo/git/project.asman/cores/engine/HTTP/CURLRequest.php(158): CodeIgniter\HTTP\CURLRequest->send('put', 'http://localhos...')
#3 /home/fmkiddo/git/project.asman/cores/engine/HTTP/CURLRequest.php(265): CodeIgniter\HTTP\CURLRequest->request('put', 'http://localhos...', Array)
#4 /home/fmkiddo/git/project.asman/cores/assetmanager/core/Controllers/BaseController.php(115): CodeIgniter\HTTP\CURLRequest->put('http://localhos...', Array)
#5 /home/fmkiddo/git/project.asman/cores/assetmanager/core/Controllers/DashboardController.php(557): App\Controllers\BaseController->dataRequest(Array)
#6 /home/fmkiddo/git/project.asman/cores/engine/CodeIgniter.php(918): App\Controllers\DashboardController->displayDashboard('index')
#7 /home/fmkiddo/git/project.asman/cores/engine/CodeIgniter.php(404): CodeIgniter\CodeIgniter->runController(Object(App\Controllers\DashboardController))
#8 /home/fmkiddo/git/project.asman/cores/engine/CodeIgniter.php(312): CodeIgniter\CodeIgniter->handleRequest(NULL, Object(Config\Cache), false)
#9 /home/fmkiddo/git/project.asman/subs/assets-manager/index.php(45): CodeIgniter\CodeIgniter->run()
#10 {main}
CRITICAL - 2021-11-10 15:09:39 --> 22 : The requested URL returned error: 500 Internal Server Error
#0 /home/fmkiddo/git/project.asman/cores/engine/HTTP/CURLRequest.php(821): CodeIgniter\HTTP\Exceptions\HTTPException::forCurlError('22', 'The requested U...')
#1 /home/fmkiddo/git/project.asman/cores/engine/HTTP/CURLRequest.php(449): CodeIgniter\HTTP\CURLRequest->sendRequest(Array)
#2 /home/fmkiddo/git/project.asman/cores/engine/HTTP/CURLRequest.php(158): CodeIgniter\HTTP\CURLRequest->send('put', 'http://localhos...')
#3 /home/fmkiddo/git/project.asman/cores/engine/HTTP/CURLRequest.php(265): CodeIgniter\HTTP\CURLRequest->request('put', 'http://localhos...', Array)
#4 /home/fmkiddo/git/project.asman/cores/assetmanager/core/Controllers/BaseController.php(115): CodeIgniter\HTTP\CURLRequest->put('http://localhos...', Array)
#5 /home/fmkiddo/git/project.asman/cores/assetmanager/core/Controllers/FrontendRequestController.php(302): App\Controllers\BaseController->dataRequest(Array)
#6 /home/fmkiddo/git/project.asman/cores/engine/CodeIgniter.php(918): App\Controllers\FrontendRequestController->ajaxRequest()
#7 /home/fmkiddo/git/project.asman/cores/engine/CodeIgniter.php(404): CodeIgniter\CodeIgniter->runController(Object(App\Controllers\FrontendRequestController))
#8 /home/fmkiddo/git/project.asman/cores/engine/CodeIgniter.php(312): CodeIgniter\CodeIgniter->handleRequest(NULL, Object(Config\Cache), false)
#9 /home/fmkiddo/git/project.asman/subs/assets-manager/index.php(45): CodeIgniter\CodeIgniter->run()
#10 {main}
CRITICAL - 2021-11-10 15:10:16 --> 22 : The requested URL returned error: 500 Internal Server Error
#0 /home/fmkiddo/git/project.asman/cores/engine/HTTP/CURLRequest.php(821): CodeIgniter\HTTP\Exceptions\HTTPException::forCurlError('22', 'The requested U...')
#1 /home/fmkiddo/git/project.asman/cores/engine/HTTP/CURLRequest.php(449): CodeIgniter\HTTP\CURLRequest->sendRequest(Array)
#2 /home/fmkiddo/git/project.asman/cores/engine/HTTP/CURLRequest.php(158): CodeIgniter\HTTP\CURLRequest->send('put', 'http://localhos...')
#3 /home/fmkiddo/git/project.asman/cores/engine/HTTP/CURLRequest.php(265): CodeIgniter\HTTP\CURLRequest->request('put', 'http://localhos...', Array)
#4 /home/fmkiddo/git/project.asman/cores/assetmanager/core/Controllers/BaseController.php(115): CodeIgniter\HTTP\CURLRequest->put('http://localhos...', Array)
#5 /home/fmkiddo/git/project.asman/cores/assetmanager/core/Controllers/FrontendRequestController.php(302): App\Controllers\BaseController->dataRequest(Array)
#6 /home/fmkiddo/git/project.asman/cores/engine/CodeIgniter.php(918): App\Controllers\FrontendRequestController->ajaxRequest()
#7 /home/fmkiddo/git/project.asman/cores/engine/CodeIgniter.php(404): CodeIgniter\CodeIgniter->runController(Object(App\Controllers\FrontendRequestController))
#8 /home/fmkiddo/git/project.asman/cores/engine/CodeIgniter.php(312): CodeIgniter\CodeIgniter->handleRequest(NULL, Object(Config\Cache), false)
#9 /home/fmkiddo/git/project.asman/subs/assets-manager/index.php(45): CodeIgniter\CodeIgniter->run()
#10 {main}
CRITICAL - 2021-11-10 15:32:48 --> 22 : The requested URL returned error: 500 Internal Server Error
#0 /home/fmkiddo/git/project.asman/cores/engine/HTTP/CURLRequest.php(821): CodeIgniter\HTTP\Exceptions\HTTPException::forCurlError('22', 'The requested U...')
#1 /home/fmkiddo/git/project.asman/cores/engine/HTTP/CURLRequest.php(449): CodeIgniter\HTTP\CURLRequest->sendRequest(Array)
#2 /home/fmkiddo/git/project.asman/cores/engine/HTTP/CURLRequest.php(158): CodeIgniter\HTTP\CURLRequest->send('put', 'http://localhos...')
#3 /home/fmkiddo/git/project.asman/cores/engine/HTTP/CURLRequest.php(265): CodeIgniter\HTTP\CURLRequest->request('put', 'http://localhos...', Array)
#4 /home/fmkiddo/git/project.asman/cores/assetmanager/core/Controllers/BaseController.php(115): CodeIgniter\HTTP\CURLRequest->put('http://localhos...', Array)
#5 /home/fmkiddo/git/project.asman/cores/assetmanager/core/Controllers/DashboardController.php(457): App\Controllers\BaseController->dataRequest(Array)
#6 /home/fmkiddo/git/project.asman/cores/engine/CodeIgniter.php(918): App\Controllers\DashboardController->displayDashboard('doc-assetreq')
#7 /home/fmkiddo/git/project.asman/cores/engine/CodeIgniter.php(404): CodeIgniter\CodeIgniter->runController(Object(App\Controllers\DashboardController))
#8 /home/fmkiddo/git/project.asman/cores/engine/CodeIgniter.php(312): CodeIgniter\CodeIgniter->handleRequest(NULL, Object(Config\Cache), false)
#9 /home/fmkiddo/git/project.asman/subs/assets-manager/index.php(45): CodeIgniter\CodeIgniter->run()
#10 {main}
CRITICAL - 2021-11-10 15:32:59 --> 22 : The requested URL returned error: 500 Internal Server Error
#0 /home/fmkiddo/git/project.asman/cores/engine/HTTP/CURLRequest.php(821): CodeIgniter\HTTP\Exceptions\HTTPException::forCurlError('22', 'The requested U...')
#1 /home/fmkiddo/git/project.asman/cores/engine/HTTP/CURLRequest.php(449): CodeIgniter\HTTP\CURLRequest->sendRequest(Array)
#2 /home/fmkiddo/git/project.asman/cores/engine/HTTP/CURLRequest.php(158): CodeIgniter\HTTP\CURLRequest->send('put', 'http://localhos...')
#3 /home/fmkiddo/git/project.asman/cores/engine/HTTP/CURLRequest.php(265): CodeIgniter\HTTP\CURLRequest->request('put', 'http://localhos...', Array)
#4 /home/fmkiddo/git/project.asman/cores/assetmanager/core/Controllers/BaseController.php(115): CodeIgniter\HTTP\CURLRequest->put('http://localhos...', Array)
#5 /home/fmkiddo/git/project.asman/cores/assetmanager/core/Controllers/DashboardController.php(457): App\Controllers\BaseController->dataRequest(Array)
#6 /home/fmkiddo/git/project.asman/cores/engine/CodeIgniter.php(918): App\Controllers\DashboardController->displayDashboard('doc-assetreq')
#7 /home/fmkiddo/git/project.asman/cores/engine/CodeIgniter.php(404): CodeIgniter\CodeIgniter->runController(Object(App\Controllers\DashboardController))
#8 /home/fmkiddo/git/project.asman/cores/engine/CodeIgniter.php(312): CodeIgniter\CodeIgniter->handleRequest(NULL, Object(Config\Cache), false)
#9 /home/fmkiddo/git/project.asman/subs/assets-manager/index.php(45): CodeIgniter\CodeIgniter->run()
#10 {main}
