CRITICAL - 2021-05-22 09:38:20 --> Class 'App\Controller\BaseController' not found
#0 /home/rizcky/git/project.asman/engine/Autoloader/Autoloader.php(365): require_once()
#1 /home/rizcky/git/project.asman/engine/Autoloader/Autoloader.php(296): CodeIgniter\Autoloader\Autoloader->requireFile('/home/rizcky/gi...')
#2 /home/rizcky/git/project.asman/engine/Autoloader/Autoloader.php(258): CodeIgniter\Autoloader\Autoloader->loadInNamespace('App\\Controllers...')
#3 [internal function]: CodeIgniter\Autoloader\Autoloader->loadClass('App\\Controllers...')
#4 [internal function]: spl_autoload_call('App\\Controllers...')
#5 /home/rizcky/git/project.asman/engine/CodeIgniter.php(869): class_exists('\\App\\Controller...', true)
#6 /home/rizcky/git/project.asman/engine/CodeIgniter.php(394): CodeIgniter\CodeIgniter->startController()
#7 /home/rizcky/git/project.asman/engine/CodeIgniter.php(312): CodeIgniter\CodeIgniter->handleRequest(NULL, Object(Config\Cache), false)
#8 /home/rizcky/git/project.asman/public/index.php(45): CodeIgniter\CodeIgniter->run()
#9 {main}
CRITICAL - 2021-05-22 09:38:27 --> Class 'App\Controller\BaseController' not found
#0 /home/rizcky/git/project.asman/engine/Autoloader/Autoloader.php(365): require_once()
#1 /home/rizcky/git/project.asman/engine/Autoloader/Autoloader.php(296): CodeIgniter\Autoloader\Autoloader->requireFile('/home/rizcky/gi...')
#2 /home/rizcky/git/project.asman/engine/Autoloader/Autoloader.php(258): CodeIgniter\Autoloader\Autoloader->loadInNamespace('App\\Controllers...')
#3 [internal function]: CodeIgniter\Autoloader\Autoloader->loadClass('App\\Controllers...')
#4 [internal function]: spl_autoload_call('App\\Controllers...')
#5 /home/rizcky/git/project.asman/engine/CodeIgniter.php(869): class_exists('\\App\\Controller...', true)
#6 /home/rizcky/git/project.asman/engine/CodeIgniter.php(394): CodeIgniter\CodeIgniter->startController()
#7 /home/rizcky/git/project.asman/engine/CodeIgniter.php(312): CodeIgniter\CodeIgniter->handleRequest(NULL, Object(Config\Cache), false)
#8 /home/rizcky/git/project.asman/public/index.php(45): CodeIgniter\CodeIgniter->run()
#9 {main}
CRITICAL - 2021-05-22 09:39:02 --> Class 'App\Controller\BaseController' not found
#0 /home/rizcky/git/project.asman/engine/Autoloader/Autoloader.php(365): require_once()
#1 /home/rizcky/git/project.asman/engine/Autoloader/Autoloader.php(296): CodeIgniter\Autoloader\Autoloader->requireFile('/home/rizcky/gi...')
#2 /home/rizcky/git/project.asman/engine/Autoloader/Autoloader.php(258): CodeIgniter\Autoloader\Autoloader->loadInNamespace('App\\Controllers...')
#3 [internal function]: CodeIgniter\Autoloader\Autoloader->loadClass('App\\Controllers...')
#4 [internal function]: spl_autoload_call('App\\Controllers...')
#5 /home/rizcky/git/project.asman/engine/CodeIgniter.php(869): class_exists('\\App\\Controller...', true)
#6 /home/rizcky/git/project.asman/engine/CodeIgniter.php(394): CodeIgniter\CodeIgniter->startController()
#7 /home/rizcky/git/project.asman/engine/CodeIgniter.php(312): CodeIgniter\CodeIgniter->handleRequest(NULL, Object(Config\Cache), false)
#8 /home/rizcky/git/project.asman/public/index.php(45): CodeIgniter\CodeIgniter->run()
#9 {main}
CRITICAL - 2021-05-22 09:41:06 --> Class 'App\Controller\BaseController' not found
#0 /home/rizcky/git/project.asman/engine/Autoloader/Autoloader.php(365): require_once()
#1 /home/rizcky/git/project.asman/engine/Autoloader/Autoloader.php(296): CodeIgniter\Autoloader\Autoloader->requireFile('/home/rizcky/gi...')
#2 /home/rizcky/git/project.asman/engine/Autoloader/Autoloader.php(258): CodeIgniter\Autoloader\Autoloader->loadInNamespace('App\\Controllers...')
#3 [internal function]: CodeIgniter\Autoloader\Autoloader->loadClass('App\\Controllers...')
#4 [internal function]: spl_autoload_call('App\\Controllers...')
#5 /home/rizcky/git/project.asman/engine/CodeIgniter.php(869): class_exists('\\App\\Controller...', true)
#6 /home/rizcky/git/project.asman/engine/CodeIgniter.php(394): CodeIgniter\CodeIgniter->startController()
#7 /home/rizcky/git/project.asman/engine/CodeIgniter.php(312): CodeIgniter\CodeIgniter->handleRequest(NULL, Object(Config\Cache), false)
#8 /home/rizcky/git/project.asman/public/index.php(45): CodeIgniter\CodeIgniter->run()
#9 {main}
CRITICAL - 2021-05-22 10:12:56 --> Class 'App\Controller\BaseController' not found
#0 /home/rizcky/git/project.asman/engine/Autoloader/Autoloader.php(365): require_once()
#1 /home/rizcky/git/project.asman/engine/Autoloader/Autoloader.php(296): CodeIgniter\Autoloader\Autoloader->requireFile('/home/rizcky/gi...')
#2 /home/rizcky/git/project.asman/engine/Autoloader/Autoloader.php(258): CodeIgniter\Autoloader\Autoloader->loadInNamespace('App\\Controllers...')
#3 [internal function]: CodeIgniter\Autoloader\Autoloader->loadClass('App\\Controllers...')
#4 [internal function]: spl_autoload_call('App\\Controllers...')
#5 /home/rizcky/git/project.asman/engine/CodeIgniter.php(869): class_exists('\\App\\Controller...', true)
#6 /home/rizcky/git/project.asman/engine/CodeIgniter.php(394): CodeIgniter\CodeIgniter->startController()
#7 /home/rizcky/git/project.asman/engine/CodeIgniter.php(312): CodeIgniter\CodeIgniter->handleRequest(NULL, Object(Config\Cache), false)
#8 /home/rizcky/git/project.asman/public/index.php(45): CodeIgniter\CodeIgniter->run()
#9 {main}
CRITICAL - 2021-05-22 14:31:37 --> syntax error, unexpected 'throw' (T_THROW), expecting ';'
#0 /home/rizcky/git/project.asman/engine/Autoloader/Autoloader.php(296): CodeIgniter\Autoloader\Autoloader->requireFile('/home/rizcky/gi...')
#1 /home/rizcky/git/project.asman/engine/Autoloader/Autoloader.php(258): CodeIgniter\Autoloader\Autoloader->loadInNamespace('App\\Controllers...')
#2 [internal function]: CodeIgniter\Autoloader\Autoloader->loadClass('App\\Controllers...')
#3 [internal function]: spl_autoload_call('App\\Controllers...')
#4 /home/rizcky/git/project.asman/engine/CodeIgniter.php(869): class_exists('\\App\\Controller...', true)
#5 /home/rizcky/git/project.asman/engine/CodeIgniter.php(394): CodeIgniter\CodeIgniter->startController()
#6 /home/rizcky/git/project.asman/engine/CodeIgniter.php(312): CodeIgniter\CodeIgniter->handleRequest(NULL, Object(Config\Cache), false)
#7 /home/rizcky/git/project.asman/public/index.php(45): CodeIgniter\CodeIgniter->run()
#8 {main}
CRITICAL - 2021-05-22 15:21:08 --> Invalid file: main.php
#0 /home/rizcky/git/project.asman/engine/View/View.php(228): CodeIgniter\Exceptions\FrameworkException::forInvalidFile('main.php')
#1 /home/rizcky/git/project.asman/engine/Common.php(1119): CodeIgniter\View\View->render('main', Array, true)
#2 /home/rizcky/git/project.asman/core/Controllers/Dashboard.php(18): view('main', Array)
#3 /home/rizcky/git/project.asman/engine/CodeIgniter.php(918): App\Controllers\Dashboard->displayDashboard('welcome')
#4 /home/rizcky/git/project.asman/engine/CodeIgniter.php(404): CodeIgniter\CodeIgniter->runController(Object(App\Controllers\Dashboard))
#5 /home/rizcky/git/project.asman/engine/CodeIgniter.php(312): CodeIgniter\CodeIgniter->handleRequest(NULL, Object(Config\Cache), false)
#6 /home/rizcky/git/project.asman/public/index.php(45): CodeIgniter\CodeIgniter->run()
#7 {main}
