CRITICAL - 2021-05-21 03:34:12 --> Class 'App\Controller\BaseController' not found
#0 /home/rizcky/git/project.asman/engine/Autoloader/Autoloader.php(365): require_once()
#1 /home/rizcky/git/project.asman/engine/Autoloader/Autoloader.php(296): CodeIgniter\Autoloader\Autoloader->requireFile('/home/rizcky/gi...')
#2 /home/rizcky/git/project.asman/engine/Autoloader/Autoloader.php(258): CodeIgniter\Autoloader\Autoloader->loadInNamespace('App\\Controllers...')
#3 [internal function]: CodeIgniter\Autoloader\Autoloader->loadClass('App\\Controllers...')
#4 [internal function]: spl_autoload_call('App\\Controllers...')
#5 /home/rizcky/git/project.asman/engine/CodeIgniter.php(869): class_exists('\\App\\Controller...', true)
#6 /home/rizcky/git/project.asman/engine/CodeIgniter.php(394): CodeIgniter\CodeIgniter->startController()
#7 /home/rizcky/git/project.asman/engine/CodeIgniter.php(312): CodeIgniter\CodeIgniter->handleRequest(NULL, Object(Config\Cache), false)
#8 /home/rizcky/git/project.asman/public/index.php(45): CodeIgniter\CodeIgniter->run()
#9 {main}
CRITICAL - 2021-05-21 03:35:14 --> Class 'App\Controller\BaseController' not found
#0 /home/rizcky/git/project.asman/engine/Autoloader/Autoloader.php(365): require_once()
#1 /home/rizcky/git/project.asman/engine/Autoloader/Autoloader.php(296): CodeIgniter\Autoloader\Autoloader->requireFile('/home/rizcky/gi...')
#2 /home/rizcky/git/project.asman/engine/Autoloader/Autoloader.php(258): CodeIgniter\Autoloader\Autoloader->loadInNamespace('App\\Controllers...')
#3 [internal function]: CodeIgniter\Autoloader\Autoloader->loadClass('App\\Controllers...')
#4 [internal function]: spl_autoload_call('App\\Controllers...')
#5 /home/rizcky/git/project.asman/engine/CodeIgniter.php(869): class_exists('\\App\\Controller...', true)
#6 /home/rizcky/git/project.asman/engine/CodeIgniter.php(394): CodeIgniter\CodeIgniter->startController()
#7 /home/rizcky/git/project.asman/engine/CodeIgniter.php(312): CodeIgniter\CodeIgniter->handleRequest(NULL, Object(Config\Cache), false)
#8 /home/rizcky/git/project.asman/public/index.php(45): CodeIgniter\CodeIgniter->run()
#9 {main}
CRITICAL - 2021-05-21 03:35:35 --> Class 'App\Controller\BaseController' not found
#0 /home/rizcky/git/project.asman/engine/Autoloader/Autoloader.php(365): require_once()
#1 /home/rizcky/git/project.asman/engine/Autoloader/Autoloader.php(296): CodeIgniter\Autoloader\Autoloader->requireFile('/home/rizcky/gi...')
#2 /home/rizcky/git/project.asman/engine/Autoloader/Autoloader.php(258): CodeIgniter\Autoloader\Autoloader->loadInNamespace('App\\Controllers...')
#3 [internal function]: CodeIgniter\Autoloader\Autoloader->loadClass('App\\Controllers...')
#4 [internal function]: spl_autoload_call('App\\Controllers...')
#5 /home/rizcky/git/project.asman/engine/CodeIgniter.php(869): class_exists('\\App\\Controller...', true)
#6 /home/rizcky/git/project.asman/engine/CodeIgniter.php(394): CodeIgniter\CodeIgniter->startController()
#7 /home/rizcky/git/project.asman/engine/CodeIgniter.php(312): CodeIgniter\CodeIgniter->handleRequest(NULL, Object(Config\Cache), false)
#8 /home/rizcky/git/project.asman/public/index.php(45): CodeIgniter\CodeIgniter->run()
#9 {main}
CRITICAL - 2021-05-21 03:41:49 --> Class 'App\Controller\BaseController' not found
#0 /home/rizcky/git/project.asman/engine/Autoloader/Autoloader.php(365): require_once()
#1 /home/rizcky/git/project.asman/engine/Autoloader/Autoloader.php(296): CodeIgniter\Autoloader\Autoloader->requireFile('/home/rizcky/gi...')
#2 /home/rizcky/git/project.asman/engine/Autoloader/Autoloader.php(258): CodeIgniter\Autoloader\Autoloader->loadInNamespace('App\\Controllers...')
#3 [internal function]: CodeIgniter\Autoloader\Autoloader->loadClass('App\\Controllers...')
#4 [internal function]: spl_autoload_call('App\\Controllers...')
#5 /home/rizcky/git/project.asman/engine/CodeIgniter.php(869): class_exists('\\App\\Controller...', true)
#6 /home/rizcky/git/project.asman/engine/CodeIgniter.php(394): CodeIgniter\CodeIgniter->startController()
#7 /home/rizcky/git/project.asman/engine/CodeIgniter.php(312): CodeIgniter\CodeIgniter->handleRequest(NULL, Object(Config\Cache), false)
#8 /home/rizcky/git/project.asman/public/index.php(45): CodeIgniter\CodeIgniter->run()
#9 {main}
CRITICAL - 2021-05-21 03:41:58 --> Class 'App\Controller\BaseController' not found
#0 /home/rizcky/git/project.asman/engine/Autoloader/Autoloader.php(365): require_once()
#1 /home/rizcky/git/project.asman/engine/Autoloader/Autoloader.php(296): CodeIgniter\Autoloader\Autoloader->requireFile('/home/rizcky/gi...')
#2 /home/rizcky/git/project.asman/engine/Autoloader/Autoloader.php(258): CodeIgniter\Autoloader\Autoloader->loadInNamespace('App\\Controllers...')
#3 [internal function]: CodeIgniter\Autoloader\Autoloader->loadClass('App\\Controllers...')
#4 [internal function]: spl_autoload_call('App\\Controllers...')
#5 /home/rizcky/git/project.asman/engine/CodeIgniter.php(869): class_exists('\\App\\Controller...', true)
#6 /home/rizcky/git/project.asman/engine/CodeIgniter.php(394): CodeIgniter\CodeIgniter->startController()
#7 /home/rizcky/git/project.asman/engine/CodeIgniter.php(312): CodeIgniter\CodeIgniter->handleRequest(NULL, Object(Config\Cache), false)
#8 /home/rizcky/git/project.asman/public/index.php(45): CodeIgniter\CodeIgniter->run()
#9 {main}
CRITICAL - 2021-05-21 03:42:07 --> Class 'App\Controller\BaseController' not found
#0 /home/rizcky/git/project.asman/engine/Autoloader/Autoloader.php(365): require_once()
#1 /home/rizcky/git/project.asman/engine/Autoloader/Autoloader.php(296): CodeIgniter\Autoloader\Autoloader->requireFile('/home/rizcky/gi...')
#2 /home/rizcky/git/project.asman/engine/Autoloader/Autoloader.php(258): CodeIgniter\Autoloader\Autoloader->loadInNamespace('App\\Controllers...')
#3 [internal function]: CodeIgniter\Autoloader\Autoloader->loadClass('App\\Controllers...')
#4 [internal function]: spl_autoload_call('App\\Controllers...')
#5 /home/rizcky/git/project.asman/engine/CodeIgniter.php(869): class_exists('\\App\\Controller...', true)
#6 /home/rizcky/git/project.asman/engine/CodeIgniter.php(394): CodeIgniter\CodeIgniter->startController()
#7 /home/rizcky/git/project.asman/engine/CodeIgniter.php(312): CodeIgniter\CodeIgniter->handleRequest(NULL, Object(Config\Cache), false)
#8 /home/rizcky/git/project.asman/public/index.php(45): CodeIgniter\CodeIgniter->run()
#9 {main}
CRITICAL - 2021-05-21 03:42:32 --> Class 'App\Controller\BaseController' not found
#0 /home/rizcky/git/project.asman/engine/Autoloader/Autoloader.php(365): require_once()
#1 /home/rizcky/git/project.asman/engine/Autoloader/Autoloader.php(296): CodeIgniter\Autoloader\Autoloader->requireFile('/home/rizcky/gi...')
#2 /home/rizcky/git/project.asman/engine/Autoloader/Autoloader.php(258): CodeIgniter\Autoloader\Autoloader->loadInNamespace('App\\Controllers...')
#3 [internal function]: CodeIgniter\Autoloader\Autoloader->loadClass('App\\Controllers...')
#4 [internal function]: spl_autoload_call('App\\Controllers...')
#5 /home/rizcky/git/project.asman/engine/CodeIgniter.php(869): class_exists('\\App\\Controller...', true)
#6 /home/rizcky/git/project.asman/engine/CodeIgniter.php(394): CodeIgniter\CodeIgniter->startController()
#7 /home/rizcky/git/project.asman/engine/CodeIgniter.php(312): CodeIgniter\CodeIgniter->handleRequest(NULL, Object(Config\Cache), false)
#8 /home/rizcky/git/project.asman/public/index.php(45): CodeIgniter\CodeIgniter->run()
#9 {main}
CRITICAL - 2021-05-21 03:43:29 --> Class 'App\Controller\BaseController' not found
#0 /home/rizcky/git/project.asman/engine/Autoloader/Autoloader.php(365): require_once()
#1 /home/rizcky/git/project.asman/engine/Autoloader/Autoloader.php(296): CodeIgniter\Autoloader\Autoloader->requireFile('/home/rizcky/gi...')
#2 /home/rizcky/git/project.asman/engine/Autoloader/Autoloader.php(258): CodeIgniter\Autoloader\Autoloader->loadInNamespace('App\\Controllers...')
#3 [internal function]: CodeIgniter\Autoloader\Autoloader->loadClass('App\\Controllers...')
#4 [internal function]: spl_autoload_call('App\\Controllers...')
#5 /home/rizcky/git/project.asman/engine/CodeIgniter.php(869): class_exists('\\App\\Controller...', true)
#6 /home/rizcky/git/project.asman/engine/CodeIgniter.php(394): CodeIgniter\CodeIgniter->startController()
#7 /home/rizcky/git/project.asman/engine/CodeIgniter.php(312): CodeIgniter\CodeIgniter->handleRequest(NULL, Object(Config\Cache), false)
#8 /home/rizcky/git/project.asman/public/index.php(45): CodeIgniter\CodeIgniter->run()
#9 {main}
CRITICAL - 2021-05-21 03:45:12 --> Class 'App\Controller\BaseController' not found
#0 /home/rizcky/git/project.asman/engine/Autoloader/Autoloader.php(365): require_once()
#1 /home/rizcky/git/project.asman/engine/Autoloader/Autoloader.php(296): CodeIgniter\Autoloader\Autoloader->requireFile('/home/rizcky/gi...')
#2 /home/rizcky/git/project.asman/engine/Autoloader/Autoloader.php(258): CodeIgniter\Autoloader\Autoloader->loadInNamespace('App\\Controllers...')
#3 [internal function]: CodeIgniter\Autoloader\Autoloader->loadClass('App\\Controllers...')
#4 [internal function]: spl_autoload_call('App\\Controllers...')
#5 /home/rizcky/git/project.asman/engine/CodeIgniter.php(869): class_exists('\\App\\Controller...', true)
#6 /home/rizcky/git/project.asman/engine/CodeIgniter.php(394): CodeIgniter\CodeIgniter->startController()
#7 /home/rizcky/git/project.asman/engine/CodeIgniter.php(312): CodeIgniter\CodeIgniter->handleRequest(NULL, Object(Config\Cache), false)
#8 /home/rizcky/git/project.asman/public/index.php(45): CodeIgniter\CodeIgniter->run()
#9 {main}
CRITICAL - 2021-05-21 03:45:22 --> Class 'App\Controller\BaseController' not found
#0 /home/rizcky/git/project.asman/engine/Autoloader/Autoloader.php(365): require_once()
#1 /home/rizcky/git/project.asman/engine/Autoloader/Autoloader.php(296): CodeIgniter\Autoloader\Autoloader->requireFile('/home/rizcky/gi...')
#2 /home/rizcky/git/project.asman/engine/Autoloader/Autoloader.php(258): CodeIgniter\Autoloader\Autoloader->loadInNamespace('App\\Controllers...')
#3 [internal function]: CodeIgniter\Autoloader\Autoloader->loadClass('App\\Controllers...')
#4 [internal function]: spl_autoload_call('App\\Controllers...')
#5 /home/rizcky/git/project.asman/engine/CodeIgniter.php(869): class_exists('\\App\\Controller...', true)
#6 /home/rizcky/git/project.asman/engine/CodeIgniter.php(394): CodeIgniter\CodeIgniter->startController()
#7 /home/rizcky/git/project.asman/engine/CodeIgniter.php(312): CodeIgniter\CodeIgniter->handleRequest(NULL, Object(Config\Cache), false)
#8 /home/rizcky/git/project.asman/public/index.php(45): CodeIgniter\CodeIgniter->run()
#9 {main}
CRITICAL - 2021-05-21 03:46:23 --> Class 'App\Controller\BaseController' not found
#0 /home/rizcky/git/project.asman/engine/Autoloader/Autoloader.php(365): require_once()
#1 /home/rizcky/git/project.asman/engine/Autoloader/Autoloader.php(296): CodeIgniter\Autoloader\Autoloader->requireFile('/home/rizcky/gi...')
#2 /home/rizcky/git/project.asman/engine/Autoloader/Autoloader.php(258): CodeIgniter\Autoloader\Autoloader->loadInNamespace('App\\Controllers...')
#3 [internal function]: CodeIgniter\Autoloader\Autoloader->loadClass('App\\Controllers...')
#4 [internal function]: spl_autoload_call('App\\Controllers...')
#5 /home/rizcky/git/project.asman/engine/CodeIgniter.php(869): class_exists('\\App\\Controller...', true)
#6 /home/rizcky/git/project.asman/engine/CodeIgniter.php(394): CodeIgniter\CodeIgniter->startController()
#7 /home/rizcky/git/project.asman/engine/CodeIgniter.php(312): CodeIgniter\CodeIgniter->handleRequest(NULL, Object(Config\Cache), false)
#8 /home/rizcky/git/project.asman/public/index.php(45): CodeIgniter\CodeIgniter->run()
#9 {main}
CRITICAL - 2021-05-21 03:46:24 --> Class 'App\Controller\BaseController' not found
#0 /home/rizcky/git/project.asman/engine/Autoloader/Autoloader.php(365): require_once()
#1 /home/rizcky/git/project.asman/engine/Autoloader/Autoloader.php(296): CodeIgniter\Autoloader\Autoloader->requireFile('/home/rizcky/gi...')
#2 /home/rizcky/git/project.asman/engine/Autoloader/Autoloader.php(258): CodeIgniter\Autoloader\Autoloader->loadInNamespace('App\\Controllers...')
#3 [internal function]: CodeIgniter\Autoloader\Autoloader->loadClass('App\\Controllers...')
#4 [internal function]: spl_autoload_call('App\\Controllers...')
#5 /home/rizcky/git/project.asman/engine/CodeIgniter.php(869): class_exists('\\App\\Controller...', true)
#6 /home/rizcky/git/project.asman/engine/CodeIgniter.php(394): CodeIgniter\CodeIgniter->startController()
#7 /home/rizcky/git/project.asman/engine/CodeIgniter.php(312): CodeIgniter\CodeIgniter->handleRequest(NULL, Object(Config\Cache), false)
#8 /home/rizcky/git/project.asman/public/index.php(45): CodeIgniter\CodeIgniter->run()
#9 {main}
CRITICAL - 2021-05-21 03:47:42 --> Class 'App\Controller\BaseController' not found
#0 /home/rizcky/git/project.asman/engine/Autoloader/Autoloader.php(365): require_once()
#1 /home/rizcky/git/project.asman/engine/Autoloader/Autoloader.php(296): CodeIgniter\Autoloader\Autoloader->requireFile('/home/rizcky/gi...')
#2 /home/rizcky/git/project.asman/engine/Autoloader/Autoloader.php(258): CodeIgniter\Autoloader\Autoloader->loadInNamespace('App\\Controllers...')
#3 [internal function]: CodeIgniter\Autoloader\Autoloader->loadClass('App\\Controllers...')
#4 [internal function]: spl_autoload_call('App\\Controllers...')
#5 /home/rizcky/git/project.asman/engine/CodeIgniter.php(869): class_exists('\\App\\Controller...', true)
#6 /home/rizcky/git/project.asman/engine/CodeIgniter.php(394): CodeIgniter\CodeIgniter->startController()
#7 /home/rizcky/git/project.asman/engine/CodeIgniter.php(312): CodeIgniter\CodeIgniter->handleRequest(NULL, Object(Config\Cache), false)
#8 /home/rizcky/git/project.asman/public/index.php(45): CodeIgniter\CodeIgniter->run()
#9 {main}
CRITICAL - 2021-05-21 03:47:55 --> Class 'App\Controller\BaseController' not found
#0 /home/rizcky/git/project.asman/engine/Autoloader/Autoloader.php(365): require_once()
#1 /home/rizcky/git/project.asman/engine/Autoloader/Autoloader.php(296): CodeIgniter\Autoloader\Autoloader->requireFile('/home/rizcky/gi...')
#2 /home/rizcky/git/project.asman/engine/Autoloader/Autoloader.php(258): CodeIgniter\Autoloader\Autoloader->loadInNamespace('App\\Controllers...')
#3 [internal function]: CodeIgniter\Autoloader\Autoloader->loadClass('App\\Controllers...')
#4 [internal function]: spl_autoload_call('App\\Controllers...')
#5 /home/rizcky/git/project.asman/engine/CodeIgniter.php(869): class_exists('\\App\\Controller...', true)
#6 /home/rizcky/git/project.asman/engine/CodeIgniter.php(394): CodeIgniter\CodeIgniter->startController()
#7 /home/rizcky/git/project.asman/engine/CodeIgniter.php(312): CodeIgniter\CodeIgniter->handleRequest(NULL, Object(Config\Cache), false)
#8 /home/rizcky/git/project.asman/public/index.php(45): CodeIgniter\CodeIgniter->run()
#9 {main}
CRITICAL - 2021-05-21 15:57:43 --> Class 'App\Controller\BaseController' not found
#0 /home/rizcky/git/project.asman/engine/Autoloader/Autoloader.php(365): require_once()
#1 /home/rizcky/git/project.asman/engine/Autoloader/Autoloader.php(296): CodeIgniter\Autoloader\Autoloader->requireFile('/home/rizcky/gi...')
#2 /home/rizcky/git/project.asman/engine/Autoloader/Autoloader.php(258): CodeIgniter\Autoloader\Autoloader->loadInNamespace('App\\Controllers...')
#3 [internal function]: CodeIgniter\Autoloader\Autoloader->loadClass('App\\Controllers...')
#4 [internal function]: spl_autoload_call('App\\Controllers...')
#5 /home/rizcky/git/project.asman/engine/CodeIgniter.php(869): class_exists('\\App\\Controller...', true)
#6 /home/rizcky/git/project.asman/engine/CodeIgniter.php(394): CodeIgniter\CodeIgniter->startController()
#7 /home/rizcky/git/project.asman/engine/CodeIgniter.php(312): CodeIgniter\CodeIgniter->handleRequest(NULL, Object(Config\Cache), false)
#8 /home/rizcky/git/project.asman/public/index.php(45): CodeIgniter\CodeIgniter->run()
#9 {main}
