CRITICAL - 2021-10-28 09:52:49 --> 22 : The requested URL returned error: 500 Internal Server Error
#0 /home/fmkiddo/git/project.asman/cores/engine/HTTP/CURLRequest.php(821): CodeIgniter\HTTP\Exceptions\HTTPException::forCurlError('22', 'The requested U...')
#1 /home/fmkiddo/git/project.asman/cores/engine/HTTP/CURLRequest.php(449): CodeIgniter\HTTP\CURLRequest->sendRequest(Array)
#2 /home/fmkiddo/git/project.asman/cores/engine/HTTP/CURLRequest.php(158): CodeIgniter\HTTP\CURLRequest->send('put', 'http://localhos...')
#3 /home/fmkiddo/git/project.asman/cores/engine/HTTP/CURLRequest.php(265): CodeIgniter\HTTP\CURLRequest->request('put', 'http://localhos...', Array)
#4 /home/fmkiddo/git/project.asman/cores/assetmanager/core/Controllers/BaseController.php(110): CodeIgniter\HTTP\CURLRequest->put('http://localhos...', Array)
#5 /home/fmkiddo/git/project.asman/cores/assetmanager/core/Controllers/DashboardController.php(54): App\Controllers\BaseController->dataRequest(Array)
#6 /home/fmkiddo/git/project.asman/cores/assetmanager/core/Controllers/DashboardController.php(311): App\Controllers\DashboardController->saveUser(Array)
#7 /home/fmkiddo/git/project.asman/cores/engine/CodeIgniter.php(918): App\Controllers\DashboardController->displayDashboard('masteruser-newf...')
#8 /home/fmkiddo/git/project.asman/cores/engine/CodeIgniter.php(404): CodeIgniter\CodeIgniter->runController(Object(App\Controllers\DashboardController))
#9 /home/fmkiddo/git/project.asman/cores/engine/CodeIgniter.php(312): CodeIgniter\CodeIgniter->handleRequest(NULL, Object(Config\Cache), false)
#10 /home/fmkiddo/git/project.asman/subs/assets-manager/index.php(45): CodeIgniter\CodeIgniter->run()
#11 {main}
CRITICAL - 2021-10-28 09:56:12 --> 22 : The requested URL returned error: 500 Internal Server Error
#0 /home/fmkiddo/git/project.asman/cores/engine/HTTP/CURLRequest.php(821): CodeIgniter\HTTP\Exceptions\HTTPException::forCurlError('22', 'The requested U...')
#1 /home/fmkiddo/git/project.asman/cores/engine/HTTP/CURLRequest.php(449): CodeIgniter\HTTP\CURLRequest->sendRequest(Array)
#2 /home/fmkiddo/git/project.asman/cores/engine/HTTP/CURLRequest.php(158): CodeIgniter\HTTP\CURLRequest->send('put', 'http://localhos...')
#3 /home/fmkiddo/git/project.asman/cores/engine/HTTP/CURLRequest.php(265): CodeIgniter\HTTP\CURLRequest->request('put', 'http://localhos...', Array)
#4 /home/fmkiddo/git/project.asman/cores/assetmanager/core/Controllers/BaseController.php(110): CodeIgniter\HTTP\CURLRequest->put('http://localhos...', Array)
#5 /home/fmkiddo/git/project.asman/cores/assetmanager/core/Controllers/DashboardController.php(54): App\Controllers\BaseController->dataRequest(Array)
#6 /home/fmkiddo/git/project.asman/cores/assetmanager/core/Controllers/DashboardController.php(311): App\Controllers\DashboardController->saveUser(Array)
#7 /home/fmkiddo/git/project.asman/cores/engine/CodeIgniter.php(918): App\Controllers\DashboardController->displayDashboard('masteruser-newf...')
#8 /home/fmkiddo/git/project.asman/cores/engine/CodeIgniter.php(404): CodeIgniter\CodeIgniter->runController(Object(App\Controllers\DashboardController))
#9 /home/fmkiddo/git/project.asman/cores/engine/CodeIgniter.php(312): CodeIgniter\CodeIgniter->handleRequest(NULL, Object(Config\Cache), false)
#10 /home/fmkiddo/git/project.asman/subs/assets-manager/index.php(45): CodeIgniter\CodeIgniter->run()
#11 {main}
CRITICAL - 2021-10-28 09:58:37 --> 22 : The requested URL returned error: 500 Internal Server Error
#0 /home/fmkiddo/git/project.asman/cores/engine/HTTP/CURLRequest.php(821): CodeIgniter\HTTP\Exceptions\HTTPException::forCurlError('22', 'The requested U...')
#1 /home/fmkiddo/git/project.asman/cores/engine/HTTP/CURLRequest.php(449): CodeIgniter\HTTP\CURLRequest->sendRequest(Array)
#2 /home/fmkiddo/git/project.asman/cores/engine/HTTP/CURLRequest.php(158): CodeIgniter\HTTP\CURLRequest->send('put', 'http://localhos...')
#3 /home/fmkiddo/git/project.asman/cores/engine/HTTP/CURLRequest.php(265): CodeIgniter\HTTP\CURLRequest->request('put', 'http://localhos...', Array)
#4 /home/fmkiddo/git/project.asman/cores/assetmanager/core/Controllers/BaseController.php(110): CodeIgniter\HTTP\CURLRequest->put('http://localhos...', Array)
#5 /home/fmkiddo/git/project.asman/cores/assetmanager/core/Controllers/DashboardController.php(54): App\Controllers\BaseController->dataRequest(Array)
#6 /home/fmkiddo/git/project.asman/cores/assetmanager/core/Controllers/DashboardController.php(311): App\Controllers\DashboardController->saveUser(Array)
#7 /home/fmkiddo/git/project.asman/cores/engine/CodeIgniter.php(918): App\Controllers\DashboardController->displayDashboard('masteruser-newf...')
#8 /home/fmkiddo/git/project.asman/cores/engine/CodeIgniter.php(404): CodeIgniter\CodeIgniter->runController(Object(App\Controllers\DashboardController))
#9 /home/fmkiddo/git/project.asman/cores/engine/CodeIgniter.php(312): CodeIgniter\CodeIgniter->handleRequest(NULL, Object(Config\Cache), false)
#10 /home/fmkiddo/git/project.asman/subs/assets-manager/index.php(45): CodeIgniter\CodeIgniter->run()
#11 {main}
CRITICAL - 2021-10-28 09:59:34 --> 22 : The requested URL returned error: 500 Internal Server Error
#0 /home/fmkiddo/git/project.asman/cores/engine/HTTP/CURLRequest.php(821): CodeIgniter\HTTP\Exceptions\HTTPException::forCurlError('22', 'The requested U...')
#1 /home/fmkiddo/git/project.asman/cores/engine/HTTP/CURLRequest.php(449): CodeIgniter\HTTP\CURLRequest->sendRequest(Array)
#2 /home/fmkiddo/git/project.asman/cores/engine/HTTP/CURLRequest.php(158): CodeIgniter\HTTP\CURLRequest->send('put', 'http://localhos...')
#3 /home/fmkiddo/git/project.asman/cores/engine/HTTP/CURLRequest.php(265): CodeIgniter\HTTP\CURLRequest->request('put', 'http://localhos...', Array)
#4 /home/fmkiddo/git/project.asman/cores/assetmanager/core/Controllers/BaseController.php(110): CodeIgniter\HTTP\CURLRequest->put('http://localhos...', Array)
#5 /home/fmkiddo/git/project.asman/cores/assetmanager/core/Controllers/DashboardController.php(55): App\Controllers\BaseController->dataRequest(Array)
#6 /home/fmkiddo/git/project.asman/cores/assetmanager/core/Controllers/DashboardController.php(312): App\Controllers\DashboardController->saveUser(Array)
#7 /home/fmkiddo/git/project.asman/cores/engine/CodeIgniter.php(918): App\Controllers\DashboardController->displayDashboard('masteruser-newf...')
#8 /home/fmkiddo/git/project.asman/cores/engine/CodeIgniter.php(404): CodeIgniter\CodeIgniter->runController(Object(App\Controllers\DashboardController))
#9 /home/fmkiddo/git/project.asman/cores/engine/CodeIgniter.php(312): CodeIgniter\CodeIgniter->handleRequest(NULL, Object(Config\Cache), false)
#10 /home/fmkiddo/git/project.asman/subs/assets-manager/index.php(45): CodeIgniter\CodeIgniter->run()
#11 {main}
CRITICAL - 2021-10-28 10:00:31 --> 22 : The requested URL returned error: 500 Internal Server Error
#0 /home/fmkiddo/git/project.asman/cores/engine/HTTP/CURLRequest.php(821): CodeIgniter\HTTP\Exceptions\HTTPException::forCurlError('22', 'The requested U...')
#1 /home/fmkiddo/git/project.asman/cores/engine/HTTP/CURLRequest.php(449): CodeIgniter\HTTP\CURLRequest->sendRequest(Array)
#2 /home/fmkiddo/git/project.asman/cores/engine/HTTP/CURLRequest.php(158): CodeIgniter\HTTP\CURLRequest->send('put', 'http://localhos...')
#3 /home/fmkiddo/git/project.asman/cores/engine/HTTP/CURLRequest.php(265): CodeIgniter\HTTP\CURLRequest->request('put', 'http://localhos...', Array)
#4 /home/fmkiddo/git/project.asman/cores/assetmanager/core/Controllers/BaseController.php(110): CodeIgniter\HTTP\CURLRequest->put('http://localhos...', Array)
#5 /home/fmkiddo/git/project.asman/cores/assetmanager/core/Controllers/DashboardController.php(55): App\Controllers\BaseController->dataRequest(Array)
#6 /home/fmkiddo/git/project.asman/cores/assetmanager/core/Controllers/DashboardController.php(312): App\Controllers\DashboardController->saveUser(Array)
#7 /home/fmkiddo/git/project.asman/cores/engine/CodeIgniter.php(918): App\Controllers\DashboardController->displayDashboard('masteruser-newf...')
#8 /home/fmkiddo/git/project.asman/cores/engine/CodeIgniter.php(404): CodeIgniter\CodeIgniter->runController(Object(App\Controllers\DashboardController))
#9 /home/fmkiddo/git/project.asman/cores/engine/CodeIgniter.php(312): CodeIgniter\CodeIgniter->handleRequest(NULL, Object(Config\Cache), false)
#10 /home/fmkiddo/git/project.asman/subs/assets-manager/index.php(45): CodeIgniter\CodeIgniter->run()
#11 {main}
CRITICAL - 2021-10-28 13:58:13 --> Trying to get property 'code' of non-object
#0 /home/fmkiddo/git/project.asman/cores/assetmanager/core/Views/dashboard/location/add.php(4): CodeIgniter\Debug\Exceptions->errorHandler(8, 'Trying to get p...', '/home/fmkiddo/g...', 4, Array)
#1 /home/fmkiddo/git/project.asman/cores/engine/View/View.php(246): include('/home/fmkiddo/g...')
#2 /home/fmkiddo/git/project.asman/cores/engine/Common.php(1119): CodeIgniter\View\View->render('dashboard/locat...', Array, true)
#3 /home/fmkiddo/git/project.asman/cores/assetmanager/core/Controllers/DashboardController.php(489): view('dashboard/locat...', Array)
#4 /home/fmkiddo/git/project.asman/cores/engine/CodeIgniter.php(918): App\Controllers\DashboardController->displayDashboard('form-location')
#5 /home/fmkiddo/git/project.asman/cores/engine/CodeIgniter.php(404): CodeIgniter\CodeIgniter->runController(Object(App\Controllers\DashboardController))
#6 /home/fmkiddo/git/project.asman/cores/engine/CodeIgniter.php(312): CodeIgniter\CodeIgniter->handleRequest(NULL, Object(Config\Cache), false)
#7 /home/fmkiddo/git/project.asman/subs/assets-manager/index.php(45): CodeIgniter\CodeIgniter->run()
#8 {main}
CRITICAL - 2021-10-28 14:17:42 --> Trying to get property 'code' of non-object
#0 /home/fmkiddo/git/project.asman/cores/assetmanager/core/Views/dashboard/location/add.php(4): CodeIgniter\Debug\Exceptions->errorHandler(8, 'Trying to get p...', '/home/fmkiddo/g...', 4, Array)
#1 /home/fmkiddo/git/project.asman/cores/engine/View/View.php(246): include('/home/fmkiddo/g...')
#2 /home/fmkiddo/git/project.asman/cores/engine/Common.php(1119): CodeIgniter\View\View->render('dashboard/locat...', Array, true)
#3 /home/fmkiddo/git/project.asman/cores/assetmanager/core/Controllers/DashboardController.php(489): view('dashboard/locat...', Array)
#4 /home/fmkiddo/git/project.asman/cores/engine/CodeIgniter.php(918): App\Controllers\DashboardController->displayDashboard('form-location')
#5 /home/fmkiddo/git/project.asman/cores/engine/CodeIgniter.php(404): CodeIgniter\CodeIgniter->runController(Object(App\Controllers\DashboardController))
#6 /home/fmkiddo/git/project.asman/cores/engine/CodeIgniter.php(312): CodeIgniter\CodeIgniter->handleRequest(NULL, Object(Config\Cache), false)
#7 /home/fmkiddo/git/project.asman/subs/assets-manager/index.php(45): CodeIgniter\CodeIgniter->run()
#8 {main}
CRITICAL - 2021-10-28 14:20:39 --> Trying to get property 'code' of non-object
#0 /home/fmkiddo/git/project.asman/cores/assetmanager/core/Views/dashboard/location/add.php(4): CodeIgniter\Debug\Exceptions->errorHandler(8, 'Trying to get p...', '/home/fmkiddo/g...', 4, Array)
#1 /home/fmkiddo/git/project.asman/cores/engine/View/View.php(246): include('/home/fmkiddo/g...')
#2 /home/fmkiddo/git/project.asman/cores/engine/Common.php(1119): CodeIgniter\View\View->render('dashboard/locat...', Array, true)
#3 /home/fmkiddo/git/project.asman/cores/assetmanager/core/Controllers/DashboardController.php(489): view('dashboard/locat...', Array)
#4 /home/fmkiddo/git/project.asman/cores/engine/CodeIgniter.php(918): App\Controllers\DashboardController->displayDashboard('form-location')
#5 /home/fmkiddo/git/project.asman/cores/engine/CodeIgniter.php(404): CodeIgniter\CodeIgniter->runController(Object(App\Controllers\DashboardController))
#6 /home/fmkiddo/git/project.asman/cores/engine/CodeIgniter.php(312): CodeIgniter\CodeIgniter->handleRequest(NULL, Object(Config\Cache), false)
#7 /home/fmkiddo/git/project.asman/subs/assets-manager/index.php(45): CodeIgniter\CodeIgniter->run()
#8 {main}
CRITICAL - 2021-10-28 14:22:08 --> Trying to get property 'code' of non-object
#0 /home/fmkiddo/git/project.asman/cores/assetmanager/core/Views/dashboard/location/add.php(4): CodeIgniter\Debug\Exceptions->errorHandler(8, 'Trying to get p...', '/home/fmkiddo/g...', 4, Array)
#1 /home/fmkiddo/git/project.asman/cores/engine/View/View.php(246): include('/home/fmkiddo/g...')
#2 /home/fmkiddo/git/project.asman/cores/engine/Common.php(1119): CodeIgniter\View\View->render('dashboard/locat...', Array, true)
#3 /home/fmkiddo/git/project.asman/cores/assetmanager/core/Controllers/DashboardController.php(490): view('dashboard/locat...', Array)
#4 /home/fmkiddo/git/project.asman/cores/engine/CodeIgniter.php(918): App\Controllers\DashboardController->displayDashboard('form-location')
#5 /home/fmkiddo/git/project.asman/cores/engine/CodeIgniter.php(404): CodeIgniter\CodeIgniter->runController(Object(App\Controllers\DashboardController))
#6 /home/fmkiddo/git/project.asman/cores/engine/CodeIgniter.php(312): CodeIgniter\CodeIgniter->handleRequest(NULL, Object(Config\Cache), false)
#7 /home/fmkiddo/git/project.asman/subs/assets-manager/index.php(45): CodeIgniter\CodeIgniter->run()
#8 {main}
CRITICAL - 2021-10-28 14:22:29 --> Trying to get property 'code' of non-object
#0 /home/fmkiddo/git/project.asman/cores/assetmanager/core/Views/dashboard/location/add.php(4): CodeIgniter\Debug\Exceptions->errorHandler(8, 'Trying to get p...', '/home/fmkiddo/g...', 4, Array)
#1 /home/fmkiddo/git/project.asman/cores/engine/View/View.php(246): include('/home/fmkiddo/g...')
#2 /home/fmkiddo/git/project.asman/cores/engine/Common.php(1119): CodeIgniter\View\View->render('dashboard/locat...', Array, true)
#3 /home/fmkiddo/git/project.asman/cores/assetmanager/core/Controllers/DashboardController.php(490): view('dashboard/locat...', Array)
#4 /home/fmkiddo/git/project.asman/cores/engine/CodeIgniter.php(918): App\Controllers\DashboardController->displayDashboard('form-location')
#5 /home/fmkiddo/git/project.asman/cores/engine/CodeIgniter.php(404): CodeIgniter\CodeIgniter->runController(Object(App\Controllers\DashboardController))
#6 /home/fmkiddo/git/project.asman/cores/engine/CodeIgniter.php(312): CodeIgniter\CodeIgniter->handleRequest(NULL, Object(Config\Cache), false)
#7 /home/fmkiddo/git/project.asman/subs/assets-manager/index.php(45): CodeIgniter\CodeIgniter->run()
#8 {main}
CRITICAL - 2021-10-28 14:22:55 --> Trying to get property 'code' of non-object
#0 /home/fmkiddo/git/project.asman/cores/assetmanager/core/Views/dashboard/location/add.php(4): CodeIgniter\Debug\Exceptions->errorHandler(8, 'Trying to get p...', '/home/fmkiddo/g...', 4, Array)
#1 /home/fmkiddo/git/project.asman/cores/engine/View/View.php(246): include('/home/fmkiddo/g...')
#2 /home/fmkiddo/git/project.asman/cores/engine/Common.php(1119): CodeIgniter\View\View->render('dashboard/locat...', Array, true)
#3 /home/fmkiddo/git/project.asman/cores/assetmanager/core/Controllers/DashboardController.php(490): view('dashboard/locat...', Array)
#4 /home/fmkiddo/git/project.asman/cores/engine/CodeIgniter.php(918): App\Controllers\DashboardController->displayDashboard('form-location')
#5 /home/fmkiddo/git/project.asman/cores/engine/CodeIgniter.php(404): CodeIgniter\CodeIgniter->runController(Object(App\Controllers\DashboardController))
#6 /home/fmkiddo/git/project.asman/cores/engine/CodeIgniter.php(312): CodeIgniter\CodeIgniter->handleRequest(NULL, Object(Config\Cache), false)
#7 /home/fmkiddo/git/project.asman/subs/assets-manager/index.php(45): CodeIgniter\CodeIgniter->run()
#8 {main}
CRITICAL - 2021-10-28 14:23:32 --> Trying to get property 'code' of non-object
#0 /home/fmkiddo/git/project.asman/cores/assetmanager/core/Views/dashboard/location/add.php(4): CodeIgniter\Debug\Exceptions->errorHandler(8, 'Trying to get p...', '/home/fmkiddo/g...', 4, Array)
#1 /home/fmkiddo/git/project.asman/cores/engine/View/View.php(246): include('/home/fmkiddo/g...')
#2 /home/fmkiddo/git/project.asman/cores/engine/Common.php(1119): CodeIgniter\View\View->render('dashboard/locat...', Array, true)
#3 /home/fmkiddo/git/project.asman/cores/assetmanager/core/Controllers/DashboardController.php(489): view('dashboard/locat...', Array)
#4 /home/fmkiddo/git/project.asman/cores/engine/CodeIgniter.php(918): App\Controllers\DashboardController->displayDashboard('form-location')
#5 /home/fmkiddo/git/project.asman/cores/engine/CodeIgniter.php(404): CodeIgniter\CodeIgniter->runController(Object(App\Controllers\DashboardController))
#6 /home/fmkiddo/git/project.asman/cores/engine/CodeIgniter.php(312): CodeIgniter\CodeIgniter->handleRequest(NULL, Object(Config\Cache), false)
#7 /home/fmkiddo/git/project.asman/subs/assets-manager/index.php(45): CodeIgniter\CodeIgniter->run()
#8 {main}
CRITICAL - 2021-10-28 14:26:06 --> Trying to get property 'code' of non-object
#0 /home/fmkiddo/git/project.asman/cores/assetmanager/core/Views/dashboard/location/add.php(4): CodeIgniter\Debug\Exceptions->errorHandler(8, 'Trying to get p...', '/home/fmkiddo/g...', 4, Array)
#1 /home/fmkiddo/git/project.asman/cores/engine/View/View.php(246): include('/home/fmkiddo/g...')
#2 /home/fmkiddo/git/project.asman/cores/engine/Common.php(1119): CodeIgniter\View\View->render('dashboard/locat...', Array, true)
#3 /home/fmkiddo/git/project.asman/cores/assetmanager/core/Controllers/DashboardController.php(489): view('dashboard/locat...', Array)
#4 /home/fmkiddo/git/project.asman/cores/engine/CodeIgniter.php(918): App\Controllers\DashboardController->displayDashboard('form-location')
#5 /home/fmkiddo/git/project.asman/cores/engine/CodeIgniter.php(404): CodeIgniter\CodeIgniter->runController(Object(App\Controllers\DashboardController))
#6 /home/fmkiddo/git/project.asman/cores/engine/CodeIgniter.php(312): CodeIgniter\CodeIgniter->handleRequest(NULL, Object(Config\Cache), false)
#7 /home/fmkiddo/git/project.asman/subs/assets-manager/index.php(45): CodeIgniter\CodeIgniter->run()
#8 {main}
CRITICAL - 2021-10-28 14:31:39 --> Trying to get property 'code' of non-object
#0 /home/fmkiddo/git/project.asman/cores/assetmanager/core/Views/dashboard/location/add.php(4): CodeIgniter\Debug\Exceptions->errorHandler(8, 'Trying to get p...', '/home/fmkiddo/g...', 4, Array)
#1 /home/fmkiddo/git/project.asman/cores/engine/View/View.php(246): include('/home/fmkiddo/g...')
#2 /home/fmkiddo/git/project.asman/cores/engine/Common.php(1119): CodeIgniter\View\View->render('dashboard/locat...', Array, true)
#3 /home/fmkiddo/git/project.asman/cores/assetmanager/core/Controllers/DashboardController.php(489): view('dashboard/locat...', Array)
#4 /home/fmkiddo/git/project.asman/cores/engine/CodeIgniter.php(918): App\Controllers\DashboardController->displayDashboard('form-location')
#5 /home/fmkiddo/git/project.asman/cores/engine/CodeIgniter.php(404): CodeIgniter\CodeIgniter->runController(Object(App\Controllers\DashboardController))
#6 /home/fmkiddo/git/project.asman/cores/engine/CodeIgniter.php(312): CodeIgniter\CodeIgniter->handleRequest(NULL, Object(Config\Cache), false)
#7 /home/fmkiddo/git/project.asman/subs/assets-manager/index.php(45): CodeIgniter\CodeIgniter->run()
#8 {main}
CRITICAL - 2021-10-28 14:32:52 --> Trying to get property 'code' of non-object
#0 /home/fmkiddo/git/project.asman/cores/assetmanager/core/Views/dashboard/location/add.php(4): CodeIgniter\Debug\Exceptions->errorHandler(8, 'Trying to get p...', '/home/fmkiddo/g...', 4, Array)
#1 /home/fmkiddo/git/project.asman/cores/engine/View/View.php(246): include('/home/fmkiddo/g...')
#2 /home/fmkiddo/git/project.asman/cores/engine/Common.php(1119): CodeIgniter\View\View->render('dashboard/locat...', Array, true)
#3 /home/fmkiddo/git/project.asman/cores/assetmanager/core/Controllers/DashboardController.php(491): view('dashboard/locat...', Array)
#4 /home/fmkiddo/git/project.asman/cores/engine/CodeIgniter.php(918): App\Controllers\DashboardController->displayDashboard('form-location')
#5 /home/fmkiddo/git/project.asman/cores/engine/CodeIgniter.php(404): CodeIgniter\CodeIgniter->runController(Object(App\Controllers\DashboardController))
#6 /home/fmkiddo/git/project.asman/cores/engine/CodeIgniter.php(312): CodeIgniter\CodeIgniter->handleRequest(NULL, Object(Config\Cache), false)
#7 /home/fmkiddo/git/project.asman/subs/assets-manager/index.php(45): CodeIgniter\CodeIgniter->run()
#8 {main}
CRITICAL - 2021-10-28 14:38:09 --> 22 : The requested URL returned error: 500 Internal Server Error
#0 /home/fmkiddo/git/project.asman/cores/engine/HTTP/CURLRequest.php(821): CodeIgniter\HTTP\Exceptions\HTTPException::forCurlError('22', 'The requested U...')
#1 /home/fmkiddo/git/project.asman/cores/engine/HTTP/CURLRequest.php(449): CodeIgniter\HTTP\CURLRequest->sendRequest(Array)
#2 /home/fmkiddo/git/project.asman/cores/engine/HTTP/CURLRequest.php(158): CodeIgniter\HTTP\CURLRequest->send('put', 'http://localhos...')
#3 /home/fmkiddo/git/project.asman/cores/engine/HTTP/CURLRequest.php(265): CodeIgniter\HTTP\CURLRequest->request('put', 'http://localhos...', Array)
#4 /home/fmkiddo/git/project.asman/cores/assetmanager/core/Controllers/BaseController.php(110): CodeIgniter\HTTP\CURLRequest->put('http://localhos...', Array)
#5 /home/fmkiddo/git/project.asman/cores/assetmanager/core/Controllers/DashboardController.php(253): App\Controllers\BaseController->dataRequest(Array)
#6 /home/fmkiddo/git/project.asman/cores/engine/CodeIgniter.php(918): App\Controllers\DashboardController->displayDashboard('form-location')
#7 /home/fmkiddo/git/project.asman/cores/engine/CodeIgniter.php(404): CodeIgniter\CodeIgniter->runController(Object(App\Controllers\DashboardController))
#8 /home/fmkiddo/git/project.asman/cores/engine/CodeIgniter.php(312): CodeIgniter\CodeIgniter->handleRequest(NULL, Object(Config\Cache), false)
#9 /home/fmkiddo/git/project.asman/subs/assets-manager/index.php(45): CodeIgniter\CodeIgniter->run()
#10 {main}
CRITICAL - 2021-10-28 14:39:03 --> 22 : The requested URL returned error: 500 Internal Server Error
#0 /home/fmkiddo/git/project.asman/cores/engine/HTTP/CURLRequest.php(821): CodeIgniter\HTTP\Exceptions\HTTPException::forCurlError('22', 'The requested U...')
#1 /home/fmkiddo/git/project.asman/cores/engine/HTTP/CURLRequest.php(449): CodeIgniter\HTTP\CURLRequest->sendRequest(Array)
#2 /home/fmkiddo/git/project.asman/cores/engine/HTTP/CURLRequest.php(158): CodeIgniter\HTTP\CURLRequest->send('put', 'http://localhos...')
#3 /home/fmkiddo/git/project.asman/cores/engine/HTTP/CURLRequest.php(265): CodeIgniter\HTTP\CURLRequest->request('put', 'http://localhos...', Array)
#4 /home/fmkiddo/git/project.asman/cores/assetmanager/core/Controllers/BaseController.php(110): CodeIgniter\HTTP\CURLRequest->put('http://localhos...', Array)
#5 /home/fmkiddo/git/project.asman/cores/assetmanager/core/Controllers/DashboardController.php(253): App\Controllers\BaseController->dataRequest(Array)
#6 /home/fmkiddo/git/project.asman/cores/engine/CodeIgniter.php(918): App\Controllers\DashboardController->displayDashboard('form-location')
#7 /home/fmkiddo/git/project.asman/cores/engine/CodeIgniter.php(404): CodeIgniter\CodeIgniter->runController(Object(App\Controllers\DashboardController))
#8 /home/fmkiddo/git/project.asman/cores/engine/CodeIgniter.php(312): CodeIgniter\CodeIgniter->handleRequest(NULL, Object(Config\Cache), false)
#9 /home/fmkiddo/git/project.asman/subs/assets-manager/index.php(45): CodeIgniter\CodeIgniter->run()
#10 {main}
CRITICAL - 2021-10-28 14:58:21 --> Undefined offset: 7
#0 /home/fmkiddo/git/project.asman/cores/assetmanager/core/Views/dashboard/location/detail.php(61): CodeIgniter\Debug\Exceptions->errorHandler(8, 'Undefined offse...', '/home/fmkiddo/g...', 61, Array)
#1 /home/fmkiddo/git/project.asman/cores/engine/View/View.php(246): include('/home/fmkiddo/g...')
#2 /home/fmkiddo/git/project.asman/cores/engine/Common.php(1119): CodeIgniter\View\View->render('dashboard/locat...', Array, true)
#3 /home/fmkiddo/git/project.asman/cores/assetmanager/core/Controllers/DashboardController.php(503): view('dashboard/locat...', Array)
#4 /home/fmkiddo/git/project.asman/cores/engine/CodeIgniter.php(918): App\Controllers\DashboardController->displayDashboard('location-detail')
#5 /home/fmkiddo/git/project.asman/cores/engine/CodeIgniter.php(404): CodeIgniter\CodeIgniter->runController(Object(App\Controllers\DashboardController))
#6 /home/fmkiddo/git/project.asman/cores/engine/CodeIgniter.php(312): CodeIgniter\CodeIgniter->handleRequest(NULL, Object(Config\Cache), false)
#7 /home/fmkiddo/git/project.asman/subs/assets-manager/index.php(45): CodeIgniter\CodeIgniter->run()
#8 {main}
CRITICAL - 2021-10-28 14:59:34 --> Undefined offset: 7
#0 /home/fmkiddo/git/project.asman/cores/assetmanager/core/Views/dashboard/location/detail.php(61): CodeIgniter\Debug\Exceptions->errorHandler(8, 'Undefined offse...', '/home/fmkiddo/g...', 61, Array)
#1 /home/fmkiddo/git/project.asman/cores/engine/View/View.php(246): include('/home/fmkiddo/g...')
#2 /home/fmkiddo/git/project.asman/cores/engine/Common.php(1119): CodeIgniter\View\View->render('dashboard/locat...', Array, true)
#3 /home/fmkiddo/git/project.asman/cores/assetmanager/core/Controllers/DashboardController.php(503): view('dashboard/locat...', Array)
#4 /home/fmkiddo/git/project.asman/cores/engine/CodeIgniter.php(918): App\Controllers\DashboardController->displayDashboard('location-detail')
#5 /home/fmkiddo/git/project.asman/cores/engine/CodeIgniter.php(404): CodeIgniter\CodeIgniter->runController(Object(App\Controllers\DashboardController))
#6 /home/fmkiddo/git/project.asman/cores/engine/CodeIgniter.php(312): CodeIgniter\CodeIgniter->handleRequest(NULL, Object(Config\Cache), false)
#7 /home/fmkiddo/git/project.asman/subs/assets-manager/index.php(45): CodeIgniter\CodeIgniter->run()
#8 {main}
CRITICAL - 2021-10-28 15:01:00 --> Undefined offset: 7
#0 /home/fmkiddo/git/project.asman/cores/assetmanager/core/Views/dashboard/location/detail.php(61): CodeIgniter\Debug\Exceptions->errorHandler(8, 'Undefined offse...', '/home/fmkiddo/g...', 61, Array)
#1 /home/fmkiddo/git/project.asman/cores/engine/View/View.php(246): include('/home/fmkiddo/g...')
#2 /home/fmkiddo/git/project.asman/cores/engine/Common.php(1119): CodeIgniter\View\View->render('dashboard/locat...', Array, true)
#3 /home/fmkiddo/git/project.asman/cores/assetmanager/core/Controllers/DashboardController.php(503): view('dashboard/locat...', Array)
#4 /home/fmkiddo/git/project.asman/cores/engine/CodeIgniter.php(918): App\Controllers\DashboardController->displayDashboard('location-detail')
#5 /home/fmkiddo/git/project.asman/cores/engine/CodeIgniter.php(404): CodeIgniter\CodeIgniter->runController(Object(App\Controllers\DashboardController))
#6 /home/fmkiddo/git/project.asman/cores/engine/CodeIgniter.php(312): CodeIgniter\CodeIgniter->handleRequest(NULL, Object(Config\Cache), false)
#7 /home/fmkiddo/git/project.asman/subs/assets-manager/index.php(45): CodeIgniter\CodeIgniter->run()
#8 {main}
CRITICAL - 2021-10-28 15:01:35 --> Undefined offset: 7
#0 /home/fmkiddo/git/project.asman/cores/assetmanager/core/Views/dashboard/location/detail.php(61): CodeIgniter\Debug\Exceptions->errorHandler(8, 'Undefined offse...', '/home/fmkiddo/g...', 61, Array)
#1 /home/fmkiddo/git/project.asman/cores/engine/View/View.php(246): include('/home/fmkiddo/g...')
#2 /home/fmkiddo/git/project.asman/cores/engine/Common.php(1119): CodeIgniter\View\View->render('dashboard/locat...', Array, true)
#3 /home/fmkiddo/git/project.asman/cores/assetmanager/core/Controllers/DashboardController.php(503): view('dashboard/locat...', Array)
#4 /home/fmkiddo/git/project.asman/cores/engine/CodeIgniter.php(918): App\Controllers\DashboardController->displayDashboard('location-detail')
#5 /home/fmkiddo/git/project.asman/cores/engine/CodeIgniter.php(404): CodeIgniter\CodeIgniter->runController(Object(App\Controllers\DashboardController))
#6 /home/fmkiddo/git/project.asman/cores/engine/CodeIgniter.php(312): CodeIgniter\CodeIgniter->handleRequest(NULL, Object(Config\Cache), false)
#7 /home/fmkiddo/git/project.asman/subs/assets-manager/index.php(45): CodeIgniter\CodeIgniter->run()
#8 {main}
CRITICAL - 2021-10-28 15:01:44 --> Undefined offset: 7
#0 /home/fmkiddo/git/project.asman/cores/assetmanager/core/Views/dashboard/location/detail.php(61): CodeIgniter\Debug\Exceptions->errorHandler(8, 'Undefined offse...', '/home/fmkiddo/g...', 61, Array)
#1 /home/fmkiddo/git/project.asman/cores/engine/View/View.php(246): include('/home/fmkiddo/g...')
#2 /home/fmkiddo/git/project.asman/cores/engine/Common.php(1119): CodeIgniter\View\View->render('dashboard/locat...', Array, true)
#3 /home/fmkiddo/git/project.asman/cores/assetmanager/core/Controllers/DashboardController.php(503): view('dashboard/locat...', Array)
#4 /home/fmkiddo/git/project.asman/cores/engine/CodeIgniter.php(918): App\Controllers\DashboardController->displayDashboard('location-detail')
#5 /home/fmkiddo/git/project.asman/cores/engine/CodeIgniter.php(404): CodeIgniter\CodeIgniter->runController(Object(App\Controllers\DashboardController))
#6 /home/fmkiddo/git/project.asman/cores/engine/CodeIgniter.php(312): CodeIgniter\CodeIgniter->handleRequest(NULL, Object(Config\Cache), false)
#7 /home/fmkiddo/git/project.asman/subs/assets-manager/index.php(45): CodeIgniter\CodeIgniter->run()
#8 {main}
CRITICAL - 2021-10-28 15:02:09 --> Undefined offset: 7
#0 /home/fmkiddo/git/project.asman/cores/assetmanager/core/Views/dashboard/location/detail.php(61): CodeIgniter\Debug\Exceptions->errorHandler(8, 'Undefined offse...', '/home/fmkiddo/g...', 61, Array)
#1 /home/fmkiddo/git/project.asman/cores/engine/View/View.php(246): include('/home/fmkiddo/g...')
#2 /home/fmkiddo/git/project.asman/cores/engine/Common.php(1119): CodeIgniter\View\View->render('dashboard/locat...', Array, true)
#3 /home/fmkiddo/git/project.asman/cores/assetmanager/core/Controllers/DashboardController.php(503): view('dashboard/locat...', Array)
#4 /home/fmkiddo/git/project.asman/cores/engine/CodeIgniter.php(918): App\Controllers\DashboardController->displayDashboard('location-detail')
#5 /home/fmkiddo/git/project.asman/cores/engine/CodeIgniter.php(404): CodeIgniter\CodeIgniter->runController(Object(App\Controllers\DashboardController))
#6 /home/fmkiddo/git/project.asman/cores/engine/CodeIgniter.php(312): CodeIgniter\CodeIgniter->handleRequest(NULL, Object(Config\Cache), false)
#7 /home/fmkiddo/git/project.asman/subs/assets-manager/index.php(45): CodeIgniter\CodeIgniter->run()
#8 {main}
CRITICAL - 2021-10-28 15:02:13 --> Undefined offset: 7
#0 /home/fmkiddo/git/project.asman/cores/assetmanager/core/Views/dashboard/location/detail.php(61): CodeIgniter\Debug\Exceptions->errorHandler(8, 'Undefined offse...', '/home/fmkiddo/g...', 61, Array)
#1 /home/fmkiddo/git/project.asman/cores/engine/View/View.php(246): include('/home/fmkiddo/g...')
#2 /home/fmkiddo/git/project.asman/cores/engine/Common.php(1119): CodeIgniter\View\View->render('dashboard/locat...', Array, true)
#3 /home/fmkiddo/git/project.asman/cores/assetmanager/core/Controllers/DashboardController.php(503): view('dashboard/locat...', Array)
#4 /home/fmkiddo/git/project.asman/cores/engine/CodeIgniter.php(918): App\Controllers\DashboardController->displayDashboard('location-detail')
#5 /home/fmkiddo/git/project.asman/cores/engine/CodeIgniter.php(404): CodeIgniter\CodeIgniter->runController(Object(App\Controllers\DashboardController))
#6 /home/fmkiddo/git/project.asman/cores/engine/CodeIgniter.php(312): CodeIgniter\CodeIgniter->handleRequest(NULL, Object(Config\Cache), false)
#7 /home/fmkiddo/git/project.asman/subs/assets-manager/index.php(45): CodeIgniter\CodeIgniter->run()
#8 {main}
CRITICAL - 2021-10-28 15:04:11 --> Undefined offset: 7
#0 /home/fmkiddo/git/project.asman/cores/assetmanager/core/Views/dashboard/location/detail.php(61): CodeIgniter\Debug\Exceptions->errorHandler(8, 'Undefined offse...', '/home/fmkiddo/g...', 61, Array)
#1 /home/fmkiddo/git/project.asman/cores/engine/View/View.php(246): include('/home/fmkiddo/g...')
#2 /home/fmkiddo/git/project.asman/cores/engine/Common.php(1119): CodeIgniter\View\View->render('dashboard/locat...', Array, true)
#3 /home/fmkiddo/git/project.asman/cores/assetmanager/core/Controllers/DashboardController.php(503): view('dashboard/locat...', Array)
#4 /home/fmkiddo/git/project.asman/cores/engine/CodeIgniter.php(918): App\Controllers\DashboardController->displayDashboard('location-detail')
#5 /home/fmkiddo/git/project.asman/cores/engine/CodeIgniter.php(404): CodeIgniter\CodeIgniter->runController(Object(App\Controllers\DashboardController))
#6 /home/fmkiddo/git/project.asman/cores/engine/CodeIgniter.php(312): CodeIgniter\CodeIgniter->handleRequest(NULL, Object(Config\Cache), false)
#7 /home/fmkiddo/git/project.asman/subs/assets-manager/index.php(45): CodeIgniter\CodeIgniter->run()
#8 {main}
CRITICAL - 2021-10-28 15:04:13 --> Undefined offset: 7
#0 /home/fmkiddo/git/project.asman/cores/assetmanager/core/Views/dashboard/location/detail.php(61): CodeIgniter\Debug\Exceptions->errorHandler(8, 'Undefined offse...', '/home/fmkiddo/g...', 61, Array)
#1 /home/fmkiddo/git/project.asman/cores/engine/View/View.php(246): include('/home/fmkiddo/g...')
#2 /home/fmkiddo/git/project.asman/cores/engine/Common.php(1119): CodeIgniter\View\View->render('dashboard/locat...', Array, true)
#3 /home/fmkiddo/git/project.asman/cores/assetmanager/core/Controllers/DashboardController.php(503): view('dashboard/locat...', Array)
#4 /home/fmkiddo/git/project.asman/cores/engine/CodeIgniter.php(918): App\Controllers\DashboardController->displayDashboard('location-detail')
#5 /home/fmkiddo/git/project.asman/cores/engine/CodeIgniter.php(404): CodeIgniter\CodeIgniter->runController(Object(App\Controllers\DashboardController))
#6 /home/fmkiddo/git/project.asman/cores/engine/CodeIgniter.php(312): CodeIgniter\CodeIgniter->handleRequest(NULL, Object(Config\Cache), false)
#7 /home/fmkiddo/git/project.asman/subs/assets-manager/index.php(45): CodeIgniter\CodeIgniter->run()
#8 {main}
CRITICAL - 2021-10-28 15:04:24 --> Undefined offset: 7
#0 /home/fmkiddo/git/project.asman/cores/assetmanager/core/Views/dashboard/location/detail.php(61): CodeIgniter\Debug\Exceptions->errorHandler(8, 'Undefined offse...', '/home/fmkiddo/g...', 61, Array)
#1 /home/fmkiddo/git/project.asman/cores/engine/View/View.php(246): include('/home/fmkiddo/g...')
#2 /home/fmkiddo/git/project.asman/cores/engine/Common.php(1119): CodeIgniter\View\View->render('dashboard/locat...', Array, true)
#3 /home/fmkiddo/git/project.asman/cores/assetmanager/core/Controllers/DashboardController.php(503): view('dashboard/locat...', Array)
#4 /home/fmkiddo/git/project.asman/cores/engine/CodeIgniter.php(918): App\Controllers\DashboardController->displayDashboard('location-detail')
#5 /home/fmkiddo/git/project.asman/cores/engine/CodeIgniter.php(404): CodeIgniter\CodeIgniter->runController(Object(App\Controllers\DashboardController))
#6 /home/fmkiddo/git/project.asman/cores/engine/CodeIgniter.php(312): CodeIgniter\CodeIgniter->handleRequest(NULL, Object(Config\Cache), false)
#7 /home/fmkiddo/git/project.asman/subs/assets-manager/index.php(45): CodeIgniter\CodeIgniter->run()
#8 {main}
CRITICAL - 2021-10-28 15:04:44 --> Undefined offset: 7
#0 /home/fmkiddo/git/project.asman/cores/assetmanager/core/Views/dashboard/location/detail.php(61): CodeIgniter\Debug\Exceptions->errorHandler(8, 'Undefined offse...', '/home/fmkiddo/g...', 61, Array)
#1 /home/fmkiddo/git/project.asman/cores/engine/View/View.php(246): include('/home/fmkiddo/g...')
#2 /home/fmkiddo/git/project.asman/cores/engine/Common.php(1119): CodeIgniter\View\View->render('dashboard/locat...', Array, true)
#3 /home/fmkiddo/git/project.asman/cores/assetmanager/core/Controllers/DashboardController.php(504): view('dashboard/locat...', Array)
#4 /home/fmkiddo/git/project.asman/cores/engine/CodeIgniter.php(918): App\Controllers\DashboardController->displayDashboard('location-detail')
#5 /home/fmkiddo/git/project.asman/cores/engine/CodeIgniter.php(404): CodeIgniter\CodeIgniter->runController(Object(App\Controllers\DashboardController))
#6 /home/fmkiddo/git/project.asman/cores/engine/CodeIgniter.php(312): CodeIgniter\CodeIgniter->handleRequest(NULL, Object(Config\Cache), false)
#7 /home/fmkiddo/git/project.asman/subs/assets-manager/index.php(45): CodeIgniter\CodeIgniter->run()
#8 {main}
CRITICAL - 2021-10-28 15:05:21 --> Undefined offset: 7
#0 /home/fmkiddo/git/project.asman/cores/assetmanager/core/Views/dashboard/location/detail.php(62): CodeIgniter\Debug\Exceptions->errorHandler(8, 'Undefined offse...', '/home/fmkiddo/g...', 62, Array)
#1 /home/fmkiddo/git/project.asman/cores/engine/View/View.php(246): include('/home/fmkiddo/g...')
#2 /home/fmkiddo/git/project.asman/cores/engine/Common.php(1119): CodeIgniter\View\View->render('dashboard/locat...', Array, true)
#3 /home/fmkiddo/git/project.asman/cores/assetmanager/core/Controllers/DashboardController.php(504): view('dashboard/locat...', Array)
#4 /home/fmkiddo/git/project.asman/cores/engine/CodeIgniter.php(918): App\Controllers\DashboardController->displayDashboard('location-detail')
#5 /home/fmkiddo/git/project.asman/cores/engine/CodeIgniter.php(404): CodeIgniter\CodeIgniter->runController(Object(App\Controllers\DashboardController))
#6 /home/fmkiddo/git/project.asman/cores/engine/CodeIgniter.php(312): CodeIgniter\CodeIgniter->handleRequest(NULL, Object(Config\Cache), false)
#7 /home/fmkiddo/git/project.asman/subs/assets-manager/index.php(45): CodeIgniter\CodeIgniter->run()
#8 {main}
CRITICAL - 2021-10-28 15:10:24 --> Undefined class constant 'USERID'
#0 /home/fmkiddo/git/project.asman/cores/assetmanager/core/Controllers/FrontendRequestController.php(97): App\Controllers\FrontendRequestController->getLoggedUserID()
#1 /home/fmkiddo/git/project.asman/cores/engine/CodeIgniter.php(918): App\Controllers\FrontendRequestController->ajaxRequest()
#2 /home/fmkiddo/git/project.asman/cores/engine/CodeIgniter.php(404): CodeIgniter\CodeIgniter->runController(Object(App\Controllers\FrontendRequestController))
#3 /home/fmkiddo/git/project.asman/cores/engine/CodeIgniter.php(312): CodeIgniter\CodeIgniter->handleRequest(NULL, Object(Config\Cache), false)
#4 /home/fmkiddo/git/project.asman/subs/assets-manager/index.php(45): CodeIgniter\CodeIgniter->run()
#5 {main}
CRITICAL - 2021-10-28 15:10:40 --> Undefined class constant 'USERID'
#0 /home/fmkiddo/git/project.asman/cores/assetmanager/core/Controllers/FrontendRequestController.php(97): App\Controllers\FrontendRequestController->getLoggedUserID()
#1 /home/fmkiddo/git/project.asman/cores/engine/CodeIgniter.php(918): App\Controllers\FrontendRequestController->ajaxRequest()
#2 /home/fmkiddo/git/project.asman/cores/engine/CodeIgniter.php(404): CodeIgniter\CodeIgniter->runController(Object(App\Controllers\FrontendRequestController))
#3 /home/fmkiddo/git/project.asman/cores/engine/CodeIgniter.php(312): CodeIgniter\CodeIgniter->handleRequest(NULL, Object(Config\Cache), false)
#4 /home/fmkiddo/git/project.asman/subs/assets-manager/index.php(45): CodeIgniter\CodeIgniter->run()
#5 {main}
CRITICAL - 2021-10-28 15:12:27 --> Undefined index: data-categories
#0 /home/fmkiddo/git/project.asman/cores/assetmanager/core/Views/dashboard/assets/new-asset.php(3): CodeIgniter\Debug\Exceptions->errorHandler(8, 'Undefined index...', '/home/fmkiddo/g...', 3, Array)
#1 /home/fmkiddo/git/project.asman/cores/engine/View/View.php(246): include('/home/fmkiddo/g...')
#2 /home/fmkiddo/git/project.asman/cores/engine/Common.php(1119): CodeIgniter\View\View->render('dashboard/asset...', Array, true)
#3 /home/fmkiddo/git/project.asman/cores/assetmanager/core/Controllers/DashboardController.php(496): view('dashboard/asset...', Array)
#4 /home/fmkiddo/git/project.asman/cores/engine/CodeIgniter.php(918): App\Controllers\DashboardController->displayDashboard('new-asset')
#5 /home/fmkiddo/git/project.asman/cores/engine/CodeIgniter.php(404): CodeIgniter\CodeIgniter->runController(Object(App\Controllers\DashboardController))
#6 /home/fmkiddo/git/project.asman/cores/engine/CodeIgniter.php(312): CodeIgniter\CodeIgniter->handleRequest(NULL, Object(Config\Cache), false)
#7 /home/fmkiddo/git/project.asman/subs/assets-manager/index.php(45): CodeIgniter\CodeIgniter->run()
#8 {main}
CRITICAL - 2021-10-28 15:13:36 --> 43 : 
#0 /home/fmkiddo/git/project.asman/cores/engine/HTTP/CURLRequest.php(821): CodeIgniter\HTTP\Exceptions\HTTPException::forCurlError('43', '')
#1 /home/fmkiddo/git/project.asman/cores/engine/HTTP/CURLRequest.php(449): CodeIgniter\HTTP\CURLRequest->sendRequest(Array)
#2 /home/fmkiddo/git/project.asman/cores/engine/HTTP/CURLRequest.php(158): CodeIgniter\HTTP\CURLRequest->send('post', 'http://localhos...')
#3 /home/fmkiddo/git/project.asman/cores/engine/HTTP/CURLRequest.php(250): CodeIgniter\HTTP\CURLRequest->request('post', 'http://localhos...', Array)
#4 /home/fmkiddo/git/project.asman/cores/assetmanager/core/Controllers/FrontendRequestController.php(38): CodeIgniter\HTTP\CURLRequest->post('http://localhos...', Array)
#5 /home/fmkiddo/git/project.asman/cores/assetmanager/core/Controllers/FrontendRequestController.php(61): App\Controllers\FrontendRequestController->fileTransferAPI(Array, 'client/api/data...')
#6 /home/fmkiddo/git/project.asman/cores/engine/CodeIgniter.php(918): App\Controllers\FrontendRequestController->postRequest()
#7 /home/fmkiddo/git/project.asman/cores/engine/CodeIgniter.php(404): CodeIgniter\CodeIgniter->runController(Object(App\Controllers\FrontendRequestController))
#8 /home/fmkiddo/git/project.asman/cores/engine/CodeIgniter.php(312): CodeIgniter\CodeIgniter->handleRequest(NULL, Object(Config\Cache), false)
#9 /home/fmkiddo/git/project.asman/subs/assets-manager/index.php(45): CodeIgniter\CodeIgniter->run()
#10 {main}
CRITICAL - 2021-10-28 15:15:24 --> 22 : The requested URL returned error: 500 Internal Server Error
#0 /home/fmkiddo/git/project.asman/cores/engine/HTTP/CURLRequest.php(821): CodeIgniter\HTTP\Exceptions\HTTPException::forCurlError('22', 'The requested U...')
#1 /home/fmkiddo/git/project.asman/cores/engine/HTTP/CURLRequest.php(449): CodeIgniter\HTTP\CURLRequest->sendRequest(Array)
#2 /home/fmkiddo/git/project.asman/cores/engine/HTTP/CURLRequest.php(158): CodeIgniter\HTTP\CURLRequest->send('put', 'http://localhos...')
#3 /home/fmkiddo/git/project.asman/cores/engine/HTTP/CURLRequest.php(265): CodeIgniter\HTTP\CURLRequest->request('put', 'http://localhos...', Array)
#4 /home/fmkiddo/git/project.asman/cores/assetmanager/core/Controllers/BaseController.php(116): CodeIgniter\HTTP\CURLRequest->put('http://localhos...', Array)
#5 /home/fmkiddo/git/project.asman/cores/assetmanager/core/Controllers/FrontendRequestController.php(218): App\Controllers\BaseController->dataRequest(Array)
#6 /home/fmkiddo/git/project.asman/cores/engine/CodeIgniter.php(918): App\Controllers\FrontendRequestController->ajaxRequest()
#7 /home/fmkiddo/git/project.asman/cores/engine/CodeIgniter.php(404): CodeIgniter\CodeIgniter->runController(Object(App\Controllers\FrontendRequestController))
#8 /home/fmkiddo/git/project.asman/cores/engine/CodeIgniter.php(312): CodeIgniter\CodeIgniter->handleRequest(NULL, Object(Config\Cache), false)
#9 /home/fmkiddo/git/project.asman/subs/assets-manager/index.php(45): CodeIgniter\CodeIgniter->run()
#10 {main}
CRITICAL - 2021-10-28 15:15:50 --> 22 : The requested URL returned error: 500 Internal Server Error
#0 /home/fmkiddo/git/project.asman/cores/engine/HTTP/CURLRequest.php(821): CodeIgniter\HTTP\Exceptions\HTTPException::forCurlError('22', 'The requested U...')
#1 /home/fmkiddo/git/project.asman/cores/engine/HTTP/CURLRequest.php(449): CodeIgniter\HTTP\CURLRequest->sendRequest(Array)
#2 /home/fmkiddo/git/project.asman/cores/engine/HTTP/CURLRequest.php(158): CodeIgniter\HTTP\CURLRequest->send('put', 'http://localhos...')
#3 /home/fmkiddo/git/project.asman/cores/engine/HTTP/CURLRequest.php(265): CodeIgniter\HTTP\CURLRequest->request('put', 'http://localhos...', Array)
#4 /home/fmkiddo/git/project.asman/cores/assetmanager/core/Controllers/BaseController.php(116): CodeIgniter\HTTP\CURLRequest->put('http://localhos...', Array)
#5 /home/fmkiddo/git/project.asman/cores/assetmanager/core/Controllers/FrontendRequestController.php(218): App\Controllers\BaseController->dataRequest(Array)
#6 /home/fmkiddo/git/project.asman/cores/engine/CodeIgniter.php(918): App\Controllers\FrontendRequestController->ajaxRequest()
#7 /home/fmkiddo/git/project.asman/cores/engine/CodeIgniter.php(404): CodeIgniter\CodeIgniter->runController(Object(App\Controllers\FrontendRequestController))
#8 /home/fmkiddo/git/project.asman/cores/engine/CodeIgniter.php(312): CodeIgniter\CodeIgniter->handleRequest(NULL, Object(Config\Cache), false)
#9 /home/fmkiddo/git/project.asman/subs/assets-manager/index.php(45): CodeIgniter\CodeIgniter->run()
#10 {main}
CRITICAL - 2021-10-28 15:16:52 --> 22 : The requested URL returned error: 500 Internal Server Error
#0 /home/fmkiddo/git/project.asman/cores/engine/HTTP/CURLRequest.php(821): CodeIgniter\HTTP\Exceptions\HTTPException::forCurlError('22', 'The requested U...')
#1 /home/fmkiddo/git/project.asman/cores/engine/HTTP/CURLRequest.php(449): CodeIgniter\HTTP\CURLRequest->sendRequest(Array)
#2 /home/fmkiddo/git/project.asman/cores/engine/HTTP/CURLRequest.php(158): CodeIgniter\HTTP\CURLRequest->send('put', 'http://localhos...')
#3 /home/fmkiddo/git/project.asman/cores/engine/HTTP/CURLRequest.php(265): CodeIgniter\HTTP\CURLRequest->request('put', 'http://localhos...', Array)
#4 /home/fmkiddo/git/project.asman/cores/assetmanager/core/Controllers/BaseController.php(116): CodeIgniter\HTTP\CURLRequest->put('http://localhos...', Array)
#5 /home/fmkiddo/git/project.asman/cores/assetmanager/core/Controllers/FrontendRequestController.php(218): App\Controllers\BaseController->dataRequest(Array)
#6 /home/fmkiddo/git/project.asman/cores/engine/CodeIgniter.php(918): App\Controllers\FrontendRequestController->ajaxRequest()
#7 /home/fmkiddo/git/project.asman/cores/engine/CodeIgniter.php(404): CodeIgniter\CodeIgniter->runController(Object(App\Controllers\FrontendRequestController))
#8 /home/fmkiddo/git/project.asman/cores/engine/CodeIgniter.php(312): CodeIgniter\CodeIgniter->handleRequest(NULL, Object(Config\Cache), false)
#9 /home/fmkiddo/git/project.asman/subs/assets-manager/index.php(45): CodeIgniter\CodeIgniter->run()
#10 {main}
CRITICAL - 2021-10-28 15:17:34 --> 22 : The requested URL returned error: 500 Internal Server Error
#0 /home/fmkiddo/git/project.asman/cores/engine/HTTP/CURLRequest.php(821): CodeIgniter\HTTP\Exceptions\HTTPException::forCurlError('22', 'The requested U...')
#1 /home/fmkiddo/git/project.asman/cores/engine/HTTP/CURLRequest.php(449): CodeIgniter\HTTP\CURLRequest->sendRequest(Array)
#2 /home/fmkiddo/git/project.asman/cores/engine/HTTP/CURLRequest.php(158): CodeIgniter\HTTP\CURLRequest->send('put', 'http://localhos...')
#3 /home/fmkiddo/git/project.asman/cores/engine/HTTP/CURLRequest.php(265): CodeIgniter\HTTP\CURLRequest->request('put', 'http://localhos...', Array)
#4 /home/fmkiddo/git/project.asman/cores/assetmanager/core/Controllers/BaseController.php(116): CodeIgniter\HTTP\CURLRequest->put('http://localhos...', Array)
#5 /home/fmkiddo/git/project.asman/cores/assetmanager/core/Controllers/FrontendRequestController.php(218): App\Controllers\BaseController->dataRequest(Array)
#6 /home/fmkiddo/git/project.asman/cores/engine/CodeIgniter.php(918): App\Controllers\FrontendRequestController->ajaxRequest()
#7 /home/fmkiddo/git/project.asman/cores/engine/CodeIgniter.php(404): CodeIgniter\CodeIgniter->runController(Object(App\Controllers\FrontendRequestController))
#8 /home/fmkiddo/git/project.asman/cores/engine/CodeIgniter.php(312): CodeIgniter\CodeIgniter->handleRequest(NULL, Object(Config\Cache), false)
#9 /home/fmkiddo/git/project.asman/subs/assets-manager/index.php(45): CodeIgniter\CodeIgniter->run()
#10 {main}
CRITICAL - 2021-10-28 15:17:52 --> 22 : The requested URL returned error: 500 Internal Server Error
#0 /home/fmkiddo/git/project.asman/cores/engine/HTTP/CURLRequest.php(821): CodeIgniter\HTTP\Exceptions\HTTPException::forCurlError('22', 'The requested U...')
#1 /home/fmkiddo/git/project.asman/cores/engine/HTTP/CURLRequest.php(449): CodeIgniter\HTTP\CURLRequest->sendRequest(Array)
#2 /home/fmkiddo/git/project.asman/cores/engine/HTTP/CURLRequest.php(158): CodeIgniter\HTTP\CURLRequest->send('put', 'http://localhos...')
#3 /home/fmkiddo/git/project.asman/cores/engine/HTTP/CURLRequest.php(265): CodeIgniter\HTTP\CURLRequest->request('put', 'http://localhos...', Array)
#4 /home/fmkiddo/git/project.asman/cores/assetmanager/core/Controllers/BaseController.php(116): CodeIgniter\HTTP\CURLRequest->put('http://localhos...', Array)
#5 /home/fmkiddo/git/project.asman/cores/assetmanager/core/Controllers/FrontendRequestController.php(218): App\Controllers\BaseController->dataRequest(Array)
#6 /home/fmkiddo/git/project.asman/cores/engine/CodeIgniter.php(918): App\Controllers\FrontendRequestController->ajaxRequest()
#7 /home/fmkiddo/git/project.asman/cores/engine/CodeIgniter.php(404): CodeIgniter\CodeIgniter->runController(Object(App\Controllers\FrontendRequestController))
#8 /home/fmkiddo/git/project.asman/cores/engine/CodeIgniter.php(312): CodeIgniter\CodeIgniter->handleRequest(NULL, Object(Config\Cache), false)
#9 /home/fmkiddo/git/project.asman/subs/assets-manager/index.php(45): CodeIgniter\CodeIgniter->run()
#10 {main}
CRITICAL - 2021-10-28 15:18:34 --> 22 : The requested URL returned error: 500 Internal Server Error
#0 /home/fmkiddo/git/project.asman/cores/engine/HTTP/CURLRequest.php(821): CodeIgniter\HTTP\Exceptions\HTTPException::forCurlError('22', 'The requested U...')
#1 /home/fmkiddo/git/project.asman/cores/engine/HTTP/CURLRequest.php(449): CodeIgniter\HTTP\CURLRequest->sendRequest(Array)
#2 /home/fmkiddo/git/project.asman/cores/engine/HTTP/CURLRequest.php(158): CodeIgniter\HTTP\CURLRequest->send('put', 'http://localhos...')
#3 /home/fmkiddo/git/project.asman/cores/engine/HTTP/CURLRequest.php(265): CodeIgniter\HTTP\CURLRequest->request('put', 'http://localhos...', Array)
#4 /home/fmkiddo/git/project.asman/cores/assetmanager/core/Controllers/BaseController.php(116): CodeIgniter\HTTP\CURLRequest->put('http://localhos...', Array)
#5 /home/fmkiddo/git/project.asman/cores/assetmanager/core/Controllers/FrontendRequestController.php(218): App\Controllers\BaseController->dataRequest(Array)
#6 /home/fmkiddo/git/project.asman/cores/engine/CodeIgniter.php(918): App\Controllers\FrontendRequestController->ajaxRequest()
#7 /home/fmkiddo/git/project.asman/cores/engine/CodeIgniter.php(404): CodeIgniter\CodeIgniter->runController(Object(App\Controllers\FrontendRequestController))
#8 /home/fmkiddo/git/project.asman/cores/engine/CodeIgniter.php(312): CodeIgniter\CodeIgniter->handleRequest(NULL, Object(Config\Cache), false)
#9 /home/fmkiddo/git/project.asman/subs/assets-manager/index.php(45): CodeIgniter\CodeIgniter->run()
#10 {main}
CRITICAL - 2021-10-28 15:20:27 --> 22 : The requested URL returned error: 500 Internal Server Error
#0 /home/fmkiddo/git/project.asman/cores/engine/HTTP/CURLRequest.php(821): CodeIgniter\HTTP\Exceptions\HTTPException::forCurlError('22', 'The requested U...')
#1 /home/fmkiddo/git/project.asman/cores/engine/HTTP/CURLRequest.php(449): CodeIgniter\HTTP\CURLRequest->sendRequest(Array)
#2 /home/fmkiddo/git/project.asman/cores/engine/HTTP/CURLRequest.php(158): CodeIgniter\HTTP\CURLRequest->send('put', 'http://localhos...')
#3 /home/fmkiddo/git/project.asman/cores/engine/HTTP/CURLRequest.php(265): CodeIgniter\HTTP\CURLRequest->request('put', 'http://localhos...', Array)
#4 /home/fmkiddo/git/project.asman/cores/assetmanager/core/Controllers/BaseController.php(116): CodeIgniter\HTTP\CURLRequest->put('http://localhos...', Array)
#5 /home/fmkiddo/git/project.asman/cores/assetmanager/core/Controllers/FrontendRequestController.php(218): App\Controllers\BaseController->dataRequest(Array)
#6 /home/fmkiddo/git/project.asman/cores/engine/CodeIgniter.php(918): App\Controllers\FrontendRequestController->ajaxRequest()
#7 /home/fmkiddo/git/project.asman/cores/engine/CodeIgniter.php(404): CodeIgniter\CodeIgniter->runController(Object(App\Controllers\FrontendRequestController))
#8 /home/fmkiddo/git/project.asman/cores/engine/CodeIgniter.php(312): CodeIgniter\CodeIgniter->handleRequest(NULL, Object(Config\Cache), false)
#9 /home/fmkiddo/git/project.asman/subs/assets-manager/index.php(45): CodeIgniter\CodeIgniter->run()
#10 {main}
CRITICAL - 2021-10-28 15:22:51 --> 22 : The requested URL returned error: 500 Internal Server Error
#0 /home/fmkiddo/git/project.asman/cores/engine/HTTP/CURLRequest.php(821): CodeIgniter\HTTP\Exceptions\HTTPException::forCurlError('22', 'The requested U...')
#1 /home/fmkiddo/git/project.asman/cores/engine/HTTP/CURLRequest.php(449): CodeIgniter\HTTP\CURLRequest->sendRequest(Array)
#2 /home/fmkiddo/git/project.asman/cores/engine/HTTP/CURLRequest.php(158): CodeIgniter\HTTP\CURLRequest->send('put', 'http://localhos...')
#3 /home/fmkiddo/git/project.asman/cores/engine/HTTP/CURLRequest.php(265): CodeIgniter\HTTP\CURLRequest->request('put', 'http://localhos...', Array)
#4 /home/fmkiddo/git/project.asman/cores/assetmanager/core/Controllers/BaseController.php(116): CodeIgniter\HTTP\CURLRequest->put('http://localhos...', Array)
#5 /home/fmkiddo/git/project.asman/cores/assetmanager/core/Controllers/FrontendRequestController.php(218): App\Controllers\BaseController->dataRequest(Array)
#6 /home/fmkiddo/git/project.asman/cores/engine/CodeIgniter.php(918): App\Controllers\FrontendRequestController->ajaxRequest()
#7 /home/fmkiddo/git/project.asman/cores/engine/CodeIgniter.php(404): CodeIgniter\CodeIgniter->runController(Object(App\Controllers\FrontendRequestController))
#8 /home/fmkiddo/git/project.asman/cores/engine/CodeIgniter.php(312): CodeIgniter\CodeIgniter->handleRequest(NULL, Object(Config\Cache), false)
#9 /home/fmkiddo/git/project.asman/subs/assets-manager/index.php(45): CodeIgniter\CodeIgniter->run()
#10 {main}
CRITICAL - 2021-10-28 15:25:08 --> Trying to access array offset on value of type null
#0 /home/fmkiddo/git/project.asman/cores/assetmanager/core/Controllers/BaseController.php(119): CodeIgniter\Debug\Exceptions->errorHandler(8, 'Trying to acces...', '/home/fmkiddo/g...', 119, Array)
#1 /home/fmkiddo/git/project.asman/cores/assetmanager/core/Controllers/FrontendRequestController.php(218): App\Controllers\BaseController->dataRequest(Array)
#2 /home/fmkiddo/git/project.asman/cores/engine/CodeIgniter.php(918): App\Controllers\FrontendRequestController->ajaxRequest()
#3 /home/fmkiddo/git/project.asman/cores/engine/CodeIgniter.php(404): CodeIgniter\CodeIgniter->runController(Object(App\Controllers\FrontendRequestController))
#4 /home/fmkiddo/git/project.asman/cores/engine/CodeIgniter.php(312): CodeIgniter\CodeIgniter->handleRequest(NULL, Object(Config\Cache), false)
#5 /home/fmkiddo/git/project.asman/subs/assets-manager/index.php(45): CodeIgniter\CodeIgniter->run()
#6 {main}
CRITICAL - 2021-10-28 15:27:46 --> Trying to access array offset on value of type null
#0 /home/fmkiddo/git/project.asman/cores/assetmanager/core/Controllers/BaseController.php(119): CodeIgniter\Debug\Exceptions->errorHandler(8, 'Trying to acces...', '/home/fmkiddo/g...', 119, Array)
#1 /home/fmkiddo/git/project.asman/cores/assetmanager/core/Controllers/FrontendRequestController.php(218): App\Controllers\BaseController->dataRequest(Array)
#2 /home/fmkiddo/git/project.asman/cores/engine/CodeIgniter.php(918): App\Controllers\FrontendRequestController->ajaxRequest()
#3 /home/fmkiddo/git/project.asman/cores/engine/CodeIgniter.php(404): CodeIgniter\CodeIgniter->runController(Object(App\Controllers\FrontendRequestController))
#4 /home/fmkiddo/git/project.asman/cores/engine/CodeIgniter.php(312): CodeIgniter\CodeIgniter->handleRequest(NULL, Object(Config\Cache), false)
#5 /home/fmkiddo/git/project.asman/subs/assets-manager/index.php(45): CodeIgniter\CodeIgniter->run()
#6 {main}
CRITICAL - 2021-10-28 15:28:52 --> Trying to access array offset on value of type null
#0 /home/fmkiddo/git/project.asman/cores/assetmanager/core/Controllers/BaseController.php(119): CodeIgniter\Debug\Exceptions->errorHandler(8, 'Trying to acces...', '/home/fmkiddo/g...', 119, Array)
#1 /home/fmkiddo/git/project.asman/cores/assetmanager/core/Controllers/FrontendRequestController.php(218): App\Controllers\BaseController->dataRequest(Array)
#2 /home/fmkiddo/git/project.asman/cores/engine/CodeIgniter.php(918): App\Controllers\FrontendRequestController->ajaxRequest()
#3 /home/fmkiddo/git/project.asman/cores/engine/CodeIgniter.php(404): CodeIgniter\CodeIgniter->runController(Object(App\Controllers\FrontendRequestController))
#4 /home/fmkiddo/git/project.asman/cores/engine/CodeIgniter.php(312): CodeIgniter\CodeIgniter->handleRequest(NULL, Object(Config\Cache), false)
#5 /home/fmkiddo/git/project.asman/subs/assets-manager/index.php(45): CodeIgniter\CodeIgniter->run()
#6 {main}
CRITICAL - 2021-10-28 15:52:34 --> 43 : 
#0 /home/fmkiddo/git/project.asman/cores/engine/HTTP/CURLRequest.php(821): CodeIgniter\HTTP\Exceptions\HTTPException::forCurlError('43', '')
#1 /home/fmkiddo/git/project.asman/cores/engine/HTTP/CURLRequest.php(449): CodeIgniter\HTTP\CURLRequest->sendRequest(Array)
#2 /home/fmkiddo/git/project.asman/cores/engine/HTTP/CURLRequest.php(158): CodeIgniter\HTTP\CURLRequest->send('post', 'http://localhos...')
#3 /home/fmkiddo/git/project.asman/cores/engine/HTTP/CURLRequest.php(250): CodeIgniter\HTTP\CURLRequest->request('post', 'http://localhos...', Array)
#4 /home/fmkiddo/git/project.asman/cores/assetmanager/core/Controllers/FrontendRequestController.php(38): CodeIgniter\HTTP\CURLRequest->post('http://localhos...', Array)
#5 /home/fmkiddo/git/project.asman/cores/assetmanager/core/Controllers/FrontendRequestController.php(61): App\Controllers\FrontendRequestController->fileTransferAPI(Array, 'client/api/data...')
#6 /home/fmkiddo/git/project.asman/cores/engine/CodeIgniter.php(918): App\Controllers\FrontendRequestController->postRequest()
#7 /home/fmkiddo/git/project.asman/cores/engine/CodeIgniter.php(404): CodeIgniter\CodeIgniter->runController(Object(App\Controllers\FrontendRequestController))
#8 /home/fmkiddo/git/project.asman/cores/engine/CodeIgniter.php(312): CodeIgniter\CodeIgniter->handleRequest(NULL, Object(Config\Cache), false)
#9 /home/fmkiddo/git/project.asman/subs/assets-manager/index.php(45): CodeIgniter\CodeIgniter->run()
#10 {main}
CRITICAL - 2021-10-28 15:54:39 --> 43 : 
#0 /home/fmkiddo/git/project.asman/cores/engine/HTTP/CURLRequest.php(821): CodeIgniter\HTTP\Exceptions\HTTPException::forCurlError('43', '')
#1 /home/fmkiddo/git/project.asman/cores/engine/HTTP/CURLRequest.php(449): CodeIgniter\HTTP\CURLRequest->sendRequest(Array)
#2 /home/fmkiddo/git/project.asman/cores/engine/HTTP/CURLRequest.php(158): CodeIgniter\HTTP\CURLRequest->send('post', 'http://localhos...')
#3 /home/fmkiddo/git/project.asman/cores/engine/HTTP/CURLRequest.php(250): CodeIgniter\HTTP\CURLRequest->request('post', 'http://localhos...', Array)
#4 /home/fmkiddo/git/project.asman/cores/assetmanager/core/Controllers/FrontendRequestController.php(38): CodeIgniter\HTTP\CURLRequest->post('http://localhos...', Array)
#5 /home/fmkiddo/git/project.asman/cores/assetmanager/core/Controllers/FrontendRequestController.php(61): App\Controllers\FrontendRequestController->fileTransferAPI(Array, 'client/api/data...')
#6 /home/fmkiddo/git/project.asman/cores/engine/CodeIgniter.php(918): App\Controllers\FrontendRequestController->postRequest()
#7 /home/fmkiddo/git/project.asman/cores/engine/CodeIgniter.php(404): CodeIgniter\CodeIgniter->runController(Object(App\Controllers\FrontendRequestController))
#8 /home/fmkiddo/git/project.asman/cores/engine/CodeIgniter.php(312): CodeIgniter\CodeIgniter->handleRequest(NULL, Object(Config\Cache), false)
#9 /home/fmkiddo/git/project.asman/subs/assets-manager/index.php(45): CodeIgniter\CodeIgniter->run()
#10 {main}
