CRITICAL - 2021-06-10 09:10:14 --> 22 : The requested URL returned error: 500 Internal Server Error
#0 /home/rizcky/git/project.asman/engine/HTTP/CURLRequest.php(821): CodeIgniter\HTTP\Exceptions\HTTPException::forCurlError('22', 'The requested U...')
#1 /home/rizcky/git/project.asman/engine/HTTP/CURLRequest.php(449): CodeIgniter\HTTP\CURLRequest->sendRequest(Array)
#2 /home/rizcky/git/project.asman/engine/HTTP/CURLRequest.php(158): CodeIgniter\HTTP\CURLRequest->send('put', 'http://localhos...')
#3 /home/rizcky/git/project.asman/engine/HTTP/CURLRequest.php(265): CodeIgniter\HTTP\CURLRequest->request('put', 'http://localhos...', Array)
#4 /home/rizcky/git/project.asman/core/Controllers/BaseController.php(77): CodeIgniter\HTTP\CURLRequest->put('http://localhos...', Array)
#5 /home/rizcky/git/project.asman/core/Controllers/DashboardController.php(105): App\Controllers\BaseController->dataRequest(Array)
#6 /home/rizcky/git/project.asman/engine/CodeIgniter.php(918): App\Controllers\DashboardController->displayDashboard('master-assets')
#7 /home/rizcky/git/project.asman/engine/CodeIgniter.php(404): CodeIgniter\CodeIgniter->runController(Object(App\Controllers\DashboardController))
#8 /home/rizcky/git/project.asman/engine/CodeIgniter.php(312): CodeIgniter\CodeIgniter->handleRequest(NULL, Object(Config\Cache), false)
#9 /home/rizcky/git/project.asman/public/index.php(45): CodeIgniter\CodeIgniter->run()
#10 {main}
CRITICAL - 2021-06-10 09:10:21 --> 22 : The requested URL returned error: 500 Internal Server Error
#0 /home/rizcky/git/project.asman/engine/HTTP/CURLRequest.php(821): CodeIgniter\HTTP\Exceptions\HTTPException::forCurlError('22', 'The requested U...')
#1 /home/rizcky/git/project.asman/engine/HTTP/CURLRequest.php(449): CodeIgniter\HTTP\CURLRequest->sendRequest(Array)
#2 /home/rizcky/git/project.asman/engine/HTTP/CURLRequest.php(158): CodeIgniter\HTTP\CURLRequest->send('put', 'http://localhos...')
#3 /home/rizcky/git/project.asman/engine/HTTP/CURLRequest.php(265): CodeIgniter\HTTP\CURLRequest->request('put', 'http://localhos...', Array)
#4 /home/rizcky/git/project.asman/core/Controllers/BaseController.php(77): CodeIgniter\HTTP\CURLRequest->put('http://localhos...', Array)
#5 /home/rizcky/git/project.asman/core/Controllers/DashboardController.php(105): App\Controllers\BaseController->dataRequest(Array)
#6 /home/rizcky/git/project.asman/engine/CodeIgniter.php(918): App\Controllers\DashboardController->displayDashboard('master-assets')
#7 /home/rizcky/git/project.asman/engine/CodeIgniter.php(404): CodeIgniter\CodeIgniter->runController(Object(App\Controllers\DashboardController))
#8 /home/rizcky/git/project.asman/engine/CodeIgniter.php(312): CodeIgniter\CodeIgniter->handleRequest(NULL, Object(Config\Cache), false)
#9 /home/rizcky/git/project.asman/public/index.php(45): CodeIgniter\CodeIgniter->run()
#10 {main}
CRITICAL - 2021-06-10 09:12:38 --> 22 : The requested URL returned error: 500 Internal Server Error
#0 /home/rizcky/git/project.asman/engine/HTTP/CURLRequest.php(821): CodeIgniter\HTTP\Exceptions\HTTPException::forCurlError('22', 'The requested U...')
#1 /home/rizcky/git/project.asman/engine/HTTP/CURLRequest.php(449): CodeIgniter\HTTP\CURLRequest->sendRequest(Array)
#2 /home/rizcky/git/project.asman/engine/HTTP/CURLRequest.php(158): CodeIgniter\HTTP\CURLRequest->send('put', 'http://localhos...')
#3 /home/rizcky/git/project.asman/engine/HTTP/CURLRequest.php(265): CodeIgniter\HTTP\CURLRequest->request('put', 'http://localhos...', Array)
#4 /home/rizcky/git/project.asman/core/Controllers/BaseController.php(77): CodeIgniter\HTTP\CURLRequest->put('http://localhos...', Array)
#5 /home/rizcky/git/project.asman/core/Controllers/DashboardController.php(105): App\Controllers\BaseController->dataRequest(Array)
#6 /home/rizcky/git/project.asman/engine/CodeIgniter.php(918): App\Controllers\DashboardController->displayDashboard('master-assets')
#7 /home/rizcky/git/project.asman/engine/CodeIgniter.php(404): CodeIgniter\CodeIgniter->runController(Object(App\Controllers\DashboardController))
#8 /home/rizcky/git/project.asman/engine/CodeIgniter.php(312): CodeIgniter\CodeIgniter->handleRequest(NULL, Object(Config\Cache), false)
#9 /home/rizcky/git/project.asman/public/index.php(45): CodeIgniter\CodeIgniter->run()
#10 {main}
CRITICAL - 2021-06-10 09:12:52 --> 22 : The requested URL returned error: 500 Internal Server Error
#0 /home/rizcky/git/project.asman/engine/HTTP/CURLRequest.php(821): CodeIgniter\HTTP\Exceptions\HTTPException::forCurlError('22', 'The requested U...')
#1 /home/rizcky/git/project.asman/engine/HTTP/CURLRequest.php(449): CodeIgniter\HTTP\CURLRequest->sendRequest(Array)
#2 /home/rizcky/git/project.asman/engine/HTTP/CURLRequest.php(158): CodeIgniter\HTTP\CURLRequest->send('put', 'http://localhos...')
#3 /home/rizcky/git/project.asman/engine/HTTP/CURLRequest.php(265): CodeIgniter\HTTP\CURLRequest->request('put', 'http://localhos...', Array)
#4 /home/rizcky/git/project.asman/core/Controllers/BaseController.php(77): CodeIgniter\HTTP\CURLRequest->put('http://localhos...', Array)
#5 /home/rizcky/git/project.asman/core/Controllers/DashboardController.php(105): App\Controllers\BaseController->dataRequest(Array)
#6 /home/rizcky/git/project.asman/engine/CodeIgniter.php(918): App\Controllers\DashboardController->displayDashboard('master-assets')
#7 /home/rizcky/git/project.asman/engine/CodeIgniter.php(404): CodeIgniter\CodeIgniter->runController(Object(App\Controllers\DashboardController))
#8 /home/rizcky/git/project.asman/engine/CodeIgniter.php(312): CodeIgniter\CodeIgniter->handleRequest(NULL, Object(Config\Cache), false)
#9 /home/rizcky/git/project.asman/public/index.php(45): CodeIgniter\CodeIgniter->run()
#10 {main}
CRITICAL - 2021-06-10 09:43:40 --> 22 : The requested URL returned error: 500 Internal Server Error
#0 /home/rizcky/git/project.asman/engine/HTTP/CURLRequest.php(821): CodeIgniter\HTTP\Exceptions\HTTPException::forCurlError('22', 'The requested U...')
#1 /home/rizcky/git/project.asman/engine/HTTP/CURLRequest.php(449): CodeIgniter\HTTP\CURLRequest->sendRequest(Array)
#2 /home/rizcky/git/project.asman/engine/HTTP/CURLRequest.php(158): CodeIgniter\HTTP\CURLRequest->send('put', 'http://localhos...')
#3 /home/rizcky/git/project.asman/engine/HTTP/CURLRequest.php(265): CodeIgniter\HTTP\CURLRequest->request('put', 'http://localhos...', Array)
#4 /home/rizcky/git/project.asman/core/Controllers/BaseController.php(77): CodeIgniter\HTTP\CURLRequest->put('http://localhos...', Array)
#5 /home/rizcky/git/project.asman/core/Controllers/DashboardController.php(105): App\Controllers\BaseController->dataRequest(Array)
#6 /home/rizcky/git/project.asman/engine/CodeIgniter.php(918): App\Controllers\DashboardController->displayDashboard('master-assets')
#7 /home/rizcky/git/project.asman/engine/CodeIgniter.php(404): CodeIgniter\CodeIgniter->runController(Object(App\Controllers\DashboardController))
#8 /home/rizcky/git/project.asman/engine/CodeIgniter.php(312): CodeIgniter\CodeIgniter->handleRequest(NULL, Object(Config\Cache), false)
#9 /home/rizcky/git/project.asman/public/index.php(45): CodeIgniter\CodeIgniter->run()
#10 {main}
CRITICAL - 2021-06-10 09:46:48 --> 22 : The requested URL returned error: 500 Internal Server Error
#0 /home/rizcky/git/project.asman/engine/HTTP/CURLRequest.php(821): CodeIgniter\HTTP\Exceptions\HTTPException::forCurlError('22', 'The requested U...')
#1 /home/rizcky/git/project.asman/engine/HTTP/CURLRequest.php(449): CodeIgniter\HTTP\CURLRequest->sendRequest(Array)
#2 /home/rizcky/git/project.asman/engine/HTTP/CURLRequest.php(158): CodeIgniter\HTTP\CURLRequest->send('put', 'http://localhos...')
#3 /home/rizcky/git/project.asman/engine/HTTP/CURLRequest.php(265): CodeIgniter\HTTP\CURLRequest->request('put', 'http://localhos...', Array)
#4 /home/rizcky/git/project.asman/core/Controllers/BaseController.php(77): CodeIgniter\HTTP\CURLRequest->put('http://localhos...', Array)
#5 /home/rizcky/git/project.asman/core/Controllers/DashboardController.php(105): App\Controllers\BaseController->dataRequest(Array)
#6 /home/rizcky/git/project.asman/engine/CodeIgniter.php(918): App\Controllers\DashboardController->displayDashboard('master-assets')
#7 /home/rizcky/git/project.asman/engine/CodeIgniter.php(404): CodeIgniter\CodeIgniter->runController(Object(App\Controllers\DashboardController))
#8 /home/rizcky/git/project.asman/engine/CodeIgniter.php(312): CodeIgniter\CodeIgniter->handleRequest(NULL, Object(Config\Cache), false)
#9 /home/rizcky/git/project.asman/public/index.php(45): CodeIgniter\CodeIgniter->run()
#10 {main}
CRITICAL - 2021-06-10 09:48:41 --> 22 : The requested URL returned error: 500 Internal Server Error
#0 /home/rizcky/git/project.asman/engine/HTTP/CURLRequest.php(821): CodeIgniter\HTTP\Exceptions\HTTPException::forCurlError('22', 'The requested U...')
#1 /home/rizcky/git/project.asman/engine/HTTP/CURLRequest.php(449): CodeIgniter\HTTP\CURLRequest->sendRequest(Array)
#2 /home/rizcky/git/project.asman/engine/HTTP/CURLRequest.php(158): CodeIgniter\HTTP\CURLRequest->send('put', 'http://localhos...')
#3 /home/rizcky/git/project.asman/engine/HTTP/CURLRequest.php(265): CodeIgniter\HTTP\CURLRequest->request('put', 'http://localhos...', Array)
#4 /home/rizcky/git/project.asman/core/Controllers/BaseController.php(77): CodeIgniter\HTTP\CURLRequest->put('http://localhos...', Array)
#5 /home/rizcky/git/project.asman/core/Controllers/DashboardController.php(105): App\Controllers\BaseController->dataRequest(Array)
#6 /home/rizcky/git/project.asman/engine/CodeIgniter.php(918): App\Controllers\DashboardController->displayDashboard('master-assets')
#7 /home/rizcky/git/project.asman/engine/CodeIgniter.php(404): CodeIgniter\CodeIgniter->runController(Object(App\Controllers\DashboardController))
#8 /home/rizcky/git/project.asman/engine/CodeIgniter.php(312): CodeIgniter\CodeIgniter->handleRequest(NULL, Object(Config\Cache), false)
#9 /home/rizcky/git/project.asman/public/index.php(45): CodeIgniter\CodeIgniter->run()
#10 {main}
CRITICAL - 2021-06-10 09:48:50 --> 22 : The requested URL returned error: 500 Internal Server Error
#0 /home/rizcky/git/project.asman/engine/HTTP/CURLRequest.php(821): CodeIgniter\HTTP\Exceptions\HTTPException::forCurlError('22', 'The requested U...')
#1 /home/rizcky/git/project.asman/engine/HTTP/CURLRequest.php(449): CodeIgniter\HTTP\CURLRequest->sendRequest(Array)
#2 /home/rizcky/git/project.asman/engine/HTTP/CURLRequest.php(158): CodeIgniter\HTTP\CURLRequest->send('put', 'http://localhos...')
#3 /home/rizcky/git/project.asman/engine/HTTP/CURLRequest.php(265): CodeIgniter\HTTP\CURLRequest->request('put', 'http://localhos...', Array)
#4 /home/rizcky/git/project.asman/core/Controllers/BaseController.php(77): CodeIgniter\HTTP\CURLRequest->put('http://localhos...', Array)
#5 /home/rizcky/git/project.asman/core/Controllers/DashboardController.php(105): App\Controllers\BaseController->dataRequest(Array)
#6 /home/rizcky/git/project.asman/engine/CodeIgniter.php(918): App\Controllers\DashboardController->displayDashboard('master-assets')
#7 /home/rizcky/git/project.asman/engine/CodeIgniter.php(404): CodeIgniter\CodeIgniter->runController(Object(App\Controllers\DashboardController))
#8 /home/rizcky/git/project.asman/engine/CodeIgniter.php(312): CodeIgniter\CodeIgniter->handleRequest(NULL, Object(Config\Cache), false)
#9 /home/rizcky/git/project.asman/public/index.php(45): CodeIgniter\CodeIgniter->run()
#10 {main}
CRITICAL - 2021-06-10 09:48:56 --> 22 : The requested URL returned error: 500 Internal Server Error
#0 /home/rizcky/git/project.asman/engine/HTTP/CURLRequest.php(821): CodeIgniter\HTTP\Exceptions\HTTPException::forCurlError('22', 'The requested U...')
#1 /home/rizcky/git/project.asman/engine/HTTP/CURLRequest.php(449): CodeIgniter\HTTP\CURLRequest->sendRequest(Array)
#2 /home/rizcky/git/project.asman/engine/HTTP/CURLRequest.php(158): CodeIgniter\HTTP\CURLRequest->send('put', 'http://localhos...')
#3 /home/rizcky/git/project.asman/engine/HTTP/CURLRequest.php(265): CodeIgniter\HTTP\CURLRequest->request('put', 'http://localhos...', Array)
#4 /home/rizcky/git/project.asman/core/Controllers/BaseController.php(77): CodeIgniter\HTTP\CURLRequest->put('http://localhos...', Array)
#5 /home/rizcky/git/project.asman/core/Controllers/DashboardController.php(105): App\Controllers\BaseController->dataRequest(Array)
#6 /home/rizcky/git/project.asman/engine/CodeIgniter.php(918): App\Controllers\DashboardController->displayDashboard('master-assets')
#7 /home/rizcky/git/project.asman/engine/CodeIgniter.php(404): CodeIgniter\CodeIgniter->runController(Object(App\Controllers\DashboardController))
#8 /home/rizcky/git/project.asman/engine/CodeIgniter.php(312): CodeIgniter\CodeIgniter->handleRequest(NULL, Object(Config\Cache), false)
#9 /home/rizcky/git/project.asman/public/index.php(45): CodeIgniter\CodeIgniter->run()
#10 {main}
CRITICAL - 2021-06-10 10:38:16 --> Cannot use object of type CodeIgniter\Entity as array
#0 /home/rizcky/git/project.asman/engine/View/View.php(246): include()
#1 /home/rizcky/git/project.asman/engine/Common.php(1119): CodeIgniter\View\View->render('dashboard/asset...', Array, true)
#2 /home/rizcky/git/project.asman/core/Controllers/DashboardController.php(141): view('dashboard/asset...', Array)
#3 /home/rizcky/git/project.asman/engine/CodeIgniter.php(918): App\Controllers\DashboardController->displayDashboard('master-assets')
#4 /home/rizcky/git/project.asman/engine/CodeIgniter.php(404): CodeIgniter\CodeIgniter->runController(Object(App\Controllers\DashboardController))
#5 /home/rizcky/git/project.asman/engine/CodeIgniter.php(312): CodeIgniter\CodeIgniter->handleRequest(NULL, Object(Config\Cache), false)
#6 /home/rizcky/git/project.asman/public/index.php(45): CodeIgniter\CodeIgniter->run()
#7 {main}
CRITICAL - 2021-06-10 10:38:19 --> Cannot use object of type stdClass as array
#0 /home/rizcky/git/project.asman/engine/View/View.php(246): include()
#1 /home/rizcky/git/project.asman/engine/Common.php(1119): CodeIgniter\View\View->render('dashboard/asset...', Array, true)
#2 /home/rizcky/git/project.asman/core/Controllers/DashboardController.php(141): view('dashboard/asset...', Array)
#3 /home/rizcky/git/project.asman/engine/CodeIgniter.php(918): App\Controllers\DashboardController->displayDashboard('master-assets')
#4 /home/rizcky/git/project.asman/engine/CodeIgniter.php(404): CodeIgniter\CodeIgniter->runController(Object(App\Controllers\DashboardController))
#5 /home/rizcky/git/project.asman/engine/CodeIgniter.php(312): CodeIgniter\CodeIgniter->handleRequest(NULL, Object(Config\Cache), false)
#6 /home/rizcky/git/project.asman/public/index.php(45): CodeIgniter\CodeIgniter->run()
#7 {main}
CRITICAL - 2021-06-10 10:38:23 --> Cannot use object of type stdClass as array
#0 /home/rizcky/git/project.asman/engine/View/View.php(246): include()
#1 /home/rizcky/git/project.asman/engine/Common.php(1119): CodeIgniter\View\View->render('dashboard/asset...', Array, true)
#2 /home/rizcky/git/project.asman/core/Controllers/DashboardController.php(141): view('dashboard/asset...', Array)
#3 /home/rizcky/git/project.asman/engine/CodeIgniter.php(918): App\Controllers\DashboardController->displayDashboard('master-assets')
#4 /home/rizcky/git/project.asman/engine/CodeIgniter.php(404): CodeIgniter\CodeIgniter->runController(Object(App\Controllers\DashboardController))
#5 /home/rizcky/git/project.asman/engine/CodeIgniter.php(312): CodeIgniter\CodeIgniter->handleRequest(NULL, Object(Config\Cache), false)
#6 /home/rizcky/git/project.asman/public/index.php(45): CodeIgniter\CodeIgniter->run()
#7 {main}
CRITICAL - 2021-06-10 10:39:16 --> Call to undefined method stdClass::toArray()
#0 /home/rizcky/git/project.asman/engine/View/View.php(246): include()
#1 /home/rizcky/git/project.asman/engine/Common.php(1119): CodeIgniter\View\View->render('dashboard/asset...', Array, true)
#2 /home/rizcky/git/project.asman/core/Controllers/DashboardController.php(141): view('dashboard/asset...', Array)
#3 /home/rizcky/git/project.asman/engine/CodeIgniter.php(918): App\Controllers\DashboardController->displayDashboard('master-assets')
#4 /home/rizcky/git/project.asman/engine/CodeIgniter.php(404): CodeIgniter\CodeIgniter->runController(Object(App\Controllers\DashboardController))
#5 /home/rizcky/git/project.asman/engine/CodeIgniter.php(312): CodeIgniter\CodeIgniter->handleRequest(NULL, Object(Config\Cache), false)
#6 /home/rizcky/git/project.asman/public/index.php(45): CodeIgniter\CodeIgniter->run()
#7 {main}
CRITICAL - 2021-06-10 10:39:19 --> Call to undefined method stdClass::toArray()
#0 /home/rizcky/git/project.asman/engine/View/View.php(246): include()
#1 /home/rizcky/git/project.asman/engine/Common.php(1119): CodeIgniter\View\View->render('dashboard/asset...', Array, true)
#2 /home/rizcky/git/project.asman/core/Controllers/DashboardController.php(141): view('dashboard/asset...', Array)
#3 /home/rizcky/git/project.asman/engine/CodeIgniter.php(918): App\Controllers\DashboardController->displayDashboard('master-assets')
#4 /home/rizcky/git/project.asman/engine/CodeIgniter.php(404): CodeIgniter\CodeIgniter->runController(Object(App\Controllers\DashboardController))
#5 /home/rizcky/git/project.asman/engine/CodeIgniter.php(312): CodeIgniter\CodeIgniter->handleRequest(NULL, Object(Config\Cache), false)
#6 /home/rizcky/git/project.asman/public/index.php(45): CodeIgniter\CodeIgniter->run()
#7 {main}
