CRITICAL - 2022-08-18 10:11:09 --> 22 : The requested URL returned error: 500 Internal Server Error
#0 /home/fmkiddo/git/project.asman/cores/engine/HTTP/CURLRequest.php(821): CodeIgniter\HTTP\Exceptions\HTTPException::forCurlError('22', 'The requested U...')
#1 /home/fmkiddo/git/project.asman/cores/engine/HTTP/CURLRequest.php(449): CodeIgniter\HTTP\CURLRequest->sendRequest(Array)
#2 /home/fmkiddo/git/project.asman/cores/engine/HTTP/CURLRequest.php(158): CodeIgniter\HTTP\CURLRequest->send('put', 'http://localhos...')
#3 /home/fmkiddo/git/project.asman/cores/engine/HTTP/CURLRequest.php(265): CodeIgniter\HTTP\CURLRequest->request('put', 'http://localhos...', Array)
#4 /home/fmkiddo/git/project.asman/cores/assetmanager/core/Controllers/BaseController.php(88): CodeIgniter\HTTP\CURLRequest->put('http://localhos...', Array)
#5 /home/fmkiddo/git/project.asman/cores/assetmanager/core/Controllers/FrontpageController.php(55): App\Controllers\BaseController->authenticate(Array)
#6 /home/fmkiddo/git/project.asman/cores/assetmanager/core/Controllers/FrontpageController.php(178): App\Controllers\FrontpageController->verifyClient()
#7 /home/fmkiddo/git/project.asman/cores/engine/CodeIgniter.php(918): App\Controllers\FrontpageController->doClientAuthentication()
#8 /home/fmkiddo/git/project.asman/cores/engine/CodeIgniter.php(404): CodeIgniter\CodeIgniter->runController(Object(App\Controllers\FrontpageController))
#9 /home/fmkiddo/git/project.asman/cores/engine/CodeIgniter.php(312): CodeIgniter\CodeIgniter->handleRequest(NULL, Object(Config\Cache), false)
#10 /home/fmkiddo/git/project.asman/subs/assets-manager/index.php(45): CodeIgniter\CodeIgniter->run()
#11 {main}
CRITICAL - 2022-08-18 10:11:23 --> 22 : The requested URL returned error: 500 Internal Server Error
#0 /home/fmkiddo/git/project.asman/cores/engine/HTTP/CURLRequest.php(821): CodeIgniter\HTTP\Exceptions\HTTPException::forCurlError('22', 'The requested U...')
#1 /home/fmkiddo/git/project.asman/cores/engine/HTTP/CURLRequest.php(449): CodeIgniter\HTTP\CURLRequest->sendRequest(Array)
#2 /home/fmkiddo/git/project.asman/cores/engine/HTTP/CURLRequest.php(158): CodeIgniter\HTTP\CURLRequest->send('put', 'http://localhos...')
#3 /home/fmkiddo/git/project.asman/cores/engine/HTTP/CURLRequest.php(265): CodeIgniter\HTTP\CURLRequest->request('put', 'http://localhos...', Array)
#4 /home/fmkiddo/git/project.asman/cores/assetmanager/core/Controllers/BaseController.php(88): CodeIgniter\HTTP\CURLRequest->put('http://localhos...', Array)
#5 /home/fmkiddo/git/project.asman/cores/assetmanager/core/Controllers/FrontpageController.php(55): App\Controllers\BaseController->authenticate(Array)
#6 /home/fmkiddo/git/project.asman/cores/assetmanager/core/Controllers/FrontpageController.php(178): App\Controllers\FrontpageController->verifyClient()
#7 /home/fmkiddo/git/project.asman/cores/engine/CodeIgniter.php(918): App\Controllers\FrontpageController->doClientAuthentication()
#8 /home/fmkiddo/git/project.asman/cores/engine/CodeIgniter.php(404): CodeIgniter\CodeIgniter->runController(Object(App\Controllers\FrontpageController))
#9 /home/fmkiddo/git/project.asman/cores/engine/CodeIgniter.php(312): CodeIgniter\CodeIgniter->handleRequest(NULL, Object(Config\Cache), false)
#10 /home/fmkiddo/git/project.asman/subs/assets-manager/index.php(45): CodeIgniter\CodeIgniter->run()
#11 {main}
