CRITICAL - 2021-08-24 14:01:37 --> 22 : The requested URL returned error: 500 Internal Server Error
#0 /home/fmkiddo/git/project.asman/engine/HTTP/CURLRequest.php(821): CodeIgniter\HTTP\Exceptions\HTTPException::forCurlError('22', 'The requested U...')
#1 /home/fmkiddo/git/project.asman/engine/HTTP/CURLRequest.php(449): CodeIgniter\HTTP\CURLRequest->sendRequest(Array)
#2 /home/fmkiddo/git/project.asman/engine/HTTP/CURLRequest.php(158): CodeIgniter\HTTP\CURLRequest->send('put', 'http://localhos...')
#3 /home/fmkiddo/git/project.asman/engine/HTTP/CURLRequest.php(265): CodeIgniter\HTTP\CURLRequest->request('put', 'http://localhos...', Array)
#4 /home/fmkiddo/git/project.asman/core/Controllers/BaseController.php(77): CodeIgniter\HTTP\CURLRequest->put('http://localhos...', Array)
#5 /home/fmkiddo/git/project.asman/core/Controllers/DashboardController.php(198): App\Controllers\BaseController->dataRequest(Array)
#6 /home/fmkiddo/git/project.asman/engine/CodeIgniter.php(918): App\Controllers\DashboardController->displayDashboard('master-assets')
#7 /home/fmkiddo/git/project.asman/engine/CodeIgniter.php(404): CodeIgniter\CodeIgniter->runController(Object(App\Controllers\DashboardController))
#8 /home/fmkiddo/git/project.asman/engine/CodeIgniter.php(312): CodeIgniter\CodeIgniter->handleRequest(NULL, Object(Config\Cache), false)
#9 /home/fmkiddo/git/project.asman/public/index.php(45): CodeIgniter\CodeIgniter->run()
#10 {main}
CRITICAL - 2021-08-24 14:01:37 --> 22 : The requested URL returned error: 500 Internal Server Error
#0 /home/fmkiddo/git/project.asman/engine/HTTP/CURLRequest.php(821): CodeIgniter\HTTP\Exceptions\HTTPException::forCurlError('22', 'The requested U...')
#1 /home/fmkiddo/git/project.asman/engine/HTTP/CURLRequest.php(449): CodeIgniter\HTTP\CURLRequest->sendRequest(Array)
#2 /home/fmkiddo/git/project.asman/engine/HTTP/CURLRequest.php(158): CodeIgniter\HTTP\CURLRequest->send('put', 'http://localhos...')
#3 /home/fmkiddo/git/project.asman/engine/HTTP/CURLRequest.php(265): CodeIgniter\HTTP\CURLRequest->request('put', 'http://localhos...', Array)
#4 /home/fmkiddo/git/project.asman/core/Controllers/BaseController.php(77): CodeIgniter\HTTP\CURLRequest->put('http://localhos...', Array)
#5 /home/fmkiddo/git/project.asman/core/Controllers/DashboardController.php(230): App\Controllers\BaseController->dataRequest(Array)
#6 /home/fmkiddo/git/project.asman/engine/CodeIgniter.php(918): App\Controllers\DashboardController->displayDashboard('form-asset')
#7 /home/fmkiddo/git/project.asman/engine/CodeIgniter.php(404): CodeIgniter\CodeIgniter->runController(Object(App\Controllers\DashboardController))
#8 /home/fmkiddo/git/project.asman/engine/CodeIgniter.php(312): CodeIgniter\CodeIgniter->handleRequest(NULL, Object(Config\Cache), false)
#9 /home/fmkiddo/git/project.asman/public/index.php(45): CodeIgniter\CodeIgniter->run()
#10 {main}
CRITICAL - 2021-08-24 14:39:56 --> 22 : The requested URL returned error: 500 Internal Server Error
#0 /home/fmkiddo/git/project.asman/engine/HTTP/CURLRequest.php(821): CodeIgniter\HTTP\Exceptions\HTTPException::forCurlError('22', 'The requested U...')
#1 /home/fmkiddo/git/project.asman/engine/HTTP/CURLRequest.php(449): CodeIgniter\HTTP\CURLRequest->sendRequest(Array)
#2 /home/fmkiddo/git/project.asman/engine/HTTP/CURLRequest.php(158): CodeIgniter\HTTP\CURLRequest->send('put', 'http://localhos...')
#3 /home/fmkiddo/git/project.asman/engine/HTTP/CURLRequest.php(265): CodeIgniter\HTTP\CURLRequest->request('put', 'http://localhos...', Array)
#4 /home/fmkiddo/git/project.asman/core/Controllers/BaseController.php(77): CodeIgniter\HTTP\CURLRequest->put('http://localhos...', Array)
#5 /home/fmkiddo/git/project.asman/core/Controllers/DashboardController.php(243): App\Controllers\BaseController->dataRequest(Array)
#6 /home/fmkiddo/git/project.asman/engine/CodeIgniter.php(918): App\Controllers\DashboardController->displayDashboard('users')
#7 /home/fmkiddo/git/project.asman/engine/CodeIgniter.php(404): CodeIgniter\CodeIgniter->runController(Object(App\Controllers\DashboardController))
#8 /home/fmkiddo/git/project.asman/engine/CodeIgniter.php(312): CodeIgniter\CodeIgniter->handleRequest(NULL, Object(Config\Cache), false)
#9 /home/fmkiddo/git/project.asman/public/index.php(45): CodeIgniter\CodeIgniter->run()
#10 {main}
CRITICAL - 2021-08-24 15:56:57 --> Undefined index: muser-listdata
#0 /home/fmkiddo/git/project.asman/core/Views/dashboard/users/main.php(16): CodeIgniter\Debug\Exceptions->errorHandler(8, 'Undefined index...', '/home/fmkiddo/g...', 16, Array)
#1 /home/fmkiddo/git/project.asman/engine/View/View.php(246): include('/home/fmkiddo/g...')
#2 /home/fmkiddo/git/project.asman/engine/Common.php(1119): CodeIgniter\View\View->render('dashboard/users...', Array, true)
#3 /home/fmkiddo/git/project.asman/core/Controllers/DashboardController.php(259): view('dashboard/users...', Array)
#4 /home/fmkiddo/git/project.asman/engine/CodeIgniter.php(918): App\Controllers\DashboardController->displayDashboard('users')
#5 /home/fmkiddo/git/project.asman/engine/CodeIgniter.php(404): CodeIgniter\CodeIgniter->runController(Object(App\Controllers\DashboardController))
#6 /home/fmkiddo/git/project.asman/engine/CodeIgniter.php(312): CodeIgniter\CodeIgniter->handleRequest(NULL, Object(Config\Cache), false)
#7 /home/fmkiddo/git/project.asman/public/index.php(45): CodeIgniter\CodeIgniter->run()
#8 {main}
CRITICAL - 2021-08-24 19:28:44 --> 22 : The requested URL returned error: 500 Internal Server Error
#0 /home/fmkiddo/git/project.asman/engine/HTTP/CURLRequest.php(821): CodeIgniter\HTTP\Exceptions\HTTPException::forCurlError('22', 'The requested U...')
#1 /home/fmkiddo/git/project.asman/engine/HTTP/CURLRequest.php(449): CodeIgniter\HTTP\CURLRequest->sendRequest(Array)
#2 /home/fmkiddo/git/project.asman/engine/HTTP/CURLRequest.php(158): CodeIgniter\HTTP\CURLRequest->send('put', 'http://localhos...')
#3 /home/fmkiddo/git/project.asman/engine/HTTP/CURLRequest.php(265): CodeIgniter\HTTP\CURLRequest->request('put', 'http://localhos...', Array)
#4 /home/fmkiddo/git/project.asman/core/Controllers/BaseController.php(77): CodeIgniter\HTTP\CURLRequest->put('http://localhos...', Array)
#5 /home/fmkiddo/git/project.asman/core/Controllers/DashboardController.php(243): App\Controllers\BaseController->dataRequest(Array)
#6 /home/fmkiddo/git/project.asman/engine/CodeIgniter.php(918): App\Controllers\DashboardController->displayDashboard('users')
#7 /home/fmkiddo/git/project.asman/engine/CodeIgniter.php(404): CodeIgniter\CodeIgniter->runController(Object(App\Controllers\DashboardController))
#8 /home/fmkiddo/git/project.asman/engine/CodeIgniter.php(312): CodeIgniter\CodeIgniter->handleRequest(NULL, Object(Config\Cache), false)
#9 /home/fmkiddo/git/project.asman/public/index.php(45): CodeIgniter\CodeIgniter->run()
#10 {main}
CRITICAL - 2021-08-24 19:29:46 --> 22 : The requested URL returned error: 500 Internal Server Error
#0 /home/fmkiddo/git/project.asman/engine/HTTP/CURLRequest.php(821): CodeIgniter\HTTP\Exceptions\HTTPException::forCurlError('22', 'The requested U...')
#1 /home/fmkiddo/git/project.asman/engine/HTTP/CURLRequest.php(449): CodeIgniter\HTTP\CURLRequest->sendRequest(Array)
#2 /home/fmkiddo/git/project.asman/engine/HTTP/CURLRequest.php(158): CodeIgniter\HTTP\CURLRequest->send('put', 'http://localhos...')
#3 /home/fmkiddo/git/project.asman/engine/HTTP/CURLRequest.php(265): CodeIgniter\HTTP\CURLRequest->request('put', 'http://localhos...', Array)
#4 /home/fmkiddo/git/project.asman/core/Controllers/BaseController.php(77): CodeIgniter\HTTP\CURLRequest->put('http://localhos...', Array)
#5 /home/fmkiddo/git/project.asman/core/Controllers/DashboardController.php(243): App\Controllers\BaseController->dataRequest(Array)
#6 /home/fmkiddo/git/project.asman/engine/CodeIgniter.php(918): App\Controllers\DashboardController->displayDashboard('users')
#7 /home/fmkiddo/git/project.asman/engine/CodeIgniter.php(404): CodeIgniter\CodeIgniter->runController(Object(App\Controllers\DashboardController))
#8 /home/fmkiddo/git/project.asman/engine/CodeIgniter.php(312): CodeIgniter\CodeIgniter->handleRequest(NULL, Object(Config\Cache), false)
#9 /home/fmkiddo/git/project.asman/public/index.php(45): CodeIgniter\CodeIgniter->run()
#10 {main}
CRITICAL - 2021-08-24 19:30:07 --> 22 : The requested URL returned error: 500 Internal Server Error
#0 /home/fmkiddo/git/project.asman/engine/HTTP/CURLRequest.php(821): CodeIgniter\HTTP\Exceptions\HTTPException::forCurlError('22', 'The requested U...')
#1 /home/fmkiddo/git/project.asman/engine/HTTP/CURLRequest.php(449): CodeIgniter\HTTP\CURLRequest->sendRequest(Array)
#2 /home/fmkiddo/git/project.asman/engine/HTTP/CURLRequest.php(158): CodeIgniter\HTTP\CURLRequest->send('put', 'http://localhos...')
#3 /home/fmkiddo/git/project.asman/engine/HTTP/CURLRequest.php(265): CodeIgniter\HTTP\CURLRequest->request('put', 'http://localhos...', Array)
#4 /home/fmkiddo/git/project.asman/core/Controllers/BaseController.php(77): CodeIgniter\HTTP\CURLRequest->put('http://localhos...', Array)
#5 /home/fmkiddo/git/project.asman/core/Controllers/DashboardController.php(243): App\Controllers\BaseController->dataRequest(Array)
#6 /home/fmkiddo/git/project.asman/engine/CodeIgniter.php(918): App\Controllers\DashboardController->displayDashboard('users')
#7 /home/fmkiddo/git/project.asman/engine/CodeIgniter.php(404): CodeIgniter\CodeIgniter->runController(Object(App\Controllers\DashboardController))
#8 /home/fmkiddo/git/project.asman/engine/CodeIgniter.php(312): CodeIgniter\CodeIgniter->handleRequest(NULL, Object(Config\Cache), false)
#9 /home/fmkiddo/git/project.asman/public/index.php(45): CodeIgniter\CodeIgniter->run()
#10 {main}
CRITICAL - 2021-08-24 19:36:46 --> 22 : The requested URL returned error: 500 Internal Server Error
#0 /home/fmkiddo/git/project.asman/engine/HTTP/CURLRequest.php(821): CodeIgniter\HTTP\Exceptions\HTTPException::forCurlError('22', 'The requested U...')
#1 /home/fmkiddo/git/project.asman/engine/HTTP/CURLRequest.php(449): CodeIgniter\HTTP\CURLRequest->sendRequest(Array)
#2 /home/fmkiddo/git/project.asman/engine/HTTP/CURLRequest.php(158): CodeIgniter\HTTP\CURLRequest->send('put', 'http://localhos...')
#3 /home/fmkiddo/git/project.asman/engine/HTTP/CURLRequest.php(265): CodeIgniter\HTTP\CURLRequest->request('put', 'http://localhos...', Array)
#4 /home/fmkiddo/git/project.asman/core/Controllers/BaseController.php(77): CodeIgniter\HTTP\CURLRequest->put('http://localhos...', Array)
#5 /home/fmkiddo/git/project.asman/core/Controllers/DashboardController.php(243): App\Controllers\BaseController->dataRequest(Array)
#6 /home/fmkiddo/git/project.asman/engine/CodeIgniter.php(918): App\Controllers\DashboardController->displayDashboard('users')
#7 /home/fmkiddo/git/project.asman/engine/CodeIgniter.php(404): CodeIgniter\CodeIgniter->runController(Object(App\Controllers\DashboardController))
#8 /home/fmkiddo/git/project.asman/engine/CodeIgniter.php(312): CodeIgniter\CodeIgniter->handleRequest(NULL, Object(Config\Cache), false)
#9 /home/fmkiddo/git/project.asman/public/index.php(45): CodeIgniter\CodeIgniter->run()
#10 {main}
CRITICAL - 2021-08-24 19:36:53 --> 22 : The requested URL returned error: 500 Internal Server Error
#0 /home/fmkiddo/git/project.asman/engine/HTTP/CURLRequest.php(821): CodeIgniter\HTTP\Exceptions\HTTPException::forCurlError('22', 'The requested U...')
#1 /home/fmkiddo/git/project.asman/engine/HTTP/CURLRequest.php(449): CodeIgniter\HTTP\CURLRequest->sendRequest(Array)
#2 /home/fmkiddo/git/project.asman/engine/HTTP/CURLRequest.php(158): CodeIgniter\HTTP\CURLRequest->send('put', 'http://localhos...')
#3 /home/fmkiddo/git/project.asman/engine/HTTP/CURLRequest.php(265): CodeIgniter\HTTP\CURLRequest->request('put', 'http://localhos...', Array)
#4 /home/fmkiddo/git/project.asman/core/Controllers/BaseController.php(77): CodeIgniter\HTTP\CURLRequest->put('http://localhos...', Array)
#5 /home/fmkiddo/git/project.asman/core/Controllers/DashboardController.php(243): App\Controllers\BaseController->dataRequest(Array)
#6 /home/fmkiddo/git/project.asman/engine/CodeIgniter.php(918): App\Controllers\DashboardController->displayDashboard('users')
#7 /home/fmkiddo/git/project.asman/engine/CodeIgniter.php(404): CodeIgniter\CodeIgniter->runController(Object(App\Controllers\DashboardController))
#8 /home/fmkiddo/git/project.asman/engine/CodeIgniter.php(312): CodeIgniter\CodeIgniter->handleRequest(NULL, Object(Config\Cache), false)
#9 /home/fmkiddo/git/project.asman/public/index.php(45): CodeIgniter\CodeIgniter->run()
#10 {main}
CRITICAL - 2021-08-24 19:45:57 --> Trying to get property 'idx' of non-object
#0 /home/fmkiddo/git/project.asman/core/Views/dashboard/users/main.php(22): CodeIgniter\Debug\Exceptions->errorHandler(8, 'Trying to get p...', '/home/fmkiddo/g...', 22, Array)
#1 /home/fmkiddo/git/project.asman/engine/View/View.php(246): include('/home/fmkiddo/g...')
#2 /home/fmkiddo/git/project.asman/engine/Common.php(1119): CodeIgniter\View\View->render('dashboard/users...', Array, true)
#3 /home/fmkiddo/git/project.asman/core/Controllers/DashboardController.php(259): view('dashboard/users...', Array)
#4 /home/fmkiddo/git/project.asman/engine/CodeIgniter.php(918): App\Controllers\DashboardController->displayDashboard('users')
#5 /home/fmkiddo/git/project.asman/engine/CodeIgniter.php(404): CodeIgniter\CodeIgniter->runController(Object(App\Controllers\DashboardController))
#6 /home/fmkiddo/git/project.asman/engine/CodeIgniter.php(312): CodeIgniter\CodeIgniter->handleRequest(NULL, Object(Config\Cache), false)
#7 /home/fmkiddo/git/project.asman/public/index.php(45): CodeIgniter\CodeIgniter->run()
#8 {main}
CRITICAL - 2021-08-24 21:11:24 --> include(/home/fmkiddo/git/project.asman/core/Views/dashboard/users/groups/../header.php): failed to open stream: No such file or directory
#0 /home/fmkiddo/git/project.asman/core/Views/dashboard/users/groups/main.php(1): CodeIgniter\Debug\Exceptions->errorHandler(2, 'include(/home/f...', '/home/fmkiddo/g...', 1, Array)
#1 /home/fmkiddo/git/project.asman/core/Views/dashboard/users/groups/main.php(1): include()
#2 /home/fmkiddo/git/project.asman/engine/View/View.php(246): include('/home/fmkiddo/g...')
#3 /home/fmkiddo/git/project.asman/engine/Common.php(1119): CodeIgniter\View\View->render('dashboard/users...', Array, true)
#4 /home/fmkiddo/git/project.asman/core/Controllers/DashboardController.php(280): view('dashboard/users...', Array)
#5 /home/fmkiddo/git/project.asman/engine/CodeIgniter.php(918): App\Controllers\DashboardController->displayDashboard('groups')
#6 /home/fmkiddo/git/project.asman/engine/CodeIgniter.php(404): CodeIgniter\CodeIgniter->runController(Object(App\Controllers\DashboardController))
#7 /home/fmkiddo/git/project.asman/engine/CodeIgniter.php(312): CodeIgniter\CodeIgniter->handleRequest(NULL, Object(Config\Cache), false)
#8 /home/fmkiddo/git/project.asman/public/index.php(45): CodeIgniter\CodeIgniter->run()
#9 {main}
CRITICAL - 2021-08-24 21:32:21 --> Undefined index: mgroups
#0 /home/fmkiddo/git/project.asman/core/Views/dashboard/users/groups/main.php(16): CodeIgniter\Debug\Exceptions->errorHandler(8, 'Undefined index...', '/home/fmkiddo/g...', 16, Array)
#1 /home/fmkiddo/git/project.asman/engine/View/View.php(246): include('/home/fmkiddo/g...')
#2 /home/fmkiddo/git/project.asman/engine/Common.php(1119): CodeIgniter\View\View->render('dashboard/users...', Array, true)
#3 /home/fmkiddo/git/project.asman/core/Controllers/DashboardController.php(295): view('dashboard/users...', Array)
#4 /home/fmkiddo/git/project.asman/engine/CodeIgniter.php(918): App\Controllers\DashboardController->displayDashboard('groups')
#5 /home/fmkiddo/git/project.asman/engine/CodeIgniter.php(404): CodeIgniter\CodeIgniter->runController(Object(App\Controllers\DashboardController))
#6 /home/fmkiddo/git/project.asman/engine/CodeIgniter.php(312): CodeIgniter\CodeIgniter->handleRequest(NULL, Object(Config\Cache), false)
#7 /home/fmkiddo/git/project.asman/public/index.php(45): CodeIgniter\CodeIgniter->run()
#8 {main}
CRITICAL - 2021-08-24 21:32:35 --> Undefined index: mgroups
#0 /home/fmkiddo/git/project.asman/core/Views/dashboard/users/groups/main.php(16): CodeIgniter\Debug\Exceptions->errorHandler(8, 'Undefined index...', '/home/fmkiddo/g...', 16, Array)
#1 /home/fmkiddo/git/project.asman/engine/View/View.php(246): include('/home/fmkiddo/g...')
#2 /home/fmkiddo/git/project.asman/engine/Common.php(1119): CodeIgniter\View\View->render('dashboard/users...', Array, true)
#3 /home/fmkiddo/git/project.asman/core/Controllers/DashboardController.php(295): view('dashboard/users...', Array)
#4 /home/fmkiddo/git/project.asman/engine/CodeIgniter.php(918): App\Controllers\DashboardController->displayDashboard('groups')
#5 /home/fmkiddo/git/project.asman/engine/CodeIgniter.php(404): CodeIgniter\CodeIgniter->runController(Object(App\Controllers\DashboardController))
#6 /home/fmkiddo/git/project.asman/engine/CodeIgniter.php(312): CodeIgniter\CodeIgniter->handleRequest(NULL, Object(Config\Cache), false)
#7 /home/fmkiddo/git/project.asman/public/index.php(45): CodeIgniter\CodeIgniter->run()
#8 {main}
CRITICAL - 2021-08-24 21:33:07 --> Undefined index: mgroups
#0 /home/fmkiddo/git/project.asman/core/Views/dashboard/users/groups/main.php(16): CodeIgniter\Debug\Exceptions->errorHandler(8, 'Undefined index...', '/home/fmkiddo/g...', 16, Array)
#1 /home/fmkiddo/git/project.asman/engine/View/View.php(246): include('/home/fmkiddo/g...')
#2 /home/fmkiddo/git/project.asman/engine/Common.php(1119): CodeIgniter\View\View->render('dashboard/users...', Array, true)
#3 /home/fmkiddo/git/project.asman/core/Controllers/DashboardController.php(295): view('dashboard/users...', Array)
#4 /home/fmkiddo/git/project.asman/engine/CodeIgniter.php(918): App\Controllers\DashboardController->displayDashboard('groups')
#5 /home/fmkiddo/git/project.asman/engine/CodeIgniter.php(404): CodeIgniter\CodeIgniter->runController(Object(App\Controllers\DashboardController))
#6 /home/fmkiddo/git/project.asman/engine/CodeIgniter.php(312): CodeIgniter\CodeIgniter->handleRequest(NULL, Object(Config\Cache), false)
#7 /home/fmkiddo/git/project.asman/public/index.php(45): CodeIgniter\CodeIgniter->run()
#8 {main}
CRITICAL - 2021-08-24 21:36:35 --> Undefined index: mgroup-header
#0 /home/fmkiddo/git/project.asman/core/Views/dashboard/users/groups/main.php(18): CodeIgniter\Debug\Exceptions->errorHandler(8, 'Undefined index...', '/home/fmkiddo/g...', 18, Array)
#1 /home/fmkiddo/git/project.asman/engine/View/View.php(246): include('/home/fmkiddo/g...')
#2 /home/fmkiddo/git/project.asman/engine/Common.php(1119): CodeIgniter\View\View->render('dashboard/users...', Array, true)
#3 /home/fmkiddo/git/project.asman/core/Controllers/DashboardController.php(295): view('dashboard/users...', Array)
#4 /home/fmkiddo/git/project.asman/engine/CodeIgniter.php(918): App\Controllers\DashboardController->displayDashboard('groups')
#5 /home/fmkiddo/git/project.asman/engine/CodeIgniter.php(404): CodeIgniter\CodeIgniter->runController(Object(App\Controllers\DashboardController))
#6 /home/fmkiddo/git/project.asman/engine/CodeIgniter.php(312): CodeIgniter\CodeIgniter->handleRequest(NULL, Object(Config\Cache), false)
#7 /home/fmkiddo/git/project.asman/public/index.php(45): CodeIgniter\CodeIgniter->run()
#8 {main}
