CRITICAL - 2021-05-29 14:46:34 --> Call to undefined function App\Controllers\get_cookie()
#0 /home/rizcky/git/project.asman/core/Controllers/FrontpageController.php(13): App\Controllers\FrontpageController->setupCookie()
#1 /home/rizcky/git/project.asman/engine/CodeIgniter.php(918): App\Controllers\FrontpageController->setCookie()
#2 /home/rizcky/git/project.asman/engine/CodeIgniter.php(404): CodeIgniter\CodeIgniter->runController(Object(App\Controllers\FrontpageController))
#3 /home/rizcky/git/project.asman/engine/CodeIgniter.php(312): CodeIgniter\CodeIgniter->handleRequest(NULL, Object(Config\Cache), false)
#4 /home/rizcky/git/project.asman/public/index.php(45): CodeIgniter\CodeIgniter->run()
#5 {main}
CRITICAL - 2021-05-29 14:46:55 --> Call to undefined function App\Controllers\get_cookie()
#0 /home/rizcky/git/project.asman/core/Controllers/FrontpageController.php(13): App\Controllers\FrontpageController->setupCookie()
#1 /home/rizcky/git/project.asman/engine/CodeIgniter.php(918): App\Controllers\FrontpageController->setCookie()
#2 /home/rizcky/git/project.asman/engine/CodeIgniter.php(404): CodeIgniter\CodeIgniter->runController(Object(App\Controllers\FrontpageController))
#3 /home/rizcky/git/project.asman/engine/CodeIgniter.php(312): CodeIgniter\CodeIgniter->handleRequest(NULL, Object(Config\Cache), false)
#4 /home/rizcky/git/project.asman/public/index.php(45): CodeIgniter\CodeIgniter->run()
#5 {main}
CRITICAL - 2021-05-29 14:59:06 --> Expiry date cannot have a year greater than 9999
#0 [internal function]: CodeIgniter\Debug\Exceptions->errorHandler(2, 'Expiry date can...', '/home/rizcky/gi...', 1042, Array)
#1 /home/rizcky/git/project.asman/engine/HTTP/Response.php(1042): setcookie('sfx_asmfmkiddo', 'YToyOntpOjA7czo...', 511600691664835146, '/', '', false, false)
#2 /home/rizcky/git/project.asman/engine/HTTP/Response.php(690): CodeIgniter\HTTP\Response->sendCookies()
#3 /home/rizcky/git/project.asman/engine/CodeIgniter.php(1107): CodeIgniter\HTTP\Response->send()
#4 /home/rizcky/git/project.asman/engine/CodeIgniter.php(448): CodeIgniter\CodeIgniter->sendResponse()
#5 /home/rizcky/git/project.asman/engine/CodeIgniter.php(312): CodeIgniter\CodeIgniter->handleRequest(NULL, Object(Config\Cache), false)
#6 /home/rizcky/git/project.asman/public/index.php(45): CodeIgniter\CodeIgniter->run()
#7 {main}
CRITICAL - 2021-05-29 14:59:12 --> Expiry date cannot have a year greater than 9999
#0 [internal function]: CodeIgniter\Debug\Exceptions->errorHandler(2, 'Expiry date can...', '/home/rizcky/gi...', 1042, Array)
#1 /home/rizcky/git/project.asman/engine/HTTP/Response.php(1042): setcookie('sfx_asmfmkiddo', 'YToyOntpOjA7czo...', 511600693556995152, '/', '', false, false)
#2 /home/rizcky/git/project.asman/engine/HTTP/Response.php(690): CodeIgniter\HTTP\Response->sendCookies()
#3 /home/rizcky/git/project.asman/engine/CodeIgniter.php(1107): CodeIgniter\HTTP\Response->send()
#4 /home/rizcky/git/project.asman/engine/CodeIgniter.php(448): CodeIgniter\CodeIgniter->sendResponse()
#5 /home/rizcky/git/project.asman/engine/CodeIgniter.php(312): CodeIgniter\CodeIgniter->handleRequest(NULL, Object(Config\Cache), false)
#6 /home/rizcky/git/project.asman/public/index.php(45): CodeIgniter\CodeIgniter->run()
#7 {main}
CRITICAL - 2021-05-29 14:59:49 --> Expiry date cannot have a year greater than 9999
#0 [internal function]: CodeIgniter\Debug\Exceptions->errorHandler(2, 'Expiry date can...', '/home/rizcky/gi...', 1042, Array)
#1 /home/rizcky/git/project.asman/engine/HTTP/Response.php(1042): setcookie('sfx_asmfmkiddo', 'YToyOntpOjA7czo...', 51160071982579189, '/', '', false, false)
#2 /home/rizcky/git/project.asman/engine/HTTP/Response.php(690): CodeIgniter\HTTP\Response->sendCookies()
#3 /home/rizcky/git/project.asman/engine/CodeIgniter.php(1107): CodeIgniter\HTTP\Response->send()
#4 /home/rizcky/git/project.asman/engine/CodeIgniter.php(448): CodeIgniter\CodeIgniter->sendResponse()
#5 /home/rizcky/git/project.asman/engine/CodeIgniter.php(312): CodeIgniter\CodeIgniter->handleRequest(NULL, Object(Config\Cache), false)
#6 /home/rizcky/git/project.asman/public/index.php(45): CodeIgniter\CodeIgniter->run()
#7 {main}
CRITICAL - 2021-05-29 15:14:41 --> 22 : The requested URL returned error: 404 Not Found
#0 /home/rizcky/git/project.asman/engine/HTTP/CURLRequest.php(821): CodeIgniter\HTTP\Exceptions\HTTPException::forCurlError('22', 'The requested U...')
#1 /home/rizcky/git/project.asman/engine/HTTP/CURLRequest.php(449): CodeIgniter\HTTP\CURLRequest->sendRequest(Array)
#2 /home/rizcky/git/project.asman/engine/HTTP/CURLRequest.php(158): CodeIgniter\HTTP\CURLRequest->send('put', 'http://localhos...')
#3 /home/rizcky/git/project.asman/engine/HTTP/CURLRequest.php(265): CodeIgniter\HTTP\CURLRequest->request('put', 'http://localhos...', Array)
#4 /home/rizcky/git/project.asman/core/Controllers/BaseController.php(57): CodeIgniter\HTTP\CURLRequest->put('http://localhos...', Array)
#5 /home/rizcky/git/project.asman/core/Controllers/FrontpageController.php(14): App\Controllers\BaseController->authenticate(Array)
#6 /home/rizcky/git/project.asman/core/Controllers/FrontpageController.php(25): App\Controllers\FrontpageController->setupCookie()
#7 /home/rizcky/git/project.asman/engine/CodeIgniter.php(918): App\Controllers\FrontpageController->setCookie()
#8 /home/rizcky/git/project.asman/engine/CodeIgniter.php(404): CodeIgniter\CodeIgniter->runController(Object(App\Controllers\FrontpageController))
#9 /home/rizcky/git/project.asman/engine/CodeIgniter.php(312): CodeIgniter\CodeIgniter->handleRequest(NULL, Object(Config\Cache), false)
#10 /home/rizcky/git/project.asman/public/index.php(45): CodeIgniter\CodeIgniter->run()
#11 {main}
CRITICAL - 2021-05-29 15:17:21 --> 22 : The requested URL returned error: 404 Not Found
#0 /home/rizcky/git/project.asman/engine/HTTP/CURLRequest.php(821): CodeIgniter\HTTP\Exceptions\HTTPException::forCurlError('22', 'The requested U...')
#1 /home/rizcky/git/project.asman/engine/HTTP/CURLRequest.php(449): CodeIgniter\HTTP\CURLRequest->sendRequest(Array)
#2 /home/rizcky/git/project.asman/engine/HTTP/CURLRequest.php(158): CodeIgniter\HTTP\CURLRequest->send('put', 'http://localhos...')
#3 /home/rizcky/git/project.asman/engine/HTTP/CURLRequest.php(265): CodeIgniter\HTTP\CURLRequest->request('put', 'http://localhos...', Array)
#4 /home/rizcky/git/project.asman/core/Controllers/BaseController.php(57): CodeIgniter\HTTP\CURLRequest->put('http://localhos...', Array)
#5 /home/rizcky/git/project.asman/core/Controllers/FrontpageController.php(14): App\Controllers\BaseController->authenticate(Array)
#6 /home/rizcky/git/project.asman/core/Controllers/FrontpageController.php(26): App\Controllers\FrontpageController->setupCookie()
#7 /home/rizcky/git/project.asman/engine/CodeIgniter.php(918): App\Controllers\FrontpageController->setCookie()
#8 /home/rizcky/git/project.asman/engine/CodeIgniter.php(404): CodeIgniter\CodeIgniter->runController(Object(App\Controllers\FrontpageController))
#9 /home/rizcky/git/project.asman/engine/CodeIgniter.php(312): CodeIgniter\CodeIgniter->handleRequest(NULL, Object(Config\Cache), false)
#10 /home/rizcky/git/project.asman/public/index.php(45): CodeIgniter\CodeIgniter->run()
#11 {main}
CRITICAL - 2021-05-29 15:17:26 --> 22 : The requested URL returned error: 404 Not Found
#0 /home/rizcky/git/project.asman/engine/HTTP/CURLRequest.php(821): CodeIgniter\HTTP\Exceptions\HTTPException::forCurlError('22', 'The requested U...')
#1 /home/rizcky/git/project.asman/engine/HTTP/CURLRequest.php(449): CodeIgniter\HTTP\CURLRequest->sendRequest(Array)
#2 /home/rizcky/git/project.asman/engine/HTTP/CURLRequest.php(158): CodeIgniter\HTTP\CURLRequest->send('put', 'http://localhos...')
#3 /home/rizcky/git/project.asman/engine/HTTP/CURLRequest.php(265): CodeIgniter\HTTP\CURLRequest->request('put', 'http://localhos...', Array)
#4 /home/rizcky/git/project.asman/core/Controllers/BaseController.php(57): CodeIgniter\HTTP\CURLRequest->put('http://localhos...', Array)
#5 /home/rizcky/git/project.asman/core/Controllers/FrontpageController.php(14): App\Controllers\BaseController->authenticate(Array)
#6 /home/rizcky/git/project.asman/core/Controllers/FrontpageController.php(26): App\Controllers\FrontpageController->setupCookie()
#7 /home/rizcky/git/project.asman/engine/CodeIgniter.php(918): App\Controllers\FrontpageController->setCookie()
#8 /home/rizcky/git/project.asman/engine/CodeIgniter.php(404): CodeIgniter\CodeIgniter->runController(Object(App\Controllers\FrontpageController))
#9 /home/rizcky/git/project.asman/engine/CodeIgniter.php(312): CodeIgniter\CodeIgniter->handleRequest(NULL, Object(Config\Cache), false)
#10 /home/rizcky/git/project.asman/public/index.php(45): CodeIgniter\CodeIgniter->run()
#11 {main}
CRITICAL - 2021-05-29 15:17:56 --> 22 : The requested URL returned error: 404 Not Found
#0 /home/rizcky/git/project.asman/engine/HTTP/CURLRequest.php(821): CodeIgniter\HTTP\Exceptions\HTTPException::forCurlError('22', 'The requested U...')
#1 /home/rizcky/git/project.asman/engine/HTTP/CURLRequest.php(449): CodeIgniter\HTTP\CURLRequest->sendRequest(Array)
#2 /home/rizcky/git/project.asman/engine/HTTP/CURLRequest.php(158): CodeIgniter\HTTP\CURLRequest->send('put', 'http://localhos...')
#3 /home/rizcky/git/project.asman/engine/HTTP/CURLRequest.php(265): CodeIgniter\HTTP\CURLRequest->request('put', 'http://localhos...', Array)
#4 /home/rizcky/git/project.asman/core/Controllers/BaseController.php(57): CodeIgniter\HTTP\CURLRequest->put('http://localhos...', Array)
#5 /home/rizcky/git/project.asman/core/Controllers/FrontpageController.php(14): App\Controllers\BaseController->authenticate(Array)
#6 /home/rizcky/git/project.asman/core/Controllers/FrontpageController.php(26): App\Controllers\FrontpageController->setupCookie()
#7 /home/rizcky/git/project.asman/engine/CodeIgniter.php(918): App\Controllers\FrontpageController->setCookie()
#8 /home/rizcky/git/project.asman/engine/CodeIgniter.php(404): CodeIgniter\CodeIgniter->runController(Object(App\Controllers\FrontpageController))
#9 /home/rizcky/git/project.asman/engine/CodeIgniter.php(312): CodeIgniter\CodeIgniter->handleRequest(NULL, Object(Config\Cache), false)
#10 /home/rizcky/git/project.asman/public/index.php(45): CodeIgniter\CodeIgniter->run()
#11 {main}
CRITICAL - 2021-05-29 15:24:23 --> 22 : The requested URL returned error: 500 Internal Server Error
#0 /home/rizcky/git/project.asman/engine/HTTP/CURLRequest.php(821): CodeIgniter\HTTP\Exceptions\HTTPException::forCurlError('22', 'The requested U...')
#1 /home/rizcky/git/project.asman/engine/HTTP/CURLRequest.php(449): CodeIgniter\HTTP\CURLRequest->sendRequest(Array)
#2 /home/rizcky/git/project.asman/engine/HTTP/CURLRequest.php(158): CodeIgniter\HTTP\CURLRequest->send('put', 'http://localhos...')
#3 /home/rizcky/git/project.asman/engine/HTTP/CURLRequest.php(265): CodeIgniter\HTTP\CURLRequest->request('put', 'http://localhos...', Array)
#4 /home/rizcky/git/project.asman/core/Controllers/BaseController.php(57): CodeIgniter\HTTP\CURLRequest->put('http://localhos...', Array)
#5 /home/rizcky/git/project.asman/core/Controllers/FrontpageController.php(14): App\Controllers\BaseController->authenticate(Array)
#6 /home/rizcky/git/project.asman/core/Controllers/FrontpageController.php(26): App\Controllers\FrontpageController->setupCookie()
#7 /home/rizcky/git/project.asman/engine/CodeIgniter.php(918): App\Controllers\FrontpageController->setCookie()
#8 /home/rizcky/git/project.asman/engine/CodeIgniter.php(404): CodeIgniter\CodeIgniter->runController(Object(App\Controllers\FrontpageController))
#9 /home/rizcky/git/project.asman/engine/CodeIgniter.php(312): CodeIgniter\CodeIgniter->handleRequest(NULL, Object(Config\Cache), false)
#10 /home/rizcky/git/project.asman/public/index.php(45): CodeIgniter\CodeIgniter->run()
#11 {main}
CRITICAL - 2021-05-29 15:24:32 --> 22 : The requested URL returned error: 500 Internal Server Error
#0 /home/rizcky/git/project.asman/engine/HTTP/CURLRequest.php(821): CodeIgniter\HTTP\Exceptions\HTTPException::forCurlError('22', 'The requested U...')
#1 /home/rizcky/git/project.asman/engine/HTTP/CURLRequest.php(449): CodeIgniter\HTTP\CURLRequest->sendRequest(Array)
#2 /home/rizcky/git/project.asman/engine/HTTP/CURLRequest.php(158): CodeIgniter\HTTP\CURLRequest->send('put', 'http://localhos...')
#3 /home/rizcky/git/project.asman/engine/HTTP/CURLRequest.php(265): CodeIgniter\HTTP\CURLRequest->request('put', 'http://localhos...', Array)
#4 /home/rizcky/git/project.asman/core/Controllers/BaseController.php(57): CodeIgniter\HTTP\CURLRequest->put('http://localhos...', Array)
#5 /home/rizcky/git/project.asman/core/Controllers/FrontpageController.php(14): App\Controllers\BaseController->authenticate(Array)
#6 /home/rizcky/git/project.asman/core/Controllers/FrontpageController.php(26): App\Controllers\FrontpageController->setupCookie()
#7 /home/rizcky/git/project.asman/engine/CodeIgniter.php(918): App\Controllers\FrontpageController->setCookie()
#8 /home/rizcky/git/project.asman/engine/CodeIgniter.php(404): CodeIgniter\CodeIgniter->runController(Object(App\Controllers\FrontpageController))
#9 /home/rizcky/git/project.asman/engine/CodeIgniter.php(312): CodeIgniter\CodeIgniter->handleRequest(NULL, Object(Config\Cache), false)
#10 /home/rizcky/git/project.asman/public/index.php(45): CodeIgniter\CodeIgniter->run()
#11 {main}
CRITICAL - 2021-05-29 15:25:39 --> 22 : The requested URL returned error: 500 Internal Server Error
#0 /home/rizcky/git/project.asman/engine/HTTP/CURLRequest.php(821): CodeIgniter\HTTP\Exceptions\HTTPException::forCurlError('22', 'The requested U...')
#1 /home/rizcky/git/project.asman/engine/HTTP/CURLRequest.php(449): CodeIgniter\HTTP\CURLRequest->sendRequest(Array)
#2 /home/rizcky/git/project.asman/engine/HTTP/CURLRequest.php(158): CodeIgniter\HTTP\CURLRequest->send('put', 'http://localhos...')
#3 /home/rizcky/git/project.asman/engine/HTTP/CURLRequest.php(265): CodeIgniter\HTTP\CURLRequest->request('put', 'http://localhos...', Array)
#4 /home/rizcky/git/project.asman/core/Controllers/BaseController.php(57): CodeIgniter\HTTP\CURLRequest->put('http://localhos...', Array)
#5 /home/rizcky/git/project.asman/core/Controllers/FrontpageController.php(14): App\Controllers\BaseController->authenticate(Array)
#6 /home/rizcky/git/project.asman/core/Controllers/FrontpageController.php(26): App\Controllers\FrontpageController->setupCookie()
#7 /home/rizcky/git/project.asman/engine/CodeIgniter.php(918): App\Controllers\FrontpageController->setCookie()
#8 /home/rizcky/git/project.asman/engine/CodeIgniter.php(404): CodeIgniter\CodeIgniter->runController(Object(App\Controllers\FrontpageController))
#9 /home/rizcky/git/project.asman/engine/CodeIgniter.php(312): CodeIgniter\CodeIgniter->handleRequest(NULL, Object(Config\Cache), false)
#10 /home/rizcky/git/project.asman/public/index.php(45): CodeIgniter\CodeIgniter->run()
#11 {main}
CRITICAL - 2021-05-29 15:28:08 --> 22 : The requested URL returned error: 500 Internal Server Error
#0 /home/rizcky/git/project.asman/engine/HTTP/CURLRequest.php(821): CodeIgniter\HTTP\Exceptions\HTTPException::forCurlError('22', 'The requested U...')
#1 /home/rizcky/git/project.asman/engine/HTTP/CURLRequest.php(449): CodeIgniter\HTTP\CURLRequest->sendRequest(Array)
#2 /home/rizcky/git/project.asman/engine/HTTP/CURLRequest.php(158): CodeIgniter\HTTP\CURLRequest->send('put', 'http://localhos...')
#3 /home/rizcky/git/project.asman/engine/HTTP/CURLRequest.php(265): CodeIgniter\HTTP\CURLRequest->request('put', 'http://localhos...', Array)
#4 /home/rizcky/git/project.asman/core/Controllers/BaseController.php(57): CodeIgniter\HTTP\CURLRequest->put('http://localhos...', Array)
#5 /home/rizcky/git/project.asman/core/Controllers/FrontpageController.php(14): App\Controllers\BaseController->authenticate(Array)
#6 /home/rizcky/git/project.asman/core/Controllers/FrontpageController.php(26): App\Controllers\FrontpageController->setupCookie()
#7 /home/rizcky/git/project.asman/engine/CodeIgniter.php(918): App\Controllers\FrontpageController->setCookie()
#8 /home/rizcky/git/project.asman/engine/CodeIgniter.php(404): CodeIgniter\CodeIgniter->runController(Object(App\Controllers\FrontpageController))
#9 /home/rizcky/git/project.asman/engine/CodeIgniter.php(312): CodeIgniter\CodeIgniter->handleRequest(NULL, Object(Config\Cache), false)
#10 /home/rizcky/git/project.asman/public/index.php(45): CodeIgniter\CodeIgniter->run()
#11 {main}
CRITICAL - 2021-05-29 15:30:10 --> 22 : The requested URL returned error: 500 Internal Server Error
#0 /home/rizcky/git/project.asman/engine/HTTP/CURLRequest.php(821): CodeIgniter\HTTP\Exceptions\HTTPException::forCurlError('22', 'The requested U...')
#1 /home/rizcky/git/project.asman/engine/HTTP/CURLRequest.php(449): CodeIgniter\HTTP\CURLRequest->sendRequest(Array)
#2 /home/rizcky/git/project.asman/engine/HTTP/CURLRequest.php(158): CodeIgniter\HTTP\CURLRequest->send('put', 'http://localhos...')
#3 /home/rizcky/git/project.asman/engine/HTTP/CURLRequest.php(265): CodeIgniter\HTTP\CURLRequest->request('put', 'http://localhos...', Array)
#4 /home/rizcky/git/project.asman/core/Controllers/BaseController.php(57): CodeIgniter\HTTP\CURLRequest->put('http://localhos...', Array)
#5 /home/rizcky/git/project.asman/core/Controllers/FrontpageController.php(14): App\Controllers\BaseController->authenticate(Array)
#6 /home/rizcky/git/project.asman/core/Controllers/FrontpageController.php(26): App\Controllers\FrontpageController->setupCookie()
#7 /home/rizcky/git/project.asman/engine/CodeIgniter.php(918): App\Controllers\FrontpageController->setCookie()
#8 /home/rizcky/git/project.asman/engine/CodeIgniter.php(404): CodeIgniter\CodeIgniter->runController(Object(App\Controllers\FrontpageController))
#9 /home/rizcky/git/project.asman/engine/CodeIgniter.php(312): CodeIgniter\CodeIgniter->handleRequest(NULL, Object(Config\Cache), false)
#10 /home/rizcky/git/project.asman/public/index.php(45): CodeIgniter\CodeIgniter->run()
#11 {main}
CRITICAL - 2021-05-29 15:32:30 --> 22 : The requested URL returned error: 500 Internal Server Error
#0 /home/rizcky/git/project.asman/engine/HTTP/CURLRequest.php(821): CodeIgniter\HTTP\Exceptions\HTTPException::forCurlError('22', 'The requested U...')
#1 /home/rizcky/git/project.asman/engine/HTTP/CURLRequest.php(449): CodeIgniter\HTTP\CURLRequest->sendRequest(Array)
#2 /home/rizcky/git/project.asman/engine/HTTP/CURLRequest.php(158): CodeIgniter\HTTP\CURLRequest->send('put', 'http://localhos...')
#3 /home/rizcky/git/project.asman/engine/HTTP/CURLRequest.php(265): CodeIgniter\HTTP\CURLRequest->request('put', 'http://localhos...', Array)
#4 /home/rizcky/git/project.asman/core/Controllers/BaseController.php(57): CodeIgniter\HTTP\CURLRequest->put('http://localhos...', Array)
#5 /home/rizcky/git/project.asman/core/Controllers/FrontpageController.php(14): App\Controllers\BaseController->authenticate(Array)
#6 /home/rizcky/git/project.asman/core/Controllers/FrontpageController.php(26): App\Controllers\FrontpageController->setupCookie()
#7 /home/rizcky/git/project.asman/engine/CodeIgniter.php(918): App\Controllers\FrontpageController->setCookie()
#8 /home/rizcky/git/project.asman/engine/CodeIgniter.php(404): CodeIgniter\CodeIgniter->runController(Object(App\Controllers\FrontpageController))
#9 /home/rizcky/git/project.asman/engine/CodeIgniter.php(312): CodeIgniter\CodeIgniter->handleRequest(NULL, Object(Config\Cache), false)
#10 /home/rizcky/git/project.asman/public/index.php(45): CodeIgniter\CodeIgniter->run()
#11 {main}
CRITICAL - 2021-05-29 15:33:08 --> 22 : The requested URL returned error: 500 Internal Server Error
#0 /home/rizcky/git/project.asman/engine/HTTP/CURLRequest.php(821): CodeIgniter\HTTP\Exceptions\HTTPException::forCurlError('22', 'The requested U...')
#1 /home/rizcky/git/project.asman/engine/HTTP/CURLRequest.php(449): CodeIgniter\HTTP\CURLRequest->sendRequest(Array)
#2 /home/rizcky/git/project.asman/engine/HTTP/CURLRequest.php(158): CodeIgniter\HTTP\CURLRequest->send('put', 'http://localhos...')
#3 /home/rizcky/git/project.asman/engine/HTTP/CURLRequest.php(265): CodeIgniter\HTTP\CURLRequest->request('put', 'http://localhos...', Array)
#4 /home/rizcky/git/project.asman/core/Controllers/BaseController.php(57): CodeIgniter\HTTP\CURLRequest->put('http://localhos...', Array)
#5 /home/rizcky/git/project.asman/core/Controllers/FrontpageController.php(14): App\Controllers\BaseController->authenticate(Array)
#6 /home/rizcky/git/project.asman/core/Controllers/FrontpageController.php(26): App\Controllers\FrontpageController->setupCookie()
#7 /home/rizcky/git/project.asman/engine/CodeIgniter.php(918): App\Controllers\FrontpageController->setCookie()
#8 /home/rizcky/git/project.asman/engine/CodeIgniter.php(404): CodeIgniter\CodeIgniter->runController(Object(App\Controllers\FrontpageController))
#9 /home/rizcky/git/project.asman/engine/CodeIgniter.php(312): CodeIgniter\CodeIgniter->handleRequest(NULL, Object(Config\Cache), false)
#10 /home/rizcky/git/project.asman/public/index.php(45): CodeIgniter\CodeIgniter->run()
#11 {main}
CRITICAL - 2021-05-29 15:33:13 --> 22 : The requested URL returned error: 500 Internal Server Error
#0 /home/rizcky/git/project.asman/engine/HTTP/CURLRequest.php(821): CodeIgniter\HTTP\Exceptions\HTTPException::forCurlError('22', 'The requested U...')
#1 /home/rizcky/git/project.asman/engine/HTTP/CURLRequest.php(449): CodeIgniter\HTTP\CURLRequest->sendRequest(Array)
#2 /home/rizcky/git/project.asman/engine/HTTP/CURLRequest.php(158): CodeIgniter\HTTP\CURLRequest->send('put', 'http://localhos...')
#3 /home/rizcky/git/project.asman/engine/HTTP/CURLRequest.php(265): CodeIgniter\HTTP\CURLRequest->request('put', 'http://localhos...', Array)
#4 /home/rizcky/git/project.asman/core/Controllers/BaseController.php(57): CodeIgniter\HTTP\CURLRequest->put('http://localhos...', Array)
#5 /home/rizcky/git/project.asman/core/Controllers/FrontpageController.php(14): App\Controllers\BaseController->authenticate(Array)
#6 /home/rizcky/git/project.asman/core/Controllers/FrontpageController.php(26): App\Controllers\FrontpageController->setupCookie()
#7 /home/rizcky/git/project.asman/engine/CodeIgniter.php(918): App\Controllers\FrontpageController->setCookie()
#8 /home/rizcky/git/project.asman/engine/CodeIgniter.php(404): CodeIgniter\CodeIgniter->runController(Object(App\Controllers\FrontpageController))
#9 /home/rizcky/git/project.asman/engine/CodeIgniter.php(312): CodeIgniter\CodeIgniter->handleRequest(NULL, Object(Config\Cache), false)
#10 /home/rizcky/git/project.asman/public/index.php(45): CodeIgniter\CodeIgniter->run()
#11 {main}
CRITICAL - 2021-05-29 15:53:37 --> 22 : The requested URL returned error: 500 Internal Server Error
#0 /home/rizcky/git/project.asman/engine/HTTP/CURLRequest.php(821): CodeIgniter\HTTP\Exceptions\HTTPException::forCurlError('22', 'The requested U...')
#1 /home/rizcky/git/project.asman/engine/HTTP/CURLRequest.php(449): CodeIgniter\HTTP\CURLRequest->sendRequest(Array)
#2 /home/rizcky/git/project.asman/engine/HTTP/CURLRequest.php(158): CodeIgniter\HTTP\CURLRequest->send('put', 'http://localhos...')
#3 /home/rizcky/git/project.asman/engine/HTTP/CURLRequest.php(265): CodeIgniter\HTTP\CURLRequest->request('put', 'http://localhos...', Array)
#4 /home/rizcky/git/project.asman/core/Controllers/BaseController.php(57): CodeIgniter\HTTP\CURLRequest->put('http://localhos...', Array)
#5 /home/rizcky/git/project.asman/core/Controllers/FrontpageController.php(14): App\Controllers\BaseController->authenticate(Array)
#6 /home/rizcky/git/project.asman/core/Controllers/FrontpageController.php(26): App\Controllers\FrontpageController->setupCookie()
#7 /home/rizcky/git/project.asman/engine/CodeIgniter.php(918): App\Controllers\FrontpageController->setCookie()
#8 /home/rizcky/git/project.asman/engine/CodeIgniter.php(404): CodeIgniter\CodeIgniter->runController(Object(App\Controllers\FrontpageController))
#9 /home/rizcky/git/project.asman/engine/CodeIgniter.php(312): CodeIgniter\CodeIgniter->handleRequest(NULL, Object(Config\Cache), false)
#10 /home/rizcky/git/project.asman/public/index.php(45): CodeIgniter\CodeIgniter->run()
#11 {main}
CRITICAL - 2021-05-29 15:53:44 --> 22 : The requested URL returned error: 500 Internal Server Error
#0 /home/rizcky/git/project.asman/engine/HTTP/CURLRequest.php(821): CodeIgniter\HTTP\Exceptions\HTTPException::forCurlError('22', 'The requested U...')
#1 /home/rizcky/git/project.asman/engine/HTTP/CURLRequest.php(449): CodeIgniter\HTTP\CURLRequest->sendRequest(Array)
#2 /home/rizcky/git/project.asman/engine/HTTP/CURLRequest.php(158): CodeIgniter\HTTP\CURLRequest->send('put', 'http://localhos...')
#3 /home/rizcky/git/project.asman/engine/HTTP/CURLRequest.php(265): CodeIgniter\HTTP\CURLRequest->request('put', 'http://localhos...', Array)
#4 /home/rizcky/git/project.asman/core/Controllers/BaseController.php(57): CodeIgniter\HTTP\CURLRequest->put('http://localhos...', Array)
#5 /home/rizcky/git/project.asman/core/Controllers/FrontpageController.php(14): App\Controllers\BaseController->authenticate(Array)
#6 /home/rizcky/git/project.asman/core/Controllers/FrontpageController.php(26): App\Controllers\FrontpageController->setupCookie()
#7 /home/rizcky/git/project.asman/engine/CodeIgniter.php(918): App\Controllers\FrontpageController->setCookie()
#8 /home/rizcky/git/project.asman/engine/CodeIgniter.php(404): CodeIgniter\CodeIgniter->runController(Object(App\Controllers\FrontpageController))
#9 /home/rizcky/git/project.asman/engine/CodeIgniter.php(312): CodeIgniter\CodeIgniter->handleRequest(NULL, Object(Config\Cache), false)
#10 /home/rizcky/git/project.asman/public/index.php(45): CodeIgniter\CodeIgniter->run()
#11 {main}
CRITICAL - 2021-05-29 15:53:52 --> 22 : The requested URL returned error: 500 Internal Server Error
#0 /home/rizcky/git/project.asman/engine/HTTP/CURLRequest.php(821): CodeIgniter\HTTP\Exceptions\HTTPException::forCurlError('22', 'The requested U...')
#1 /home/rizcky/git/project.asman/engine/HTTP/CURLRequest.php(449): CodeIgniter\HTTP\CURLRequest->sendRequest(Array)
#2 /home/rizcky/git/project.asman/engine/HTTP/CURLRequest.php(158): CodeIgniter\HTTP\CURLRequest->send('put', 'http://localhos...')
#3 /home/rizcky/git/project.asman/engine/HTTP/CURLRequest.php(265): CodeIgniter\HTTP\CURLRequest->request('put', 'http://localhos...', Array)
#4 /home/rizcky/git/project.asman/core/Controllers/BaseController.php(57): CodeIgniter\HTTP\CURLRequest->put('http://localhos...', Array)
#5 /home/rizcky/git/project.asman/core/Controllers/FrontpageController.php(14): App\Controllers\BaseController->authenticate(Array)
#6 /home/rizcky/git/project.asman/core/Controllers/FrontpageController.php(26): App\Controllers\FrontpageController->setupCookie()
#7 /home/rizcky/git/project.asman/engine/CodeIgniter.php(918): App\Controllers\FrontpageController->setCookie()
#8 /home/rizcky/git/project.asman/engine/CodeIgniter.php(404): CodeIgniter\CodeIgniter->runController(Object(App\Controllers\FrontpageController))
#9 /home/rizcky/git/project.asman/engine/CodeIgniter.php(312): CodeIgniter\CodeIgniter->handleRequest(NULL, Object(Config\Cache), false)
#10 /home/rizcky/git/project.asman/public/index.php(45): CodeIgniter\CodeIgniter->run()
#11 {main}
CRITICAL - 2021-05-29 15:54:41 --> 22 : The requested URL returned error: 404 Not Found
#0 /home/rizcky/git/project.asman/engine/HTTP/CURLRequest.php(821): CodeIgniter\HTTP\Exceptions\HTTPException::forCurlError('22', 'The requested U...')
#1 /home/rizcky/git/project.asman/engine/HTTP/CURLRequest.php(449): CodeIgniter\HTTP\CURLRequest->sendRequest(Array)
#2 /home/rizcky/git/project.asman/engine/HTTP/CURLRequest.php(158): CodeIgniter\HTTP\CURLRequest->send('put', 'http://localhos...')
#3 /home/rizcky/git/project.asman/engine/HTTP/CURLRequest.php(265): CodeIgniter\HTTP\CURLRequest->request('put', 'http://localhos...', Array)
#4 /home/rizcky/git/project.asman/core/Controllers/BaseController.php(57): CodeIgniter\HTTP\CURLRequest->put('http://localhos...', Array)
#5 /home/rizcky/git/project.asman/core/Controllers/FrontpageController.php(14): App\Controllers\BaseController->authenticate(Array)
#6 /home/rizcky/git/project.asman/core/Controllers/FrontpageController.php(26): App\Controllers\FrontpageController->setupCookie()
#7 /home/rizcky/git/project.asman/engine/CodeIgniter.php(918): App\Controllers\FrontpageController->setCookie()
#8 /home/rizcky/git/project.asman/engine/CodeIgniter.php(404): CodeIgniter\CodeIgniter->runController(Object(App\Controllers\FrontpageController))
#9 /home/rizcky/git/project.asman/engine/CodeIgniter.php(312): CodeIgniter\CodeIgniter->handleRequest(NULL, Object(Config\Cache), false)
#10 /home/rizcky/git/project.asman/public/index.php(45): CodeIgniter\CodeIgniter->run()
#11 {main}
CRITICAL - 2021-05-29 18:43:21 --> 22 : The requested URL returned error: 404 Not Found
#0 /home/rizcky/git/project.asman/engine/HTTP/CURLRequest.php(821): CodeIgniter\HTTP\Exceptions\HTTPException::forCurlError('22', 'The requested U...')
#1 /home/rizcky/git/project.asman/engine/HTTP/CURLRequest.php(449): CodeIgniter\HTTP\CURLRequest->sendRequest(Array)
#2 /home/rizcky/git/project.asman/engine/HTTP/CURLRequest.php(158): CodeIgniter\HTTP\CURLRequest->send('put', 'http://localhos...')
#3 /home/rizcky/git/project.asman/engine/HTTP/CURLRequest.php(265): CodeIgniter\HTTP\CURLRequest->request('put', 'http://localhos...', Array)
#4 /home/rizcky/git/project.asman/core/Controllers/DashboardController.php(66): CodeIgniter\HTTP\CURLRequest->put('http://localhos...', Array)
#5 /home/rizcky/git/project.asman/engine/CodeIgniter.php(918): App\Controllers\DashboardController->displayDashboard('welcome')
#6 /home/rizcky/git/project.asman/engine/CodeIgniter.php(404): CodeIgniter\CodeIgniter->runController(Object(App\Controllers\DashboardController))
#7 /home/rizcky/git/project.asman/engine/CodeIgniter.php(312): CodeIgniter\CodeIgniter->handleRequest(NULL, Object(Config\Cache), false)
#8 /home/rizcky/git/project.asman/public/index.php(45): CodeIgniter\CodeIgniter->run()
#9 {main}
CRITICAL - 2021-05-29 19:27:47 --> 22 : The requested URL returned error: 404 Not Found
#0 /home/rizcky/git/project.asman/engine/HTTP/CURLRequest.php(821): CodeIgniter\HTTP\Exceptions\HTTPException::forCurlError('22', 'The requested U...')
#1 /home/rizcky/git/project.asman/engine/HTTP/CURLRequest.php(449): CodeIgniter\HTTP\CURLRequest->sendRequest(Array)
#2 /home/rizcky/git/project.asman/engine/HTTP/CURLRequest.php(158): CodeIgniter\HTTP\CURLRequest->send('put', 'http://localhos...')
#3 /home/rizcky/git/project.asman/engine/HTTP/CURLRequest.php(265): CodeIgniter\HTTP\CURLRequest->request('put', 'http://localhos...', Array)
#4 /home/rizcky/git/project.asman/core/Controllers/DashboardController.php(73): CodeIgniter\HTTP\CURLRequest->put('http://localhos...', Array)
#5 /home/rizcky/git/project.asman/engine/CodeIgniter.php(918): App\Controllers\DashboardController->displayDashboard('welcome')
#6 /home/rizcky/git/project.asman/engine/CodeIgniter.php(404): CodeIgniter\CodeIgniter->runController(Object(App\Controllers\DashboardController))
#7 /home/rizcky/git/project.asman/engine/CodeIgniter.php(312): CodeIgniter\CodeIgniter->handleRequest(NULL, Object(Config\Cache), false)
#8 /home/rizcky/git/project.asman/public/index.php(45): CodeIgniter\CodeIgniter->run()
#9 {main}
