CRITICAL - 2021-06-04 09:13:00 --> Call to undefined function App\Controllers\get_cookie()
#0 /home/rizcky/git/project.asman/core/Controllers/FrontendRequestController.php(27): App\Controllers\BaseController->dataRequest(Array)
#1 /home/rizcky/git/project.asman/engine/CodeIgniter.php(918): App\Controllers\FrontendRequestController->ajaxRequest()
#2 /home/rizcky/git/project.asman/engine/CodeIgniter.php(404): CodeIgniter\CodeIgniter->runController(Object(App\Controllers\FrontendRequestController))
#3 /home/rizcky/git/project.asman/engine/CodeIgniter.php(312): CodeIgniter\CodeIgniter->handleRequest(NULL, Object(Config\Cache), false)
#4 /home/rizcky/git/project.asman/public/index.php(45): CodeIgniter\CodeIgniter->run()
#5 {main}
CRITICAL - 2021-06-04 09:20:33 --> Call to undefined function App\Controllers\get_cookie()
#0 /home/rizcky/git/project.asman/core/Controllers/FrontendRequestController.php(27): App\Controllers\BaseController->dataRequest(Array)
#1 /home/rizcky/git/project.asman/engine/CodeIgniter.php(918): App\Controllers\FrontendRequestController->ajaxRequest()
#2 /home/rizcky/git/project.asman/engine/CodeIgniter.php(404): CodeIgniter\CodeIgniter->runController(Object(App\Controllers\FrontendRequestController))
#3 /home/rizcky/git/project.asman/engine/CodeIgniter.php(312): CodeIgniter\CodeIgniter->handleRequest(NULL, Object(Config\Cache), false)
#4 /home/rizcky/git/project.asman/public/index.php(45): CodeIgniter\CodeIgniter->run()
#5 {main}
CRITICAL - 2021-06-04 09:21:49 --> Call to undefined function App\Controllers\get_cookie()
#0 /home/rizcky/git/project.asman/core/Controllers/FrontendRequestController.php(27): App\Controllers\BaseController->dataRequest(Array)
#1 /home/rizcky/git/project.asman/engine/CodeIgniter.php(918): App\Controllers\FrontendRequestController->ajaxRequest()
#2 /home/rizcky/git/project.asman/engine/CodeIgniter.php(404): CodeIgniter\CodeIgniter->runController(Object(App\Controllers\FrontendRequestController))
#3 /home/rizcky/git/project.asman/engine/CodeIgniter.php(312): CodeIgniter\CodeIgniter->handleRequest(NULL, Object(Config\Cache), false)
#4 /home/rizcky/git/project.asman/public/index.php(45): CodeIgniter\CodeIgniter->run()
#5 {main}
CRITICAL - 2021-06-04 09:21:57 --> Call to undefined function App\Controllers\get_cookie()
#0 /home/rizcky/git/project.asman/core/Controllers/FrontendRequestController.php(27): App\Controllers\BaseController->dataRequest(Array)
#1 /home/rizcky/git/project.asman/engine/CodeIgniter.php(918): App\Controllers\FrontendRequestController->ajaxRequest()
#2 /home/rizcky/git/project.asman/engine/CodeIgniter.php(404): CodeIgniter\CodeIgniter->runController(Object(App\Controllers\FrontendRequestController))
#3 /home/rizcky/git/project.asman/engine/CodeIgniter.php(312): CodeIgniter\CodeIgniter->handleRequest(NULL, Object(Config\Cache), false)
#4 /home/rizcky/git/project.asman/public/index.php(45): CodeIgniter\CodeIgniter->run()
#5 {main}
CRITICAL - 2021-06-04 09:23:08 --> Call to undefined function App\Controllers\get_cookie()
#0 /home/rizcky/git/project.asman/core/Controllers/FrontendRequestController.php(27): App\Controllers\BaseController->dataRequest(Array)
#1 /home/rizcky/git/project.asman/engine/CodeIgniter.php(918): App\Controllers\FrontendRequestController->ajaxRequest()
#2 /home/rizcky/git/project.asman/engine/CodeIgniter.php(404): CodeIgniter\CodeIgniter->runController(Object(App\Controllers\FrontendRequestController))
#3 /home/rizcky/git/project.asman/engine/CodeIgniter.php(312): CodeIgniter\CodeIgniter->handleRequest(NULL, Object(Config\Cache), false)
#4 /home/rizcky/git/project.asman/public/index.php(45): CodeIgniter\CodeIgniter->run()
#5 {main}
CRITICAL - 2021-06-04 09:26:52 --> Call to undefined function App\Controllers\get_cookie()
#0 /home/rizcky/git/project.asman/core/Controllers/FrontendRequestController.php(28): App\Controllers\BaseController->dataRequest(Array)
#1 /home/rizcky/git/project.asman/engine/CodeIgniter.php(918): App\Controllers\FrontendRequestController->ajaxRequest()
#2 /home/rizcky/git/project.asman/engine/CodeIgniter.php(404): CodeIgniter\CodeIgniter->runController(Object(App\Controllers\FrontendRequestController))
#3 /home/rizcky/git/project.asman/engine/CodeIgniter.php(312): CodeIgniter\CodeIgniter->handleRequest(NULL, Object(Config\Cache), false)
#4 /home/rizcky/git/project.asman/public/index.php(45): CodeIgniter\CodeIgniter->run()
#5 {main}
CRITICAL - 2021-06-04 09:27:34 --> syntax error, unexpected 'break' (T_BREAK)
#0 /home/rizcky/git/project.asman/engine/Autoloader/Autoloader.php(296): CodeIgniter\Autoloader\Autoloader->requireFile('/home/rizcky/gi...')
#1 /home/rizcky/git/project.asman/engine/Autoloader/Autoloader.php(258): CodeIgniter\Autoloader\Autoloader->loadInNamespace('App\\Controllers...')
#2 [internal function]: CodeIgniter\Autoloader\Autoloader->loadClass('App\\Controllers...')
#3 [internal function]: spl_autoload_call('App\\Controllers...')
#4 /home/rizcky/git/project.asman/engine/CodeIgniter.php(869): class_exists('\\App\\Controller...', true)
#5 /home/rizcky/git/project.asman/engine/CodeIgniter.php(394): CodeIgniter\CodeIgniter->startController()
#6 /home/rizcky/git/project.asman/engine/CodeIgniter.php(312): CodeIgniter\CodeIgniter->handleRequest(NULL, Object(Config\Cache), false)
#7 /home/rizcky/git/project.asman/public/index.php(45): CodeIgniter\CodeIgniter->run()
#8 {main}
CRITICAL - 2021-06-04 09:27:45 --> Call to undefined function App\Controllers\get_cookie()
#0 /home/rizcky/git/project.asman/core/Controllers/FrontendRequestController.php(30): App\Controllers\BaseController->dataRequest(Array)
#1 /home/rizcky/git/project.asman/engine/CodeIgniter.php(918): App\Controllers\FrontendRequestController->ajaxRequest()
#2 /home/rizcky/git/project.asman/engine/CodeIgniter.php(404): CodeIgniter\CodeIgniter->runController(Object(App\Controllers\FrontendRequestController))
#3 /home/rizcky/git/project.asman/engine/CodeIgniter.php(312): CodeIgniter\CodeIgniter->handleRequest(NULL, Object(Config\Cache), false)
#4 /home/rizcky/git/project.asman/public/index.php(45): CodeIgniter\CodeIgniter->run()
#5 {main}
CRITICAL - 2021-06-04 09:28:02 --> Call to undefined function App\Controllers\get_cookie()
#0 /home/rizcky/git/project.asman/core/Controllers/FrontendRequestController.php(30): App\Controllers\BaseController->dataRequest(Array)
#1 /home/rizcky/git/project.asman/engine/CodeIgniter.php(918): App\Controllers\FrontendRequestController->ajaxRequest()
#2 /home/rizcky/git/project.asman/engine/CodeIgniter.php(404): CodeIgniter\CodeIgniter->runController(Object(App\Controllers\FrontendRequestController))
#3 /home/rizcky/git/project.asman/engine/CodeIgniter.php(312): CodeIgniter\CodeIgniter->handleRequest(NULL, Object(Config\Cache), false)
#4 /home/rizcky/git/project.asman/public/index.php(45): CodeIgniter\CodeIgniter->run()
#5 {main}
CRITICAL - 2021-06-04 09:28:11 --> Call to undefined function App\Controllers\get_cookie()
#0 /home/rizcky/git/project.asman/core/Controllers/FrontendRequestController.php(30): App\Controllers\BaseController->dataRequest(Array)
#1 /home/rizcky/git/project.asman/engine/CodeIgniter.php(918): App\Controllers\FrontendRequestController->ajaxRequest()
#2 /home/rizcky/git/project.asman/engine/CodeIgniter.php(404): CodeIgniter\CodeIgniter->runController(Object(App\Controllers\FrontendRequestController))
#3 /home/rizcky/git/project.asman/engine/CodeIgniter.php(312): CodeIgniter\CodeIgniter->handleRequest(NULL, Object(Config\Cache), false)
#4 /home/rizcky/git/project.asman/public/index.php(45): CodeIgniter\CodeIgniter->run()
#5 {main}
CRITICAL - 2021-06-04 09:28:56 --> Call to undefined function App\Controllers\get_cookie()
#0 /home/rizcky/git/project.asman/core/Controllers/FrontendRequestController.php(30): App\Controllers\BaseController->dataRequest(Array)
#1 /home/rizcky/git/project.asman/engine/CodeIgniter.php(918): App\Controllers\FrontendRequestController->ajaxRequest()
#2 /home/rizcky/git/project.asman/engine/CodeIgniter.php(404): CodeIgniter\CodeIgniter->runController(Object(App\Controllers\FrontendRequestController))
#3 /home/rizcky/git/project.asman/engine/CodeIgniter.php(312): CodeIgniter\CodeIgniter->handleRequest(NULL, Object(Config\Cache), false)
#4 /home/rizcky/git/project.asman/public/index.php(45): CodeIgniter\CodeIgniter->run()
#5 {main}
CRITICAL - 2021-06-04 09:29:44 --> Call to undefined function App\Controllers\get_cookie()
#0 /home/rizcky/git/project.asman/core/Controllers/FrontendRequestController.php(30): App\Controllers\BaseController->dataRequest(Array)
#1 /home/rizcky/git/project.asman/engine/CodeIgniter.php(918): App\Controllers\FrontendRequestController->ajaxRequest()
#2 /home/rizcky/git/project.asman/engine/CodeIgniter.php(404): CodeIgniter\CodeIgniter->runController(Object(App\Controllers\FrontendRequestController))
#3 /home/rizcky/git/project.asman/engine/CodeIgniter.php(312): CodeIgniter\CodeIgniter->handleRequest(NULL, Object(Config\Cache), false)
#4 /home/rizcky/git/project.asman/public/index.php(45): CodeIgniter\CodeIgniter->run()
#5 {main}
CRITICAL - 2021-06-04 09:30:39 --> Call to undefined function App\Controllers\get_cookie()
#0 /home/rizcky/git/project.asman/core/Controllers/FrontendRequestController.php(30): App\Controllers\BaseController->dataRequest(Array)
#1 /home/rizcky/git/project.asman/engine/CodeIgniter.php(918): App\Controllers\FrontendRequestController->ajaxRequest()
#2 /home/rizcky/git/project.asman/engine/CodeIgniter.php(404): CodeIgniter\CodeIgniter->runController(Object(App\Controllers\FrontendRequestController))
#3 /home/rizcky/git/project.asman/engine/CodeIgniter.php(312): CodeIgniter\CodeIgniter->handleRequest(NULL, Object(Config\Cache), false)
#4 /home/rizcky/git/project.asman/public/index.php(45): CodeIgniter\CodeIgniter->run()
#5 {main}
CRITICAL - 2021-06-04 09:34:40 --> Call to undefined function App\Controllers\get_cookie()
#0 /home/rizcky/git/project.asman/core/Controllers/FrontendRequestController.php(38): App\Controllers\BaseController->dataRequest(Array)
#1 /home/rizcky/git/project.asman/engine/CodeIgniter.php(918): App\Controllers\FrontendRequestController->ajaxRequest()
#2 /home/rizcky/git/project.asman/engine/CodeIgniter.php(404): CodeIgniter\CodeIgniter->runController(Object(App\Controllers\FrontendRequestController))
#3 /home/rizcky/git/project.asman/engine/CodeIgniter.php(312): CodeIgniter\CodeIgniter->handleRequest(NULL, Object(Config\Cache), false)
#4 /home/rizcky/git/project.asman/public/index.php(45): CodeIgniter\CodeIgniter->run()
#5 {main}
CRITICAL - 2021-06-04 09:35:01 --> Call to undefined function App\Controllers\get_cookie()
#0 /home/rizcky/git/project.asman/core/Controllers/FrontendRequestController.php(38): App\Controllers\BaseController->dataRequest(Array)
#1 /home/rizcky/git/project.asman/engine/CodeIgniter.php(918): App\Controllers\FrontendRequestController->ajaxRequest()
#2 /home/rizcky/git/project.asman/engine/CodeIgniter.php(404): CodeIgniter\CodeIgniter->runController(Object(App\Controllers\FrontendRequestController))
#3 /home/rizcky/git/project.asman/engine/CodeIgniter.php(312): CodeIgniter\CodeIgniter->handleRequest(NULL, Object(Config\Cache), false)
#4 /home/rizcky/git/project.asman/public/index.php(45): CodeIgniter\CodeIgniter->run()
#5 {main}
CRITICAL - 2021-06-04 09:42:00 --> Call to undefined function App\Controllers\get_cookie()
#0 /home/rizcky/git/project.asman/core/Controllers/FrontendRequestController.php(38): App\Controllers\BaseController->dataRequest(Array)
#1 /home/rizcky/git/project.asman/engine/CodeIgniter.php(918): App\Controllers\FrontendRequestController->ajaxRequest()
#2 /home/rizcky/git/project.asman/engine/CodeIgniter.php(404): CodeIgniter\CodeIgniter->runController(Object(App\Controllers\FrontendRequestController))
#3 /home/rizcky/git/project.asman/engine/CodeIgniter.php(312): CodeIgniter\CodeIgniter->handleRequest(NULL, Object(Config\Cache), false)
#4 /home/rizcky/git/project.asman/public/index.php(45): CodeIgniter\CodeIgniter->run()
#5 {main}
CRITICAL - 2021-06-04 09:42:29 --> Call to undefined function App\Controllers\get_cookie()
#0 /home/rizcky/git/project.asman/core/Controllers/FrontendRequestController.php(38): App\Controllers\BaseController->dataRequest(Array)
#1 /home/rizcky/git/project.asman/engine/CodeIgniter.php(918): App\Controllers\FrontendRequestController->ajaxRequest()
#2 /home/rizcky/git/project.asman/engine/CodeIgniter.php(404): CodeIgniter\CodeIgniter->runController(Object(App\Controllers\FrontendRequestController))
#3 /home/rizcky/git/project.asman/engine/CodeIgniter.php(312): CodeIgniter\CodeIgniter->handleRequest(NULL, Object(Config\Cache), false)
#4 /home/rizcky/git/project.asman/public/index.php(45): CodeIgniter\CodeIgniter->run()
#5 {main}
CRITICAL - 2021-06-04 09:42:51 --> Call to undefined function App\Controllers\get_cookie()
#0 /home/rizcky/git/project.asman/engine/CodeIgniter.php(918): App\Controllers\FrontendRequestController->ajaxRequest()
#1 /home/rizcky/git/project.asman/engine/CodeIgniter.php(404): CodeIgniter\CodeIgniter->runController(Object(App\Controllers\FrontendRequestController))
#2 /home/rizcky/git/project.asman/engine/CodeIgniter.php(312): CodeIgniter\CodeIgniter->handleRequest(NULL, Object(Config\Cache), false)
#3 /home/rizcky/git/project.asman/public/index.php(45): CodeIgniter\CodeIgniter->run()
#4 {main}
CRITICAL - 2021-06-04 10:21:37 --> include(header.php): failed to open stream: No such file or directory
#0 /home/rizcky/git/project.asman/core/Views/dashboard/location/main.php(1): CodeIgniter\Debug\Exceptions->errorHandler(2, 'include(header....', '/home/rizcky/gi...', 1, Array)
#1 /home/rizcky/git/project.asman/core/Views/dashboard/location/main.php(1): include()
#2 /home/rizcky/git/project.asman/engine/View/View.php(246): include('/home/rizcky/gi...')
#3 /home/rizcky/git/project.asman/engine/Common.php(1119): CodeIgniter\View\View->render('dashboard/locat...', Array, true)
#4 /home/rizcky/git/project.asman/core/Controllers/DashboardController.php(136): view('dashboard/locat...', Array)
#5 /home/rizcky/git/project.asman/engine/CodeIgniter.php(918): App\Controllers\DashboardController->displayDashboard('location')
#6 /home/rizcky/git/project.asman/engine/CodeIgniter.php(404): CodeIgniter\CodeIgniter->runController(Object(App\Controllers\DashboardController))
#7 /home/rizcky/git/project.asman/engine/CodeIgniter.php(312): CodeIgniter\CodeIgniter->handleRequest(NULL, Object(Config\Cache), false)
#8 /home/rizcky/git/project.asman/public/index.php(45): CodeIgniter\CodeIgniter->run()
#9 {main}
CRITICAL - 2021-06-04 10:22:05 --> include(/home/rizcky/git/project.asman/core/Views/dashboard/location../header.php): failed to open stream: No such file or directory
#0 /home/rizcky/git/project.asman/core/Views/dashboard/location/main.php(1): CodeIgniter\Debug\Exceptions->errorHandler(2, 'include(/home/r...', '/home/rizcky/gi...', 1, Array)
#1 /home/rizcky/git/project.asman/core/Views/dashboard/location/main.php(1): include()
#2 /home/rizcky/git/project.asman/engine/View/View.php(246): include('/home/rizcky/gi...')
#3 /home/rizcky/git/project.asman/engine/Common.php(1119): CodeIgniter\View\View->render('dashboard/locat...', Array, true)
#4 /home/rizcky/git/project.asman/core/Controllers/DashboardController.php(136): view('dashboard/locat...', Array)
#5 /home/rizcky/git/project.asman/engine/CodeIgniter.php(918): App\Controllers\DashboardController->displayDashboard('location')
#6 /home/rizcky/git/project.asman/engine/CodeIgniter.php(404): CodeIgniter\CodeIgniter->runController(Object(App\Controllers\DashboardController))
#7 /home/rizcky/git/project.asman/engine/CodeIgniter.php(312): CodeIgniter\CodeIgniter->handleRequest(NULL, Object(Config\Cache), false)
#8 /home/rizcky/git/project.asman/public/index.php(45): CodeIgniter\CodeIgniter->run()
#9 {main}
CRITICAL - 2021-06-04 20:29:29 --> 22 : The requested URL returned error: 500 Internal Server Error
#0 /home/rizcky/git/project.asman/engine/HTTP/CURLRequest.php(821): CodeIgniter\HTTP\Exceptions\HTTPException::forCurlError('22', 'The requested U...')
#1 /home/rizcky/git/project.asman/engine/HTTP/CURLRequest.php(449): CodeIgniter\HTTP\CURLRequest->sendRequest(Array)
#2 /home/rizcky/git/project.asman/engine/HTTP/CURLRequest.php(158): CodeIgniter\HTTP\CURLRequest->send('put', 'http://localhos...')
#3 /home/rizcky/git/project.asman/engine/HTTP/CURLRequest.php(265): CodeIgniter\HTTP\CURLRequest->request('put', 'http://localhos...', Array)
#4 /home/rizcky/git/project.asman/core/Controllers/BaseController.php(77): CodeIgniter\HTTP\CURLRequest->put('http://localhos...', Array)
#5 /home/rizcky/git/project.asman/core/Controllers/FrontendRequestController.php(47): App\Controllers\BaseController->dataRequest(Array)
#6 /home/rizcky/git/project.asman/engine/CodeIgniter.php(918): App\Controllers\FrontendRequestController->ajaxRequest()
#7 /home/rizcky/git/project.asman/engine/CodeIgniter.php(404): CodeIgniter\CodeIgniter->runController(Object(App\Controllers\FrontendRequestController))
#8 /home/rizcky/git/project.asman/engine/CodeIgniter.php(312): CodeIgniter\CodeIgniter->handleRequest(NULL, Object(Config\Cache), false)
#9 /home/rizcky/git/project.asman/public/index.php(45): CodeIgniter\CodeIgniter->run()
#10 {main}
