CRITICAL - 2021-10-22 22:31:54 --> Undefined variable: json
#0 /home/fmkiddo/git/project.asman/core/Controllers/FrontpageController.php(69): CodeIgniter\Debug\Exceptions->errorHandler(8, 'Undefined varia...', '/home/fmkiddo/g...', 69, Array)
#1 /home/fmkiddo/git/project.asman/engine/CodeIgniter.php(918): App\Controllers\FrontpageController->doClientAuthentication()
#2 /home/fmkiddo/git/project.asman/engine/CodeIgniter.php(404): CodeIgniter\CodeIgniter->runController(Object(App\Controllers\FrontpageController))
#3 /home/fmkiddo/git/project.asman/engine/CodeIgniter.php(312): CodeIgniter\CodeIgniter->handleRequest(NULL, Object(Config\Cache), false)
#4 /home/fmkiddo/git/project.asman/public/index.php(45): CodeIgniter\CodeIgniter->run()
#5 {main}
CRITICAL - 2021-10-22 23:12:51 --> syntax error, unexpected 'return' (T_RETURN)
#0 /home/fmkiddo/git/project.asman/engine/Autoloader/Autoloader.php(296): CodeIgniter\Autoloader\Autoloader->requireFile('/home/fmkiddo/g...')
#1 /home/fmkiddo/git/project.asman/engine/Autoloader/Autoloader.php(258): CodeIgniter\Autoloader\Autoloader->loadInNamespace('App\\Controllers...')
#2 [internal function]: CodeIgniter\Autoloader\Autoloader->loadClass('App\\Controllers...')
#3 [internal function]: spl_autoload_call('App\\Controllers...')
#4 /home/fmkiddo/git/project.asman/engine/CodeIgniter.php(869): class_exists('\\App\\Controller...', true)
#5 /home/fmkiddo/git/project.asman/engine/CodeIgniter.php(394): CodeIgniter\CodeIgniter->startController()
#6 /home/fmkiddo/git/project.asman/engine/CodeIgniter.php(312): CodeIgniter\CodeIgniter->handleRequest(NULL, Object(Config\Cache), false)
#7 /home/fmkiddo/git/project.asman/public/index.php(45): CodeIgniter\CodeIgniter->run()
#8 {main}
CRITICAL - 2021-10-22 23:13:01 --> syntax error, unexpected '$this' (T_VARIABLE)
#0 /home/fmkiddo/git/project.asman/engine/Autoloader/Autoloader.php(296): CodeIgniter\Autoloader\Autoloader->requireFile('/home/fmkiddo/g...')
#1 /home/fmkiddo/git/project.asman/engine/Autoloader/Autoloader.php(258): CodeIgniter\Autoloader\Autoloader->loadInNamespace('App\\Controllers...')
#2 [internal function]: CodeIgniter\Autoloader\Autoloader->loadClass('App\\Controllers...')
#3 [internal function]: spl_autoload_call('App\\Controllers...')
#4 /home/fmkiddo/git/project.asman/engine/CodeIgniter.php(869): class_exists('\\App\\Controller...', true)
#5 /home/fmkiddo/git/project.asman/engine/CodeIgniter.php(394): CodeIgniter\CodeIgniter->startController()
#6 /home/fmkiddo/git/project.asman/engine/CodeIgniter.php(312): CodeIgniter\CodeIgniter->handleRequest(NULL, Object(Config\Cache), false)
#7 /home/fmkiddo/git/project.asman/public/index.php(45): CodeIgniter\CodeIgniter->run()
#8 {main}
