CRITICAL - 2021-09-08 08:45:05 --> Undefined index: pagedata
#0 /home/fmkiddo/git/project.asman/core/Controllers/DashboardController.php(279): CodeIgniter\Debug\Exceptions->errorHandler(8, 'Undefined index...', '/home/fmkiddo/g...', 279, Array)
#1 /home/fmkiddo/git/project.asman/engine/CodeIgniter.php(918): App\Controllers\DashboardController->displayDashboard('masteruser-newf...')
#2 /home/fmkiddo/git/project.asman/engine/CodeIgniter.php(404): CodeIgniter\CodeIgniter->runController(Object(App\Controllers\DashboardController))
#3 /home/fmkiddo/git/project.asman/engine/CodeIgniter.php(312): CodeIgniter\CodeIgniter->handleRequest(NULL, Object(Config\Cache), false)
#4 /home/fmkiddo/git/project.asman/public/index.php(45): CodeIgniter\CodeIgniter->run()
#5 {main}
CRITICAL - 2021-09-08 08:45:24 --> Undefined index: pagedata
#0 /home/fmkiddo/git/project.asman/core/Controllers/DashboardController.php(279): CodeIgniter\Debug\Exceptions->errorHandler(8, 'Undefined index...', '/home/fmkiddo/g...', 279, Array)
#1 /home/fmkiddo/git/project.asman/engine/CodeIgniter.php(918): App\Controllers\DashboardController->displayDashboard('masteruser-newf...')
#2 /home/fmkiddo/git/project.asman/engine/CodeIgniter.php(404): CodeIgniter\CodeIgniter->runController(Object(App\Controllers\DashboardController))
#3 /home/fmkiddo/git/project.asman/engine/CodeIgniter.php(312): CodeIgniter\CodeIgniter->handleRequest(NULL, Object(Config\Cache), false)
#4 /home/fmkiddo/git/project.asman/public/index.php(45): CodeIgniter\CodeIgniter->run()
#5 {main}
CRITICAL - 2021-09-08 08:46:31 --> count(): Parameter must be an array or an object that implements Countable
#0 [internal function]: CodeIgniter\Debug\Exceptions->errorHandler(2, 'count(): Parame...', '/home/fmkiddo/g...', 280, Array)
#1 /home/fmkiddo/git/project.asman/core/Controllers/DashboardController.php(280): count('')
#2 /home/fmkiddo/git/project.asman/engine/CodeIgniter.php(918): App\Controllers\DashboardController->displayDashboard('masteruser-newf...')
#3 /home/fmkiddo/git/project.asman/engine/CodeIgniter.php(404): CodeIgniter\CodeIgniter->runController(Object(App\Controllers\DashboardController))
#4 /home/fmkiddo/git/project.asman/engine/CodeIgniter.php(312): CodeIgniter\CodeIgniter->handleRequest(NULL, Object(Config\Cache), false)
#5 /home/fmkiddo/git/project.asman/public/index.php(45): CodeIgniter\CodeIgniter->run()
#6 {main}
CRITICAL - 2021-09-08 11:06:49 --> Undefined index: pagedata
#0 /home/fmkiddo/git/project.asman/core/Controllers/DashboardController.php(280): CodeIgniter\Debug\Exceptions->errorHandler(8, 'Undefined index...', '/home/fmkiddo/g...', 280, Array)
#1 /home/fmkiddo/git/project.asman/engine/CodeIgniter.php(918): App\Controllers\DashboardController->displayDashboard('masteruser-edit')
#2 /home/fmkiddo/git/project.asman/engine/CodeIgniter.php(404): CodeIgniter\CodeIgniter->runController(Object(App\Controllers\DashboardController))
#3 /home/fmkiddo/git/project.asman/engine/CodeIgniter.php(312): CodeIgniter\CodeIgniter->handleRequest(NULL, Object(Config\Cache), false)
#4 /home/fmkiddo/git/project.asman/public/index.php(45): CodeIgniter\CodeIgniter->run()
#5 {main}
CRITICAL - 2021-09-08 11:20:54 --> Undefined index: pagedata
#0 /home/fmkiddo/git/project.asman/core/Controllers/DashboardController.php(280): CodeIgniter\Debug\Exceptions->errorHandler(8, 'Undefined index...', '/home/fmkiddo/g...', 280, Array)
#1 /home/fmkiddo/git/project.asman/engine/CodeIgniter.php(918): App\Controllers\DashboardController->displayDashboard('masteruser-edit')
#2 /home/fmkiddo/git/project.asman/engine/CodeIgniter.php(404): CodeIgniter\CodeIgniter->runController(Object(App\Controllers\DashboardController))
#3 /home/fmkiddo/git/project.asman/engine/CodeIgniter.php(312): CodeIgniter\CodeIgniter->handleRequest(NULL, Object(Config\Cache), false)
#4 /home/fmkiddo/git/project.asman/public/index.php(45): CodeIgniter\CodeIgniter->run()
#5 {main}
CRITICAL - 2021-09-08 11:21:05 --> Undefined index: pagedata
#0 /home/fmkiddo/git/project.asman/core/Controllers/DashboardController.php(280): CodeIgniter\Debug\Exceptions->errorHandler(8, 'Undefined index...', '/home/fmkiddo/g...', 280, Array)
#1 /home/fmkiddo/git/project.asman/engine/CodeIgniter.php(918): App\Controllers\DashboardController->displayDashboard('masteruser-edit')
#2 /home/fmkiddo/git/project.asman/engine/CodeIgniter.php(404): CodeIgniter\CodeIgniter->runController(Object(App\Controllers\DashboardController))
#3 /home/fmkiddo/git/project.asman/engine/CodeIgniter.php(312): CodeIgniter\CodeIgniter->handleRequest(NULL, Object(Config\Cache), false)
#4 /home/fmkiddo/git/project.asman/public/index.php(45): CodeIgniter\CodeIgniter->run()
#5 {main}
